This file contains any messages produced by compilers while
running configure, to aid debugging if configure makes a mistake.

It was created by RASPA configure 2.0, which was
generated by GNU Autoconf 2.69.  Invocation command line was

  $ ./configure --prefix=/home/ys/Research/simulations/

## --------- ##
## Platform. ##
## --------- ##

hostname = psid00
uname -m = x86_64
uname -r = 3.10.0-1062.el7.x86_64
uname -s = Linux
uname -v = #1 SMP Wed Aug 7 18:08:02 UTC 2019

/usr/bin/uname -p = x86_64
/bin/uname -X     = unknown

/bin/arch              = x86_64
/usr/bin/arch -k       = unknown
/usr/convex/getsysinfo = unknown
/usr/bin/hostinfo      = unknown
/bin/machine           = unknown
/usr/bin/oslevel       = unknown
/bin/universe          = unknown

PATH: /home/ansys_inc/apprun
PATH: .
PATH: /home/ansys_inc/apprun
PATH: .
PATH: /usr/lib64/qt-3.3/bin
PATH: /usr/torque/sbin
PATH: /usr/torque/bin
PATH: /usr/local/jspcmds
PATH: .
PATH: /home/ys
PATH: /usr/local/anaconda3/condabin
PATH: /usr/local/bin
PATH: /usr/bin
PATH: /usr/local/sbin
PATH: /usr/sbin
PATH: /opt/ibutils/bin
PATH: /opt/dell/srvadmin/bin


## ----------- ##
## Core tests. ##
## ----------- ##

configure:2470: checking for a BSD-compatible install
configure:2538: result: /usr/bin/install -c
configure:2549: checking whether build environment is sane
configure:2604: result: yes
configure:2755: checking for a thread-safe mkdir -p
configure:2794: result: /usr/bin/mkdir -p
configure:2801: checking for gawk
configure:2817: found /usr/bin/gawk
configure:2828: result: gawk
configure:2839: checking whether make sets $(MAKE)
configure:2861: result: yes
configure:2890: checking whether make supports nested variables
configure:2907: result: yes
configure:3004: checking for style of include used by make
configure:3032: result: GNU
configure:3103: checking for gcc
configure:3119: found /usr/bin/gcc
configure:3130: result: gcc
configure:3359: checking for C compiler version
configure:3368: gcc --version >&5
gcc (GCC) 4.8.5 20150623 (Red Hat 4.8.5-44)
Copyright (C) 2015 Free Software Foundation, Inc.
This is free software; see the source for copying conditions.  There is NO
warranty; not even for MERCHANTABILITY or FITNESS FOR A PARTICULAR PURPOSE.

configure:3379: $? = 0
configure:3368: gcc -v >&5
Using built-in specs.
COLLECT_GCC=gcc
COLLECT_LTO_WRAPPER=/usr/libexec/gcc/x86_64-redhat-linux/4.8.5/lto-wrapper
Target: x86_64-redhat-linux
Configured with: ../configure --prefix=/usr --mandir=/usr/share/man --infodir=/usr/share/info --with-bugurl=http://bugzilla.redhat.com/bugzilla --enable-bootstrap --enable-shared --enable-threads=posix --enable-checking=release --with-system-zlib --enable-__cxa_atexit --disable-libunwind-exceptions --enable-gnu-unique-object --enable-linker-build-id --with-linker-hash-style=gnu --enable-languages=c,c++,objc,obj-c++,java,fortran,ada,go,lto --enable-plugin --enable-initfini-array --disable-libgcj --with-isl=/builddir/build/BUILD/gcc-4.8.5-20150702/obj-x86_64-redhat-linux/isl-install --with-cloog=/builddir/build/BUILD/gcc-4.8.5-20150702/obj-x86_64-redhat-linux/cloog-install --enable-gnu-indirect-function --with-tune=generic --with-arch_32=x86-64 --build=x86_64-redhat-linux
Thread model: posix
gcc version 4.8.5 20150623 (Red Hat 4.8.5-44) (GCC) 
configure:3379: $? = 0
configure:3368: gcc -V >&5
gcc: error: unrecognized command line option '-V'
gcc: fatal error: no input files
compilation terminated.
configure:3379: $? = 4
configure:3368: gcc -qversion >&5
gcc: error: unrecognized command line option '-qversion'
gcc: fatal error: no input files
compilation terminated.
configure:3379: $? = 4
configure:3399: checking whether the C compiler works
configure:3421: gcc    conftest.c  >&5
configure:3425: $? = 0
configure:3473: result: yes
configure:3476: checking for C compiler default output file name
configure:3478: result: a.out
configure:3484: checking for suffix of executables
configure:3491: gcc -o conftest    conftest.c  >&5
configure:3495: $? = 0
configure:3517: result: 
configure:3539: checking whether we are cross compiling
configure:3547: gcc -o conftest    conftest.c  >&5
configure:3551: $? = 0
configure:3558: ./conftest
configure:3562: $? = 0
configure:3577: result: no
configure:3582: checking for suffix of object files
configure:3604: gcc -c   conftest.c >&5
configure:3608: $? = 0
configure:3629: result: o
configure:3633: checking whether we are using the GNU C compiler
configure:3652: gcc -c   conftest.c >&5
configure:3652: $? = 0
configure:3661: result: yes
configure:3670: checking whether gcc accepts -g
configure:3690: gcc -c -g  conftest.c >&5
configure:3690: $? = 0
configure:3731: result: yes
configure:3748: checking for gcc option to accept ISO C89
configure:3811: gcc  -c -g -O2  conftest.c >&5
configure:3811: $? = 0
configure:3824: result: none needed
configure:3846: checking dependency style of gcc
configure:3957: result: gcc3
configure:3973: checking for library containing ddot_
configure:4004: gcc -o conftest -g -O2   conftest.c  >&5
/tmp/ccndxYaC.o: In function `main':
/home/ys/RASPA2/conftest.c:22: undefined reference to `ddot_'
collect2: error: ld returned 1 exit status
configure:4004: $? = 1
configure: failed program was:
| /* confdefs.h */
| #define PACKAGE_NAME "RASPA"
| #define PACKAGE_TARNAME "raspa"
| #define PACKAGE_VERSION "2.0"
| #define PACKAGE_STRING "RASPA 2.0"
| #define PACKAGE_BUGREPORT ""
| #define PACKAGE_URL ""
| #define PACKAGE "raspa"
| #define VERSION "2.0"
| /* end confdefs.h.  */
| 
| /* Override any GCC internal prototype to avoid an error.
|    Use char because int might match the return type of a GCC
|    builtin and then its argument prototype would still apply.  */
| #ifdef __cplusplus
| extern "C"
| #endif
| char ddot_ ();
| int
| main ()
| {
| return ddot_ ();
|   ;
|   return 0;
| }
configure:4004: gcc -o conftest -g -O2   conftest.c -lblas   >&5
/usr/bin/ld: cannot find -lblas
collect2: error: ld returned 1 exit status
configure:4004: $? = 1
configure: failed program was:
| /* confdefs.h */
| #define PACKAGE_NAME "RASPA"
| #define PACKAGE_TARNAME "raspa"
| #define PACKAGE_VERSION "2.0"
| #define PACKAGE_STRING "RASPA 2.0"
| #define PACKAGE_BUGREPORT ""
| #define PACKAGE_URL ""
| #define PACKAGE "raspa"
| #define VERSION "2.0"
| /* end confdefs.h.  */
| 
| /* Override any GCC internal prototype to avoid an error.
|    Use char because int might match the return type of a GCC
|    builtin and then its argument prototype would still apply.  */
| #ifdef __cplusplus
| extern "C"
| #endif
| char ddot_ ();
| int
| main ()
| {
| return ddot_ ();
|   ;
|   return 0;
| }
configure:4021: result: no
configure:4029: checking for library containing dsyevd_
configure:4060: gcc -o conftest -g -O2   conftest.c  >&5
/tmp/ccE7RZez.o: In function `main':
/home/ys/RASPA2/conftest.c:22: undefined reference to `dsyevd_'
collect2: error: ld returned 1 exit status
configure:4060: $? = 1
configure: failed program was:
| /* confdefs.h */
| #define PACKAGE_NAME "RASPA"
| #define PACKAGE_TARNAME "raspa"
| #define PACKAGE_VERSION "2.0"
| #define PACKAGE_STRING "RASPA 2.0"
| #define PACKAGE_BUGREPORT ""
| #define PACKAGE_URL ""
| #define PACKAGE "raspa"
| #define VERSION "2.0"
| /* end confdefs.h.  */
| 
| /* Override any GCC internal prototype to avoid an error.
|    Use char because int might match the return type of a GCC
|    builtin and then its argument prototype would still apply.  */
| #ifdef __cplusplus
| extern "C"
| #endif
| char dsyevd_ ();
| int
| main ()
| {
| return dsyevd_ ();
|   ;
|   return 0;
| }
configure:4060: gcc -o conftest -g -O2   conftest.c -llapack   >&5
/usr/bin/ld: cannot find -llapack
collect2: error: ld returned 1 exit status
configure:4060: $? = 1
configure: failed program was:
| /* confdefs.h */
| #define PACKAGE_NAME "RASPA"
| #define PACKAGE_TARNAME "raspa"
| #define PACKAGE_VERSION "2.0"
| #define PACKAGE_STRING "RASPA 2.0"
| #define PACKAGE_BUGREPORT ""
| #define PACKAGE_URL ""
| #define PACKAGE "raspa"
| #define VERSION "2.0"
| /* end confdefs.h.  */
| 
| /* Override any GCC internal prototype to avoid an error.
|    Use char because int might match the return type of a GCC
|    builtin and then its argument prototype would still apply.  */
| #ifdef __cplusplus
| extern "C"
| #endif
| char dsyevd_ ();
| int
| main ()
| {
| return dsyevd_ ();
|   ;
|   return 0;
| }
configure:4077: result: no
configure:4092: checking for library containing fftw_plan_dft_r2c_1d
configure:4123: gcc -o conftest -g -O2   conftest.c  >&5
/tmp/ccYLgREF.o: In function `main':
/home/ys/RASPA2/conftest.c:22: undefined reference to `fftw_plan_dft_r2c_1d'
collect2: error: ld returned 1 exit status
configure:4123: $? = 1
configure: failed program was:
| /* confdefs.h */
| #define PACKAGE_NAME "RASPA"
| #define PACKAGE_TARNAME "raspa"
| #define PACKAGE_VERSION "2.0"
| #define PACKAGE_STRING "RASPA 2.0"
| #define PACKAGE_BUGREPORT ""
| #define PACKAGE_URL ""
| #define PACKAGE "raspa"
| #define VERSION "2.0"
| /* end confdefs.h.  */
| 
| /* Override any GCC internal prototype to avoid an error.
|    Use char because int might match the return type of a GCC
|    builtin and then its argument prototype would still apply.  */
| #ifdef __cplusplus
| extern "C"
| #endif
| char fftw_plan_dft_r2c_1d ();
| int
| main ()
| {
| return fftw_plan_dft_r2c_1d ();
|   ;
|   return 0;
| }
configure:4123: gcc -o conftest -g -O2   conftest.c -lfftw3   >&5
/usr/bin/ld: cannot find -lfftw3
collect2: error: ld returned 1 exit status
configure:4123: $? = 1
configure: failed program was:
| /* confdefs.h */
| #define PACKAGE_NAME "RASPA"
| #define PACKAGE_TARNAME "raspa"
| #define PACKAGE_VERSION "2.0"
| #define PACKAGE_STRING "RASPA 2.0"
| #define PACKAGE_BUGREPORT ""
| #define PACKAGE_URL ""
| #define PACKAGE "raspa"
| #define VERSION "2.0"
| /* end confdefs.h.  */
| 
| /* Override any GCC internal prototype to avoid an error.
|    Use char because int might match the return type of a GCC
|    builtin and then its argument prototype would still apply.  */
| #ifdef __cplusplus
| extern "C"
| #endif
| char fftw_plan_dft_r2c_1d ();
| int
| main ()
| {
| return fftw_plan_dft_r2c_1d ();
|   ;
|   return 0;
| }
configure:4140: result: no
configure:4203: checking for gcc
configure:4230: result: gcc
configure:4459: checking for C compiler version
configure:4468: gcc --version >&5
gcc (GCC) 4.8.5 20150623 (Red Hat 4.8.5-44)
Copyright (C) 2015 Free Software Foundation, Inc.
This is free software; see the source for copying conditions.  There is NO
warranty; not even for MERCHANTABILITY or FITNESS FOR A PARTICULAR PURPOSE.

configure:4479: $? = 0
configure:4468: gcc -v >&5
Using built-in specs.
COLLECT_GCC=gcc
COLLECT_LTO_WRAPPER=/usr/libexec/gcc/x86_64-redhat-linux/4.8.5/lto-wrapper
Target: x86_64-redhat-linux
Configured with: ../configure --prefix=/usr --mandir=/usr/share/man --infodir=/usr/share/info --with-bugurl=http://bugzilla.redhat.com/bugzilla --enable-bootstrap --enable-shared --enable-threads=posix --enable-checking=release --with-system-zlib --enable-__cxa_atexit --disable-libunwind-exceptions --enable-gnu-unique-object --enable-linker-build-id --with-linker-hash-style=gnu --enable-languages=c,c++,objc,obj-c++,java,fortran,ada,go,lto --enable-plugin --enable-initfini-array --disable-libgcj --with-isl=/builddir/build/BUILD/gcc-4.8.5-20150702/obj-x86_64-redhat-linux/isl-install --with-cloog=/builddir/build/BUILD/gcc-4.8.5-20150702/obj-x86_64-redhat-linux/cloog-install --enable-gnu-indirect-function --with-tune=generic --with-arch_32=x86-64 --build=x86_64-redhat-linux
Thread model: posix
gcc version 4.8.5 20150623 (Red Hat 4.8.5-44) (GCC) 
configure:4479: $? = 0
configure:4468: gcc -V >&5
gcc: error: unrecognized command line option '-V'
gcc: fatal error: no input files
compilation terminated.
configure:4479: $? = 4
configure:4468: gcc -qversion >&5
gcc: error: unrecognized command line option '-qversion'
gcc: fatal error: no input files
compilation terminated.
configure:4479: $? = 4
configure:4483: checking whether we are using the GNU C compiler
configure:4511: result: yes
configure:4520: checking whether gcc accepts -g
configure:4581: result: yes
configure:4598: checking for gcc option to accept ISO C89
configure:4674: result: none needed
configure:4696: checking dependency style of gcc
configure:4807: result: gcc3
configure:4880: checking for g++
configure:4896: found /usr/bin/g++
configure:4907: result: g++
configure:4934: checking for C++ compiler version
configure:4943: g++ --version >&5
g++ (GCC) 4.8.5 20150623 (Red Hat 4.8.5-44)
Copyright (C) 2015 Free Software Foundation, Inc.
This is free software; see the source for copying conditions.  There is NO
warranty; not even for MERCHANTABILITY or FITNESS FOR A PARTICULAR PURPOSE.

configure:4954: $? = 0
configure:4943: g++ -v >&5
Using built-in specs.
COLLECT_GCC=g++
COLLECT_LTO_WRAPPER=/usr/libexec/gcc/x86_64-redhat-linux/4.8.5/lto-wrapper
Target: x86_64-redhat-linux
Configured with: ../configure --prefix=/usr --mandir=/usr/share/man --infodir=/usr/share/info --with-bugurl=http://bugzilla.redhat.com/bugzilla --enable-bootstrap --enable-shared --enable-threads=posix --enable-checking=release --with-system-zlib --enable-__cxa_atexit --disable-libunwind-exceptions --enable-gnu-unique-object --enable-linker-build-id --with-linker-hash-style=gnu --enable-languages=c,c++,objc,obj-c++,java,fortran,ada,go,lto --enable-plugin --enable-initfini-array --disable-libgcj --with-isl=/builddir/build/BUILD/gcc-4.8.5-20150702/obj-x86_64-redhat-linux/isl-install --with-cloog=/builddir/build/BUILD/gcc-4.8.5-20150702/obj-x86_64-redhat-linux/cloog-install --enable-gnu-indirect-function --with-tune=generic --with-arch_32=x86-64 --build=x86_64-redhat-linux
Thread model: posix
gcc version 4.8.5 20150623 (Red Hat 4.8.5-44) (GCC) 
configure:4954: $? = 0
configure:4943: g++ -V >&5
g++: error: unrecognized command line option '-V'
g++: fatal error: no input files
compilation terminated.
configure:4954: $? = 4
configure:4943: g++ -qversion >&5
g++: error: unrecognized command line option '-qversion'
g++: fatal error: no input files
compilation terminated.
configure:4954: $? = 4
configure:4958: checking whether we are using the GNU C++ compiler
configure:4977: g++ -c   conftest.cpp >&5
configure:4977: $? = 0
configure:4986: result: yes
configure:4995: checking whether g++ accepts -g
configure:5015: g++ -c -g  conftest.cpp >&5
configure:5015: $? = 0
configure:5056: result: yes
configure:5081: checking dependency style of g++
configure:5192: result: gcc3
configure:5260: checking for g77
configure:5290: result: no
configure:5260: checking for xlf
configure:5290: result: no
configure:5260: checking for f77
configure:5290: result: no
configure:5260: checking for frt
configure:5290: result: no
configure:5260: checking for pgf77
configure:5290: result: no
configure:5260: checking for cf77
configure:5290: result: no
configure:5260: checking for fort77
configure:5290: result: no
configure:5260: checking for fl32
configure:5290: result: no
configure:5260: checking for af77
configure:5290: result: no
configure:5260: checking for xlf90
configure:5290: result: no
configure:5260: checking for f90
configure:5290: result: no
configure:5260: checking for pgf90
configure:5290: result: no
configure:5260: checking for pghpf
configure:5290: result: no
configure:5260: checking for epcf90
configure:5290: result: no
configure:5260: checking for gfortran
configure:5276: found /usr/bin/gfortran
configure:5287: result: gfortran
configure:5313: checking for Fortran 77 compiler version
configure:5322: gfortran --version >&5
GNU Fortran (GCC) 4.8.5 20150623 (Red Hat 4.8.5-44)
Copyright (C) 2015 Free Software Foundation, Inc.

GNU Fortran comes with NO WARRANTY, to the extent permitted by law.
You may redistribute copies of GNU Fortran
under the terms of the GNU General Public License.
For more information about these matters, see the file named COPYING

configure:5333: $? = 0
configure:5322: gfortran -v >&5
Using built-in specs.
COLLECT_GCC=gfortran
COLLECT_LTO_WRAPPER=/usr/libexec/gcc/x86_64-redhat-linux/4.8.5/lto-wrapper
Target: x86_64-redhat-linux
Configured with: ../configure --prefix=/usr --mandir=/usr/share/man --infodir=/usr/share/info --with-bugurl=http://bugzilla.redhat.com/bugzilla --enable-bootstrap --enable-shared --enable-threads=posix --enable-checking=release --with-system-zlib --enable-__cxa_atexit --disable-libunwind-exceptions --enable-gnu-unique-object --enable-linker-build-id --with-linker-hash-style=gnu --enable-languages=c,c++,objc,obj-c++,java,fortran,ada,go,lto --enable-plugin --enable-initfini-array --disable-libgcj --with-isl=/builddir/build/BUILD/gcc-4.8.5-20150702/obj-x86_64-redhat-linux/isl-install --with-cloog=/builddir/build/BUILD/gcc-4.8.5-20150702/obj-x86_64-redhat-linux/cloog-install --enable-gnu-indirect-function --with-tune=generic --with-arch_32=x86-64 --build=x86_64-redhat-linux
Thread model: posix
gcc version 4.8.5 20150623 (Red Hat 4.8.5-44) (GCC) 
configure:5333: $? = 0
configure:5322: gfortran -V >&5
gfortran: error: unrecognized command line option '-V'
gfortran: fatal error: no input files
compilation terminated.
configure:5333: $? = 4
configure:5322: gfortran -qversion >&5
gfortran: error: unrecognized command line option '-qversion'
gfortran: fatal error: no input files
compilation terminated.
configure:5333: $? = 4
configure:5342: checking whether we are using the GNU Fortran 77 compiler
configure:5355: gfortran -c  conftest.F >&5
configure:5355: $? = 0
configure:5364: result: yes
configure:5370: checking whether gfortran accepts -g
configure:5381: gfortran -c -g conftest.f >&5
configure:5381: $? = 0
configure:5389: result: yes
configure:5421: checking for grep that handles long lines and -e
configure:5479: result: /usr/bin/grep
configure:5484: checking for egrep
configure:5546: result: /usr/bin/grep -E
configure:5557: checking how to run the C preprocessor
configure:5588: gcc -E  conftest.c
configure:5588: $? = 0
configure:5602: gcc -E  conftest.c
conftest.c:11:28: fatal error: ac_nonexistent.h: No such file or directory
 #include <ac_nonexistent.h>
                            ^
compilation terminated.
configure:5602: $? = 1
configure: failed program was:
| /* confdefs.h */
| #define PACKAGE_NAME "RASPA"
| #define PACKAGE_TARNAME "raspa"
| #define PACKAGE_VERSION "2.0"
| #define PACKAGE_STRING "RASPA 2.0"
| #define PACKAGE_BUGREPORT ""
| #define PACKAGE_URL ""
| #define PACKAGE "raspa"
| #define VERSION "2.0"
| /* end confdefs.h.  */
| #include <ac_nonexistent.h>
configure:5627: result: gcc -E
configure:5647: gcc -E  conftest.c
configure:5647: $? = 0
configure:5661: gcc -E  conftest.c
conftest.c:11:28: fatal error: ac_nonexistent.h: No such file or directory
 #include <ac_nonexistent.h>
                            ^
compilation terminated.
configure:5661: $? = 1
configure: failed program was:
| /* confdefs.h */
| #define PACKAGE_NAME "RASPA"
| #define PACKAGE_TARNAME "raspa"
| #define PACKAGE_VERSION "2.0"
| #define PACKAGE_STRING "RASPA 2.0"
| #define PACKAGE_BUGREPORT ""
| #define PACKAGE_URL ""
| #define PACKAGE "raspa"
| #define VERSION "2.0"
| /* end confdefs.h.  */
| #include <ac_nonexistent.h>
configure:5690: checking for ANSI C header files
configure:5710: gcc -c -g -O2  conftest.c >&5
configure:5710: $? = 0
configure:5783: gcc -o conftest -g -O2   conftest.c  >&5
configure:5783: $? = 0
configure:5783: ./conftest
configure:5783: $? = 0
configure:5794: result: yes
configure:5807: checking for sys/types.h
configure:5807: gcc -c -g -O2  conftest.c >&5
configure:5807: $? = 0
configure:5807: result: yes
configure:5807: checking for sys/stat.h
configure:5807: gcc -c -g -O2  conftest.c >&5
configure:5807: $? = 0
configure:5807: result: yes
configure:5807: checking for stdlib.h
configure:5807: gcc -c -g -O2  conftest.c >&5
configure:5807: $? = 0
configure:5807: result: yes
configure:5807: checking for string.h
configure:5807: gcc -c -g -O2  conftest.c >&5
configure:5807: $? = 0
configure:5807: result: yes
configure:5807: checking for memory.h
configure:5807: gcc -c -g -O2  conftest.c >&5
configure:5807: $? = 0
configure:5807: result: yes
configure:5807: checking for strings.h
configure:5807: gcc -c -g -O2  conftest.c >&5
configure:5807: $? = 0
configure:5807: result: yes
configure:5807: checking for inttypes.h
configure:5807: gcc -c -g -O2  conftest.c >&5
configure:5807: $? = 0
configure:5807: result: yes
configure:5807: checking for stdint.h
configure:5807: gcc -c -g -O2  conftest.c >&5
configure:5807: $? = 0
configure:5807: result: yes
configure:5807: checking for unistd.h
configure:5807: gcc -c -g -O2  conftest.c >&5
configure:5807: $? = 0
configure:5807: result: yes
configure:5821: checking math.h usability
configure:5821: gcc -c -g -O2  conftest.c >&5
configure:5821: $? = 0
configure:5821: result: yes
configure:5821: checking math.h presence
configure:5821: gcc -E  conftest.c
configure:5821: $? = 0
configure:5821: result: yes
configure:5821: checking for math.h
configure:5821: result: yes
configure:5833: checking for string.h
configure:5833: result: yes
configure:5845: checking fftw3.h usability
configure:5845: gcc -c -g -O2  conftest.c >&5
conftest.c:56:19: fatal error: fftw3.h: No such file or directory
 #include <fftw3.h>
                   ^
compilation terminated.
configure:5845: $? = 1
configure: failed program was:
| /* confdefs.h */
| #define PACKAGE_NAME "RASPA"
| #define PACKAGE_TARNAME "raspa"
| #define PACKAGE_VERSION "2.0"
| #define PACKAGE_STRING "RASPA 2.0"
| #define PACKAGE_BUGREPORT ""
| #define PACKAGE_URL ""
| #define PACKAGE "raspa"
| #define VERSION "2.0"
| #define STDC_HEADERS 1
| #define HAVE_SYS_TYPES_H 1
| #define HAVE_SYS_STAT_H 1
| #define HAVE_STDLIB_H 1
| #define HAVE_STRING_H 1
| #define HAVE_MEMORY_H 1
| #define HAVE_STRINGS_H 1
| #define HAVE_INTTYPES_H 1
| #define HAVE_STDINT_H 1
| #define HAVE_UNISTD_H 1
| #define HAVE_MATH_H 1
| #define HAVE_STRING_H 1
| /* end confdefs.h.  */
| #include <stdio.h>
| #ifdef HAVE_SYS_TYPES_H
| # include <sys/types.h>
| #endif
| #ifdef HAVE_SYS_STAT_H
| # include <sys/stat.h>
| #endif
| #ifdef STDC_HEADERS
| # include <stdlib.h>
| # include <stddef.h>
| #else
| # ifdef HAVE_STDLIB_H
| #  include <stdlib.h>
| # endif
| #endif
| #ifdef HAVE_STRING_H
| # if !defined STDC_HEADERS && defined HAVE_MEMORY_H
| #  include <memory.h>
| # endif
| # include <string.h>
| #endif
| #ifdef HAVE_STRINGS_H
| # include <strings.h>
| #endif
| #ifdef HAVE_INTTYPES_H
| # include <inttypes.h>
| #endif
| #ifdef HAVE_STDINT_H
| # include <stdint.h>
| #endif
| #ifdef HAVE_UNISTD_H
| # include <unistd.h>
| #endif
| #include <fftw3.h>
configure:5845: result: no
configure:5845: checking fftw3.h presence
configure:5845: gcc -E  conftest.c
conftest.c:23:19: fatal error: fftw3.h: No such file or directory
 #include <fftw3.h>
                   ^
compilation terminated.
configure:5845: $? = 1
configure: failed program was:
| /* confdefs.h */
| #define PACKAGE_NAME "RASPA"
| #define PACKAGE_TARNAME "raspa"
| #define PACKAGE_VERSION "2.0"
| #define PACKAGE_STRING "RASPA 2.0"
| #define PACKAGE_BUGREPORT ""
| #define PACKAGE_URL ""
| #define PACKAGE "raspa"
| #define VERSION "2.0"
| #define STDC_HEADERS 1
| #define HAVE_SYS_TYPES_H 1
| #define HAVE_SYS_STAT_H 1
| #define HAVE_STDLIB_H 1
| #define HAVE_STRING_H 1
| #define HAVE_MEMORY_H 1
| #define HAVE_STRINGS_H 1
| #define HAVE_INTTYPES_H 1
| #define HAVE_STDINT_H 1
| #define HAVE_UNISTD_H 1
| #define HAVE_MATH_H 1
| #define HAVE_STRING_H 1
| /* end confdefs.h.  */
| #include <fftw3.h>
configure:5845: result: no
configure:5845: checking for fftw3.h
configure:5845: result: no
configure:5885: checking build system type
configure:5899: result: x86_64-unknown-linux-gnu
configure:5919: checking host system type
configure:5932: result: x86_64-unknown-linux-gnu
configure:5973: checking how to print strings
configure:6000: result: printf
configure:6021: checking for a sed that does not truncate output
configure:6085: result: /usr/bin/sed
configure:6103: checking for fgrep
configure:6165: result: /usr/bin/grep -F
configure:6200: checking for ld used by gcc
configure:6267: result: /usr/bin/ld
configure:6274: checking if the linker (/usr/bin/ld) is GNU ld
configure:6289: result: yes
configure:6301: checking for BSD- or MS-compatible name lister (nm)
configure:6350: result: /usr/bin/nm -B
configure:6480: checking the name lister (/usr/bin/nm -B) interface
configure:6487: gcc -c -g -O2  conftest.c >&5
configure:6490: /usr/bin/nm -B "conftest.o"
configure:6493: output
0000000000000000 B some_variable
configure:6500: result: BSD nm
configure:6503: checking whether ln -s works
configure:6507: result: yes
configure:6515: checking the maximum length of command line arguments
configure:6645: result: 3458764513820540925
configure:6662: checking whether the shell understands some XSI constructs
configure:6672: result: yes
configure:6676: checking whether the shell understands "+="
configure:6682: result: yes
configure:6717: checking how to convert x86_64-unknown-linux-gnu file names to x86_64-unknown-linux-gnu format
configure:6757: result: func_convert_file_noop
configure:6764: checking how to convert x86_64-unknown-linux-gnu file names to toolchain format
configure:6784: result: func_convert_file_noop
configure:6791: checking for /usr/bin/ld option to reload object files
configure:6798: result: -r
configure:6872: checking for objdump
configure:6888: found /usr/bin/objdump
configure:6899: result: objdump
configure:6931: checking how to recognize dependent libraries
configure:7133: result: pass_all
configure:7218: checking for dlltool
configure:7248: result: no
configure:7278: checking how to associate runtime and link libraries
configure:7305: result: printf %s\n
configure:7365: checking for ar
configure:7381: found /usr/bin/ar
configure:7392: result: ar
configure:7429: checking for archiver @FILE support
configure:7446: gcc -c -g -O2  conftest.c >&5
configure:7446: $? = 0
configure:7449: ar cru libconftest.a @conftest.lst >&5
configure:7452: $? = 0
configure:7457: ar cru libconftest.a @conftest.lst >&5
ar: conftest.o: No such file or directory
configure:7460: $? = 1
configure:7472: result: @
configure:7530: checking for strip
configure:7546: found /usr/bin/strip
configure:7557: result: strip
configure:7629: checking for ranlib
configure:7645: found /usr/bin/ranlib
configure:7656: result: ranlib
configure:7758: checking command to parse /usr/bin/nm -B output from gcc object
configure:7878: gcc -c -g -O2  conftest.c >&5
configure:7881: $? = 0
configure:7885: /usr/bin/nm -B conftest.o \| sed -n -e 's/^.*[ ]\([ABCDGIRSTW][ABCDGIRSTW]*\)[ ][ ]*\([_A-Za-z][_A-Za-z0-9]*\)$/\1 \2 \2/p' | sed '/ __gnu_lto/d' \> conftest.nm
configure:7888: $? = 0
configure:7954: gcc -o conftest -g -O2   conftest.c conftstm.o >&5
configure:7957: $? = 0
configure:7995: result: ok
configure:8032: checking for sysroot
configure:8062: result: no
configure:8139: gcc -c -g -O2  conftest.c >&5
configure:8142: $? = 0
configure:8318: checking for mt
configure:8348: result: no
configure:8368: checking if : is a manifest tool
configure:8374: : '-?'
configure:8382: result: no
configure:9021: checking for dlfcn.h
configure:9021: gcc -c -g -O2  conftest.c >&5
configure:9021: $? = 0
configure:9021: result: yes
configure:9239: checking for objdir
configure:9254: result: .libs
configure:9525: checking if gcc supports -fno-rtti -fno-exceptions
configure:9543: gcc -c -g -O2  -fno-rtti -fno-exceptions conftest.c >&5
cc1: warning: command line option '-fno-rtti' is valid for C++/ObjC++ but not for C [enabled by default]
configure:9547: $? = 0
configure:9560: result: no
configure:9887: checking for gcc option to produce PIC
configure:9894: result: -fPIC -DPIC
configure:9902: checking if gcc PIC flag -fPIC -DPIC works
configure:9920: gcc -c -g -O2  -fPIC -DPIC -DPIC conftest.c >&5
configure:9924: $? = 0
configure:9937: result: yes
configure:9966: checking if gcc static flag -static works
configure:9994: result: yes
configure:10009: checking if gcc supports -c -o file.o
configure:10030: gcc -c -g -O2  -o out/conftest2.o conftest.c >&5
configure:10034: $? = 0
configure:10056: result: yes
configure:10064: checking if gcc supports -c -o file.o
configure:10111: result: yes
configure:10144: checking whether the gcc linker (/usr/bin/ld -m elf_x86_64) supports shared libraries
configure:11297: result: yes
configure:11334: checking whether -lc should be explicitly linked in
configure:11342: gcc -c -g -O2  conftest.c >&5
configure:11345: $? = 0
configure:11360: gcc -shared  -fPIC -DPIC conftest.o  -v -Wl,-soname -Wl,conftest -o conftest 2\>\&1 \| /usr/bin/grep  -lc  \>/dev/null 2\>\&1
configure:11363: $? = 0
configure:11377: result: no
configure:11537: checking dynamic linker characteristics
configure:12048: gcc -o conftest -g -O2   -Wl,-rpath -Wl,/foo conftest.c  >&5
configure:12048: $? = 0
configure:12274: result: GNU/Linux ld.so
configure:12381: checking how to hardcode library paths into programs
configure:12406: result: immediate
configure:12946: checking whether stripping libraries is possible
configure:12951: result: yes
configure:12986: checking if libtool supports shared libraries
configure:12988: result: yes
configure:12991: checking whether to build shared libraries
configure:13012: result: yes
configure:13015: checking whether to build static libraries
configure:13019: result: yes
configure:13042: checking how to run the C++ preprocessor
configure:13069: g++ -E  conftest.cpp
configure:13069: $? = 0
configure:13083: g++ -E  conftest.cpp
conftest.cpp:25:28: fatal error: ac_nonexistent.h: No such file or directory
 #include <ac_nonexistent.h>
                            ^
compilation terminated.
configure:13083: $? = 1
configure: failed program was:
| /* confdefs.h */
| #define PACKAGE_NAME "RASPA"
| #define PACKAGE_TARNAME "raspa"
| #define PACKAGE_VERSION "2.0"
| #define PACKAGE_STRING "RASPA 2.0"
| #define PACKAGE_BUGREPORT ""
| #define PACKAGE_URL ""
| #define PACKAGE "raspa"
| #define VERSION "2.0"
| #define STDC_HEADERS 1
| #define HAVE_SYS_TYPES_H 1
| #define HAVE_SYS_STAT_H 1
| #define HAVE_STDLIB_H 1
| #define HAVE_STRING_H 1
| #define HAVE_MEMORY_H 1
| #define HAVE_STRINGS_H 1
| #define HAVE_INTTYPES_H 1
| #define HAVE_STDINT_H 1
| #define HAVE_UNISTD_H 1
| #define HAVE_MATH_H 1
| #define HAVE_STRING_H 1
| #define HAVE_DLFCN_H 1
| #define LT_OBJDIR ".libs/"
| /* end confdefs.h.  */
| #include <ac_nonexistent.h>
configure:13108: result: g++ -E
configure:13128: g++ -E  conftest.cpp
configure:13128: $? = 0
configure:13142: g++ -E  conftest.cpp
conftest.cpp:25:28: fatal error: ac_nonexistent.h: No such file or directory
 #include <ac_nonexistent.h>
                            ^
compilation terminated.
configure:13142: $? = 1
configure: failed program was:
| /* confdefs.h */
| #define PACKAGE_NAME "RASPA"
| #define PACKAGE_TARNAME "raspa"
| #define PACKAGE_VERSION "2.0"
| #define PACKAGE_STRING "RASPA 2.0"
| #define PACKAGE_BUGREPORT ""
| #define PACKAGE_URL ""
| #define PACKAGE "raspa"
| #define VERSION "2.0"
| #define STDC_HEADERS 1
| #define HAVE_SYS_TYPES_H 1
| #define HAVE_SYS_STAT_H 1
| #define HAVE_STDLIB_H 1
| #define HAVE_STRING_H 1
| #define HAVE_MEMORY_H 1
| #define HAVE_STRINGS_H 1
| #define HAVE_INTTYPES_H 1
| #define HAVE_STDINT_H 1
| #define HAVE_UNISTD_H 1
| #define HAVE_MATH_H 1
| #define HAVE_STRING_H 1
| #define HAVE_DLFCN_H 1
| #define LT_OBJDIR ".libs/"
| /* end confdefs.h.  */
| #include <ac_nonexistent.h>
configure:13311: checking for ld used by g++
configure:13378: result: /usr/bin/ld -m elf_x86_64
configure:13385: checking if the linker (/usr/bin/ld -m elf_x86_64) is GNU ld
configure:13400: result: yes
configure:13455: checking whether the g++ linker (/usr/bin/ld -m elf_x86_64) supports shared libraries
configure:14460: result: yes
configure:14496: g++ -c -g -O2  conftest.cpp >&5
configure:14499: $? = 0
configure:15019: checking for g++ option to produce PIC
configure:15026: result: -fPIC -DPIC
configure:15034: checking if g++ PIC flag -fPIC -DPIC works
configure:15052: g++ -c -g -O2  -fPIC -DPIC -DPIC conftest.cpp >&5
configure:15056: $? = 0
configure:15069: result: yes
configure:15092: checking if g++ static flag -static works
configure:15120: result: no
configure:15132: checking if g++ supports -c -o file.o
configure:15153: g++ -c -g -O2  -o out/conftest2.o conftest.cpp >&5
configure:15157: $? = 0
configure:15179: result: yes
configure:15184: checking if g++ supports -c -o file.o
configure:15231: result: yes
configure:15261: checking whether the g++ linker (/usr/bin/ld -m elf_x86_64) supports shared libraries
configure:15297: result: yes
configure:15438: checking dynamic linker characteristics
configure:16109: result: GNU/Linux ld.so
configure:16162: checking how to hardcode library paths into programs
configure:16187: result: immediate
configure:16335: checking if libtool supports shared libraries
configure:16337: result: yes
configure:16340: checking whether to build shared libraries
configure:16360: result: yes
configure:16363: checking whether to build static libraries
configure:16367: result: yes
configure:16688: checking for gfortran option to produce PIC
configure:16695: result: -fPIC
configure:16703: checking if gfortran PIC flag -fPIC works
configure:16721: gfortran -c -g -O2 -fPIC conftest.f >&5
configure:16725: $? = 0
configure:16738: result: yes
configure:16761: checking if gfortran static flag -static works
configure:16789: result: no
configure:16801: checking if gfortran supports -c -o file.o
configure:16822: gfortran -c -g -O2 -o out/conftest2.o conftest.f >&5
configure:16826: $? = 0
configure:16848: result: yes
configure:16853: checking if gfortran supports -c -o file.o
configure:16900: result: yes
configure:16930: checking whether the gfortran linker (/usr/bin/ld -m elf_x86_64) supports shared libraries
configure:18033: result: yes
configure:18174: checking dynamic linker characteristics
configure:18839: result: GNU/Linux ld.so
configure:18892: checking how to hardcode library paths into programs
configure:18917: result: immediate
configure:19118: checking that generated files are newer than configure
configure:19124: result: done
configure:19155: creating ./config.status

## ---------------------- ##
## Running config.status. ##
## ---------------------- ##

This file was extended by RASPA config.status 2.0, which was
generated by GNU Autoconf 2.69.  Invocation command line was

  CONFIG_FILES    = 
  CONFIG_HEADERS  = 
  CONFIG_LINKS    = 
  CONFIG_COMMANDS = 
  $ ./config.status 

on psid00

config.status:1156: creating Makefile
config.status:1156: creating src/Makefile
config.status:1156: creating forcefield/Makefile
config.status:1156: creating forcefield/ExampleMOFsForceField/Makefile
config.status:1156: creating forcefield/ExampleZeolitesForceField/Makefile
config.status:1156: creating forcefield/ExampleMoleculeForceField/Makefile
config.status:1156: creating forcefield/Dubbeldam2007FlexibleIRMOF-1/Makefile
config.status:1156: creating forcefield/Dubbeldam2007FlexibleIRMOF-10/Makefile
config.status:1156: creating forcefield/Dubbeldam2007FlexibleIRMOF-16/Makefile
config.status:1156: creating forcefield/CoreShellSchroderSauer/Makefile
config.status:1156: creating forcefield/Nicholas/Makefile
config.status:1156: creating molecules/Makefile
config.status:1156: creating molecules/ExampleDefinitions/Makefile
config.status:1156: creating framework/Makefile
config.status:1156: creating framework/Dubbeldam2007FlexibleIRMOF-1/Makefile
config.status:1156: creating framework/Dubbeldam2007FlexibleIRMOF-10/Makefile
config.status:1156: creating framework/Dubbeldam2007FlexibleIRMOF-16/Makefile
config.status:1156: creating framework/CoreShellSchroderSauer/Makefile
config.status:1156: creating framework/Demontis/Makefile
config.status:1156: creating framework/DemontisModified/Makefile
config.status:1156: creating framework/Nicholas/Makefile
config.status:1156: creating framework/NicholasModified/Makefile
config.status:1156: creating structures/Makefile
config.status:1156: creating structures/zeolites/Makefile
config.status:1156: creating structures/mofs/Makefile
config.status:1156: creating structures/minerals/Makefile
config.status:1156: creating structures/ceramics/Makefile
config.status:1156: creating structures/zeolites/cif/Makefile
config.status:1156: creating structures/zeolites/block/Makefile
config.status:1156: creating structures/zeolites/ions/Makefile
config.status:1156: creating structures/mofs/cif/Makefile
config.status:1156: creating structures/mofs/block/Makefile
config.status:1156: creating structures/mofs/ions/Makefile
config.status:1156: creating structures/minerals/cif/Makefile
config.status:1156: creating structures/ceramics/cif/Makefile
config.status:1328: executing depfiles commands
config.status:1328: executing libtool commands

## ---------------- ##
## Cache variables. ##
## ---------------- ##

ac_cv_build=x86_64-unknown-linux-gnu
ac_cv_c_compiler_gnu=yes
ac_cv_cxx_compiler_gnu=yes
ac_cv_env_CCC_set=
ac_cv_env_CCC_value=
ac_cv_env_CC_set=
ac_cv_env_CC_value=
ac_cv_env_CFLAGS_set=
ac_cv_env_CFLAGS_value=
ac_cv_env_CPPFLAGS_set=
ac_cv_env_CPPFLAGS_value=
ac_cv_env_CPP_set=
ac_cv_env_CPP_value=
ac_cv_env_CXXCPP_set=
ac_cv_env_CXXCPP_value=
ac_cv_env_CXXFLAGS_set=
ac_cv_env_CXXFLAGS_value=
ac_cv_env_CXX_set=
ac_cv_env_CXX_value=
ac_cv_env_F77_set=
ac_cv_env_F77_value=
ac_cv_env_FFLAGS_set=
ac_cv_env_FFLAGS_value=
ac_cv_env_LDFLAGS_set=
ac_cv_env_LDFLAGS_value=
ac_cv_env_LIBS_set=
ac_cv_env_LIBS_value=
ac_cv_env_build_alias_set=
ac_cv_env_build_alias_value=
ac_cv_env_host_alias_set=
ac_cv_env_host_alias_value=
ac_cv_env_target_alias_set=
ac_cv_env_target_alias_value=
ac_cv_f77_compiler_gnu=yes
ac_cv_header_dlfcn_h=yes
ac_cv_header_fftw3_h=no
ac_cv_header_inttypes_h=yes
ac_cv_header_math_h=yes
ac_cv_header_memory_h=yes
ac_cv_header_stdc=yes
ac_cv_header_stdint_h=yes
ac_cv_header_stdlib_h=yes
ac_cv_header_string_h=yes
ac_cv_header_strings_h=yes
ac_cv_header_sys_stat_h=yes
ac_cv_header_sys_types_h=yes
ac_cv_header_unistd_h=yes
ac_cv_host=x86_64-unknown-linux-gnu
ac_cv_objext=o
ac_cv_path_EGREP='/usr/bin/grep -E'
ac_cv_path_FGREP='/usr/bin/grep -F'
ac_cv_path_GREP=/usr/bin/grep
ac_cv_path_SED=/usr/bin/sed
ac_cv_path_install='/usr/bin/install -c'
ac_cv_path_mkdir=/usr/bin/mkdir
ac_cv_prog_AWK=gawk
ac_cv_prog_CPP='gcc -E'
ac_cv_prog_CXXCPP='g++ -E'
ac_cv_prog_ac_ct_AR=ar
ac_cv_prog_ac_ct_CC=gcc
ac_cv_prog_ac_ct_CXX=g++
ac_cv_prog_ac_ct_F77=gfortran
ac_cv_prog_ac_ct_OBJDUMP=objdump
ac_cv_prog_ac_ct_RANLIB=ranlib
ac_cv_prog_ac_ct_STRIP=strip
ac_cv_prog_cc_c89=
ac_cv_prog_cc_g=yes
ac_cv_prog_cxx_g=yes
ac_cv_prog_f77_g=yes
ac_cv_prog_make_make_set=yes
ac_cv_search_ddot_=no
ac_cv_search_dsyevd_=no
ac_cv_search_fftw_plan_dft_r2c_1d=no
am_cv_CC_dependencies_compiler_type=gcc3
am_cv_CXX_dependencies_compiler_type=gcc3
am_cv_make_support_nested_variables=yes
lt_cv_ar_at_file=@
lt_cv_archive_cmds_need_lc=no
lt_cv_deplibs_check_method=pass_all
lt_cv_file_magic_cmd='$MAGIC_CMD'
lt_cv_file_magic_test_file=
lt_cv_ld_reload_flag=-r
lt_cv_nm_interface='BSD nm'
lt_cv_objdir=.libs
lt_cv_path_LD=/usr/bin/ld
lt_cv_path_LDCXX='/usr/bin/ld -m elf_x86_64'
lt_cv_path_NM='/usr/bin/nm -B'
lt_cv_path_mainfest_tool=no
lt_cv_prog_compiler_c_o=yes
lt_cv_prog_compiler_c_o_CXX=yes
lt_cv_prog_compiler_c_o_F77=yes
lt_cv_prog_compiler_pic='-fPIC -DPIC'
lt_cv_prog_compiler_pic_CXX='-fPIC -DPIC'
lt_cv_prog_compiler_pic_F77=-fPIC
lt_cv_prog_compiler_pic_works=yes
lt_cv_prog_compiler_pic_works_CXX=yes
lt_cv_prog_compiler_pic_works_F77=yes
lt_cv_prog_compiler_rtti_exceptions=no
lt_cv_prog_compiler_static_works=yes
lt_cv_prog_compiler_static_works_CXX=no
lt_cv_prog_compiler_static_works_F77=no
lt_cv_prog_gnu_ld=yes
lt_cv_prog_gnu_ldcxx=yes
lt_cv_sharedlib_from_linklib_cmd='printf %s\n'
lt_cv_shlibpath_overrides_runpath=no
lt_cv_sys_global_symbol_pipe='sed -n -e '\''s/^.*[	 ]\([ABCDGIRSTW][ABCDGIRSTW]*\)[	 ][	 ]*\([_A-Za-z][_A-Za-z0-9]*\)$/\1 \2 \2/p'\'' | sed '\''/ __gnu_lto/d'\'''
lt_cv_sys_global_symbol_to_c_name_address='sed -n -e '\''s/^: \([^ ]*\)[ ]*$/  {\"\1\", (void *) 0},/p'\'' -e '\''s/^[ABCDGIRSTW]* \([^ ]*\) \([^ ]*\)$/  {"\2", (void *) \&\2},/p'\'''
lt_cv_sys_global_symbol_to_c_name_address_lib_prefix='sed -n -e '\''s/^: \([^ ]*\)[ ]*$/  {\"\1\", (void *) 0},/p'\'' -e '\''s/^[ABCDGIRSTW]* \([^ ]*\) \(lib[^ ]*\)$/  {"\2", (void *) \&\2},/p'\'' -e '\''s/^[ABCDGIRSTW]* \([^ ]*\) \([^ ]*\)$/  {"lib\2", (void *) \&\2},/p'\'''
lt_cv_sys_global_symbol_to_cdecl='sed -n -e '\''s/^T .* \(.*\)$/extern int \1();/p'\'' -e '\''s/^[ABCDGIRSTW]* .* \(.*\)$/extern char \1;/p'\'''
lt_cv_sys_max_cmd_len=3458764513820540925
lt_cv_to_host_file_cmd=func_convert_file_noop
lt_cv_to_tool_file_cmd=func_convert_file_noop

## ----------------- ##
## Output variables. ##
## ----------------- ##

ACLOCAL='${SHELL} /home/ys/RASPA2/missing aclocal-1.13'
AMDEPBACKSLASH='\'
AMDEP_FALSE='#'
AMDEP_TRUE=''
AMTAR='$${TAR-tar}'
AM_BACKSLASH='\'
AM_DEFAULT_V='$(AM_DEFAULT_VERBOSITY)'
AM_DEFAULT_VERBOSITY='1'
AM_V='$(V)'
AR='ar'
AUTOCONF='${SHELL} /home/ys/RASPA2/missing autoconf'
AUTOHEADER='${SHELL} /home/ys/RASPA2/missing autoheader'
AUTOMAKE='${SHELL} /home/ys/RASPA2/missing automake-1.13'
AWK='gawk'
CC='gcc'
CCDEPMODE='depmode=gcc3'
CFLAGS='-g -O2'
CPP='gcc -E'
CPPFLAGS=''
CXX='g++'
CXXCPP='g++ -E'
CXXDEPMODE='depmode=gcc3'
CXXFLAGS='-g -O2'
CYGPATH_W='echo'
DEFS='-DPACKAGE_NAME=\"RASPA\" -DPACKAGE_TARNAME=\"raspa\" -DPACKAGE_VERSION=\"2.0\" -DPACKAGE_STRING=\"RASPA\ 2.0\" -DPACKAGE_BUGREPORT=\"\" -DPACKAGE_URL=\"\" -DPACKAGE=\"raspa\" -DVERSION=\"2.0\" -DSTDC_HEADERS=1 -DHAVE_SYS_TYPES_H=1 -DHAVE_SYS_STAT_H=1 -DHAVE_STDLIB_H=1 -DHAVE_STRING_H=1 -DHAVE_MEMORY_H=1 -DHAVE_STRINGS_H=1 -DHAVE_INTTYPES_H=1 -DHAVE_STDINT_H=1 -DHAVE_UNISTD_H=1 -DHAVE_MATH_H=1 -DHAVE_STRING_H=1 -DHAVE_DLFCN_H=1 -DLT_OBJDIR=\".libs/\"'
DEPDIR='.deps'
DLLTOOL='false'
DSYMUTIL=''
DUMPBIN=''
ECHO_C=''
ECHO_N='-n'
ECHO_T=''
EGREP='/usr/bin/grep -E'
EXEEXT=''
F77='gfortran'
FFLAGS='-g -O2'
FGREP='/usr/bin/grep -F'
GREP='/usr/bin/grep'
INSTALL_DATA='${INSTALL} -m 644'
INSTALL_PROGRAM='${INSTALL}'
INSTALL_SCRIPT='${INSTALL}'
INSTALL_STRIP_PROGRAM='$(install_sh) -c -s'
LD='/usr/bin/ld -m elf_x86_64'
LDFLAGS=''
LIBOBJS=''
LIBS=''
LIBTOOL='$(SHELL) $(top_builddir)/libtool'
LIPO=''
LN_S='ln -s'
LTLIBOBJS=''
MAKEINFO='${SHELL} /home/ys/RASPA2/missing makeinfo'
MANIFEST_TOOL=':'
MKDIR_P='/usr/bin/mkdir -p'
NM='/usr/bin/nm -B'
NMEDIT=''
OBJDUMP='objdump'
OBJEXT='o'
OTOOL64=''
OTOOL=''
PACKAGE='raspa'
PACKAGE_BUGREPORT=''
PACKAGE_NAME='RASPA'
PACKAGE_STRING='RASPA 2.0'
PACKAGE_TARNAME='raspa'
PACKAGE_URL=''
PACKAGE_VERSION='2.0'
PATH_SEPARATOR=':'
RANLIB='ranlib'
SED='/usr/bin/sed'
SET_MAKE=''
SHELL='/bin/sh'
STRIP='strip'
VERSION='2.0'
ac_ct_AR='ar'
ac_ct_CC='gcc'
ac_ct_CXX='g++'
ac_ct_DUMPBIN=''
ac_ct_F77='gfortran'
am__EXEEXT_FALSE=''
am__EXEEXT_TRUE='#'
am__fastdepCC_FALSE='#'
am__fastdepCC_TRUE=''
am__fastdepCXX_FALSE='#'
am__fastdepCXX_TRUE=''
am__include='include'
am__isrc=''
am__leading_dot='.'
am__nodep='_no'
am__quote=''
am__tar='$${TAR-tar} chof - "$$tardir"'
am__untar='$${TAR-tar} xf -'
bindir='${exec_prefix}/bin'
build='x86_64-unknown-linux-gnu'
build_alias=''
build_cpu='x86_64'
build_os='linux-gnu'
build_vendor='unknown'
datadir='${datarootdir}'
datarootdir='${prefix}/share'
docdir='${datarootdir}/doc/${PACKAGE_TARNAME}'
dvidir='${docdir}'
exec_prefix='${prefix}'
host='x86_64-unknown-linux-gnu'
host_alias=''
host_cpu='x86_64'
host_os='linux-gnu'
host_vendor='unknown'
htmldir='${docdir}'
includedir='${prefix}/include'
infodir='${datarootdir}/info'
install_sh='${SHELL} /home/ys/RASPA2/install-sh'
libdir='${exec_prefix}/lib'
libexecdir='${exec_prefix}/libexec'
localedir='${datarootdir}/locale'
localstatedir='${prefix}/var'
mandir='${datarootdir}/man'
mkdir_p='$(MKDIR_P)'
oldincludedir='/usr/include'
pdfdir='${docdir}'
prefix='/home/ys/Research/simulations'
program_transform_name='s,x,x,'
psdir='${docdir}'
sbindir='${exec_prefix}/sbin'
sharedstatedir='${prefix}/com'
sysconfdir='${prefix}/etc'
target_alias=''

## ----------- ##
## confdefs.h. ##
## ----------- ##

/* confdefs.h */
#define PACKAGE_NAME "RASPA"
#define PACKAGE_TARNAME "raspa"
#define PACKAGE_VERSION "2.0"
#define PACKAGE_STRING "RASPA 2.0"
#define PACKAGE_BUGREPORT ""
#define PACKAGE_URL ""
#define PACKAGE "raspa"
#define VERSION "2.0"
#define STDC_HEADERS 1
#define HAVE_SYS_TYPES_H 1
#define HAVE_SYS_STAT_H 1
#define HAVE_STDLIB_H 1
#define HAVE_STRING_H 1
#define HAVE_MEMORY_H 1
#define HAVE_STRINGS_H 1
#define HAVE_INTTYPES_H 1
#define HAVE_STDINT_H 1
#define HAVE_UNISTD_H 1
#define HAVE_MATH_H 1
#define HAVE_STRING_H 1
#define HAVE_DLFCN_H 1
#define LT_OBJDIR ".libs/"

configure: exit 0
