                      :-) GROMACS - gmx mdrun, 2025.2 (-:

Copyright 1991-2025 The GROMACS Authors.
GROMACS is free software; you can redistribute it and/or modify it
under the terms of the GNU Lesser General Public License
as published by the Free Software Foundation; either version 2.1
of the License, or (at your option) any later version.

                         Current GROMACS contributors:
       Mark Abraham           Andrey Alekseenko           Brian Andrews       
      Vladimir Basov              Paul Bauer                Hugh Bird         
      Eliane Briand               Ania Brown              Mahesh Doijade      
      Giacomo Fiorin          Stefan Fleischmann          Sergey Gorelov      
   Gilles Gouaillardet            Alan Gray              M. Eric Irrgang      
   Farzaneh Jalalypour         Petter Johansson          Carsten Kutzner      
    Grzegorz Łazarski         Justin A. Lemkul          Magnus Lundborg      
       Pascal Merz             Vedran Miletić            Dmitry Morozov      
     Lukas Müllender            Julien Nabet             Szilárd Páll      
 Andrea Pasquadibisceglie     Michele Pellegrino         Nicola Piasentin     
     Daniele Rapetti         Muhammad Umair Sadiq         Hubert Santuz       
      Roland Schulz             Michael Shirts           Tatiana Shugaeva     
     Alexey Shvetsov            Philip Turner            Alessandra Villa     
 Sebastian Wingbermühle  

                         Previous GROMACS contributors:
        Emile Apol             Rossen Apostolov           James Barnett       
  Herman J.C. Berendsen         Cathrine Bergh             Par Bjelkmar       
      Christian Blau          Viacheslav Bolnykh            Kevin Boyd        
    Aldert van Buuren          Carlo Camilloni           Rudi van Drunen      
      Anton Feenstra           Oliver Fleetwood            Vytas Gapsys       
       Gaurav Garg             Gerrit Groenhof            Bert de Groot       
      Anca Hamuraru           Vincent Hindriksen          Victor Holanda      
     Aleksei Iupinov              Joe Jordan            Christoph Junghans    
    Prashanth Kanduri        Dimitrios Karkoulis           Peter Kasson       
      Sebastian Kehl           Sebastian Keller             Jiri Kraus        
       Per Larsson              Viveca Lindahl            Erik Marklund       
    Pieter Meulenhoff           Teemu Murtola              Sander Pronk       
      Alfons Sijbers            Balint Soproni         David van der Spoel    
      Peter Tieleman            Carsten Uphoff             Jon Vincent        
     Teemu Virolainen         Christian Wennberg           Maarten Wolf       
      Artem Zhmurov       

                  Coordinated by the GROMACS project leaders:
                           Berk Hess and Erik Lindahl

GROMACS:      gmx mdrun, version 2025.2
Executable:   /usr/local/gromacs/bin/gmx
Data prefix:  /usr/local/gromacs
Working dir:  /home/yongsang/Research/PSID_server_room/GROMACS/08
Process ID:   3679847
Command line:
  gmx mdrun -deffnm em

GROMACS version:     2025.2
Precision:           mixed
Memory model:        64 bit
MPI library:         thread_mpi
OpenMP support:      enabled (GMX_OPENMP_MAX_THREADS = 128)
GPU support:         disabled
SIMD instructions:   AVX_512
CPU FFT library:     fftw-3.3.10-sse2-avx-avx2-avx2_128-avx512
GPU FFT library:     none
Multi-GPU FFT:       none
RDTSCP usage:        enabled
TNG support:         enabled
Hwloc support:       disabled
Tracing support:     disabled
C compiler:          /opt/rh/devtoolset-11/root/usr/bin/gcc GNU 11.2.1
C compiler flags:    -fexcess-precision=fast -funroll-all-loops -march=skylake-avx512 -Wno-missing-field-initializers -O3 -DNDEBUG
C++ compiler:        /opt/rh/devtoolset-11/root/usr/bin/g++ GNU 11.2.1
C++ compiler flags:  -fexcess-precision=fast -funroll-all-loops -march=skylake-avx512 -Wno-missing-field-initializers -Wno-cast-function-type-strict SHELL:-fopenmp -O3 -DNDEBUG
BLAS library:        External - detected on the system
LAPACK library:      External - detected on the system


Running on 1 node with total 36 cores, 36 processing units
Hardware detected on host ga00:
  CPU info:
    Vendor: Intel
    Brand:  Intel(R) Xeon(R) Gold 6354 CPU @ 3.00GHz
    Family: 6   Model: 106   Stepping: 6
    Features: aes apic avx avx2 avx512f avx512cd avx512bw avx512vl avx512secondFMA clfsh cmov cx8 cx16 f16c fma htt intel lahf mmx msr nonstop_tsc pcid pclmuldq pdcm pdpe1gb popcnt pse rdrnd rdtscp sha sse2 sse3 sse4.1 sse4.2 ssse3 tdt x2apic
    Number of AVX-512 FMA units: 2
  Hardware topology: Basic
    Packages, cores, and logical processors:
    [indices refer to OS logical processors]
      Package  0: [   0] [   2] [   4] [   6] [   8] [  10] [  12] [  14] [  16] [  18] [  20] [  22] [  24] [  26] [  28] [  30] [  32] [  34]
      Package  1: [   1] [   3] [   5] [   7] [   9] [  11] [  13] [  15] [  17] [  19] [  21] [  23] [  25] [  27] [  29] [  31] [  33] [  35]
    CPU limit set by OS: -1   Recommended max number of threads: 36


++++ PLEASE READ AND CITE THE FOLLOWING REFERENCE ++++
M. J. Abraham, T. Murtola, R. Schulz, S. Páll, J. C. Smith, B. Hess, E.
Lindahl
GROMACS: High performance molecular simulations through multi-level
parallelism from laptops to supercomputers
SoftwareX (2015)
DOI: 10.1016/j.softx.2015.06.001
-------- -------- --- Thank You --- -------- --------


++++ PLEASE READ AND CITE THE FOLLOWING REFERENCE ++++
S. Páll, M. J. Abraham, C. Kutzner, B. Hess, E. Lindahl
Tackling Exascale Software Challenges in Molecular Dynamics Simulations with
GROMACS
In S. Markidis & E. Laure (Eds.), Solving Software Challenges for Exascale (2015)
DOI: 10.1007/978-3-319-15976-8_1
-------- -------- --- Thank You --- -------- --------


++++ PLEASE READ AND CITE THE FOLLOWING REFERENCE ++++
S. Pronk, S. Páll, R. Schulz, P. Larsson, P. Bjelkmar, R. Apostolov, M. R.
Shirts, J. C. Smith, P. M. Kasson, D. van der Spoel, B. Hess, E. Lindahl
GROMACS 4.5: a high-throughput and highly parallel open source molecular
simulation toolkit
Bioinformatics (2013)
DOI: 10.1093/bioinformatics/btt055
-------- -------- --- Thank You --- -------- --------


++++ PLEASE READ AND CITE THE FOLLOWING REFERENCE ++++
B. Hess, C. Kutzner, D. van der Spoel, E. Lindahl
GROMACS 4: Algorithms for highly efficient, load-balanced, and scalable
molecular simulation
J. Chem. Theory Comput. (2008)
DOI: 10.1021/ct700301q
-------- -------- --- Thank You --- -------- --------


++++ PLEASE READ AND CITE THE FOLLOWING REFERENCE ++++
D. van der Spoel, E. Lindahl, B. Hess, G. Groenhof, A. E. Mark, H. J. C.
Berendsen
GROMACS: Fast, Flexible and Free
J. Comp. Chem. (2005)
DOI: 10.1002/jcc.20291
-------- -------- --- Thank You --- -------- --------


++++ PLEASE READ AND CITE THE FOLLOWING REFERENCE ++++
E. Lindahl, B. Hess, D. van der Spoel
GROMACS 3.0: A package for molecular simulation and trajectory analysis
J. Mol. Mod. (2001)
DOI: 10.1007/s008940100045
-------- -------- --- Thank You --- -------- --------


++++ PLEASE READ AND CITE THE FOLLOWING REFERENCE ++++
H. J. C. Berendsen, D. van der Spoel and R. van Drunen
GROMACS: A message-passing parallel molecular dynamics implementation
Comp. Phys. Comm. (1995)
DOI: 10.1016/0010-4655(95)00042-E
-------- -------- --- Thank You --- -------- --------


++++ PLEASE CITE THE DOI FOR THIS VERSION OF GROMACS ++++
https://doi.org/10.5281/zenodo.15387018
-------- -------- --- Thank You --- -------- --------

Input Parameters:
   integrator                     = steep
   tinit                          = 0
   dt                             = 0.001
   nsteps                         = 50000
   init-step                      = 0
   simulation-part                = 1
   mts                            = false
   mass-repartition-factor        = 1
   comm-mode                      = Linear
   nstcomm                        = 100
   bd-fric                        = 0
   ld-seed                        = -1078280259
   emtol                          = 1000
   emstep                         = 0.01
   niter                          = 20
   fcstep                         = 0
   nstcgsteep                     = 1000
   nbfgscorr                      = 10
   rtpi                           = 0.05
   nstxout                        = 0
   nstvout                        = 0
   nstfout                        = 0
   nstlog                         = 1000
   nstcalcenergy                  = 100
   nstenergy                      = 1000
   nstxout-compressed             = 0
   compressed-x-precision         = 1000
   cutoff-scheme                  = Verlet
   nstlist                        = 10
   pbc                            = xyz
   periodic-molecules             = false
   verlet-buffer-tolerance        = 0.005
   verlet-buffer-pressure-tolerance = 0.5
   rlist                          = 1.05
   coulombtype                    = PME
   coulomb-modifier               = Potential-shift
   rcoulomb-switch                = 0
   rcoulomb                       = 1
   epsilon-r                      = 1
   epsilon-rf                     = inf
   vdw-type                       = Cut-off
   vdw-modifier                   = Potential-shift
   rvdw-switch                    = 0
   rvdw                           = 1
   DispCorr                       = No
   table-extension                = 1
   fourierspacing                 = 0.12
   fourier-nx                     = 28
   fourier-ny                     = 28
   fourier-nz                     = 28
   pme-order                      = 4
   ewald-rtol                     = 1e-05
   ewald-rtol-lj                  = 0.001
   lj-pme-comb-rule               = Geometric
   ewald-geometry                 = 3d
   epsilon-surface                = 0
   ensemble-temperature-setting   = not available
   tcoupl                         = No
   nsttcouple                     = -1
   nh-chain-length                = 0
   print-nose-hoover-chain-variables = false
   pcoupl                         = No
   refcoord-scaling               = No
   posres-com: not available
   posres-comB: not available
   QMMM                           = false
qm-opts:
   ngQM                           = 0
   constraint-algorithm           = Lincs
   continuation                   = false
   Shake-SOR                      = false
   shake-tol                      = 0.0001
   lincs-order                    = 4
   lincs-iter                     = 1
   lincs-warnangle                = 30
   nwall                          = 0
   wall-type                      = 9-3
   wall-r-linpot                  = -1
   wall-atomtype[0]               = -1
   wall-atomtype[1]               = -1
   wall-density[0]                = 0
   wall-density[1]                = 0
   wall-ewald-zfac                = 3
   pull                           = false
   awh                            = false
   rotation                       = false
   interactiveMD                  = false
   disre                          = No
   disre-weighting                = Conservative
   disre-mixed                    = false
   dr-fc                          = 1000
   dr-tau                         = 0
   nstdisreout                    = 100
   orire-fc                       = 0
   orire-tau                      = 0
   nstorireout                    = 100
   free-energy                    = no
   cos-acceleration               = 0
   deform (3x3):
      deform[    0]={ 0.00000e+00,  0.00000e+00,  0.00000e+00}
      deform[    1]={ 0.00000e+00,  0.00000e+00,  0.00000e+00}
      deform[    2]={ 0.00000e+00,  0.00000e+00,  0.00000e+00}
   simulated-tempering            = false
   swapcoords                     = no
   userint1                       = 0
   userint2                       = 0
   userint3                       = 0
   userint4                       = 0
   userreal1                      = 0
   userreal2                      = 0
   userreal3                      = 0
   userreal4                      = 0
   applied-forces:
     electric-field:
       x:
         E0                       = 0
         omega                    = 0
         t0                       = 0
         sigma                    = 0
       y:
         E0                       = 0
         omega                    = 0
         t0                       = 0
         sigma                    = 0
       z:
         E0                       = 0
         omega                    = 0
         t0                       = 0
         sigma                    = 0
     density-guided-simulation:
       active                     = false
       group                      = protein
       similarity-measure         = inner-product
       atom-spreading-weight      = unity
       force-constant             = 1e+09
       gaussian-transform-spreading-width = 0.2
       gaussian-transform-spreading-range-in-multiples-of-width = 4
       reference-density-filename = reference.mrc
       nst                        = 1
       normalize-densities        = true
       adaptive-force-scaling     = false
       adaptive-force-scaling-time-constant = 4
       shift-vector               = 
       transformation-matrix      = 
     qmmm-cp2k:
       active                     = false
       qmgroup                    = System
       qmmethod                   = PBE
       qmfilenames                = 
       qmcharge                   = 0
       qmmultiplicity             = 1
     colvars:
       active                     = false
       configfile                 = 
       seed                       = -1
     nnpot:
       active                     = false
       modelfile                  = model.pt
       input-group                = System
       model-input1               = 
       model-input2               = 
       model-input3               = 
       model-input4               = 
grpopts:
   nrdf:          78
   ref-t:           0
   tau-t:           0
annealing:          No
annealing-npoints:           0
   acc:	           0           0           0
   nfreeze:           N           N           N
   energygrp-flags[  0]: 0


Initializing Domain Decomposition on 1 ranks
NOTE: disabling dynamic load balancing as it is only supported with dynamics, not with integrator 'steep'.
Dynamic load balancing: off
Using update groups, nr 20, average size 1.7 atoms, max. radius 0.078 nm
Minimum cell size due to atom displacement: 0.050 nm
Initial maximum distances in bonded interactions:
    two-body bonded interactions: 0.393 nm, LJ-14, atoms 9 12
  multi-body bonded interactions: 0.382 nm, Ryckaert-Bell., atoms 1 11
Minimum cell size due to bonded interactions: 0.420 nm
Using 0 separate PME ranks because: there are too few total ranks for efficient splitting
Optimizing the DD grid for 1 cells with a minimum initial size of 0.420 nm
The maximum allowed number of cells is: X 7 Y 7 Z 7
Domain decomposition grid 1 x 1 x 1, separate PME ranks 0
PME domain decomposition: 1 x 1 x 1

The initial number of communication pulses is:
The initial domain decomposition cell size is:

The maximum allowed distance for atom groups involved in interactions is:
                 non-bonded interactions           1.206 nm
            two-body bonded interactions  (-rdd)   1.206 nm
          multi-body bonded interactions  (-rdd)   1.206 nm

Local state does not use filler particles

Using 1 MPI thread
Using 16 OpenMP threads 

System total charge: 0.100
Will do PME sum in reciprocal space for electrostatic interactions.

++++ PLEASE READ AND CITE THE FOLLOWING REFERENCE ++++
U. Essmann, L. Perera, M. L. Berkowitz, T. Darden, H. Lee, L. G. Pedersen 
A smooth particle mesh Ewald method
J. Chem. Phys. (1995)
DOI: 10.1063/1.470117
-------- -------- --- Thank You --- -------- --------

Using a Gaussian width (1/beta) of 0.320163 nm for Ewald
Potential shift: LJ r^-12: -1.000e+00 r^-6: -1.000e+00, Ewald -1.000e-05
Initialized non-bonded Coulomb Ewald tables, spacing: 9.33e-04 size: 1073

Generated table with 1025 data points for 1-4 COUL.
Tabscale = 500 points/nm
Generated table with 1025 data points for 1-4 LJ6.
Tabscale = 500 points/nm
Generated table with 1025 data points for 1-4 LJ12.
Tabscale = 500 points/nm


Using SIMD2xMM 4x8 nonbonded short-range kernels

Using a 4x8 pair-list setup:
  updated every 10 steps, buffer 0.050 nm, rlist 1.050 nm

Using Geometric Lennard-Jones combination rule
Removing pbc first time

Linking all bonded interactions to atoms


Pinning threads with an auto-selected logical cpu stride of 1

++++ PLEASE READ AND CITE THE FOLLOWING REFERENCE ++++
S. Miyamoto, P. A. Kollman
SETTLE: An Analytical Version of the SHAKE and RATTLE Algorithms for Rigid
Water Models
J. Comp. Chem. (1992)
DOI: 10.1002/jcc.540130805
-------- -------- --- Thank You --- -------- --------


Note that activating steepest-descent energy minimization via the integrator .mdp option and the command gmx mdrun may be available in a different form in a future version of GROMACS, e.g. gmx minimize and an .mdp option.
Initiating Steepest Descents

Atom distribution over 1 domains: av 34 stddev 0 min 34 max 34
Started Steepest Descents on rank 0 Fri May 16 22:27:04 2025


Steepest Descents:
   Tolerance (Fmax)   =  1.00000e+03
   Number of steps    =        50000
           Step           Time
              0        0.00000

   Energies (kJ/mol)
           Bond          Angle Ryckaert-Bell.          LJ-14     Coulomb-14
    6.65029e+03    1.61019e+03   -1.16838e-01    1.03482e+02   -4.14172e+01
        LJ (SR)   Coulomb (SR)   Coul. recip.      Potential Pressure (bar)
    1.03177e+00   -1.70065e+02    8.88055e+01    8.24220e+03   -5.04510e+03

           Step           Time
              1        1.00000

   Energies (kJ/mol)
           Bond          Angle Ryckaert-Bell.          LJ-14     Coulomb-14
    5.07850e+03    1.50179e+03    2.48051e-01    1.03819e+02   -4.12670e+01
        LJ (SR)   Coulomb (SR)   Coul. recip.      Potential Pressure (bar)
   -1.79600e-01   -1.70386e+02    8.81357e+01    6.56066e+03   -3.97195e+03

           Step           Time
              2        2.00000

   Energies (kJ/mol)
           Bond          Angle Ryckaert-Bell.          LJ-14     Coulomb-14
    3.55365e+03    1.37944e+03    9.03641e-01    1.03010e+02   -4.10977e+01
        LJ (SR)   Coulomb (SR)   Coul. recip.      Potential Pressure (bar)
   -1.38636e+00   -1.70802e+02    8.73165e+01    4.91103e+03   -2.83118e+03

           Step           Time
              3        3.00000

   Energies (kJ/mol)
           Bond          Angle Ryckaert-Bell.          LJ-14     Coulomb-14
    2.21199e+03    1.25441e+03    2.08362e+00    9.97038e+01   -4.09171e+01
        LJ (SR)   Coulomb (SR)   Coul. recip.      Potential Pressure (bar)
   -2.44384e+00   -1.71374e+02    8.62892e+01    3.43975e+03   -1.65951e+03

           Step           Time
              4        4.00000

   Energies (kJ/mol)
           Bond          Angle Ryckaert-Bell.          LJ-14     Coulomb-14
    1.12080e+03    1.27969e+03    3.65524e+00    9.41107e+01   -4.07388e+01
        LJ (SR)   Coulomb (SR)   Coul. recip.      Potential Pressure (bar)
   -2.94870e+00   -1.72328e+02    8.48482e+01    2.36710e+03   -4.64615e+02

           Step           Time
              5        5.00000

   Energies (kJ/mol)
           Bond          Angle Ryckaert-Bell.          LJ-14     Coulomb-14
    4.49021e+02    1.20524e+03    3.27206e+00    1.34602e+02   -4.04254e+01
        LJ (SR)   Coulomb (SR)   Coul. recip.      Potential Pressure (bar)
   -2.82727e+00   -1.74750e+02    8.26114e+01    1.65675e+03    1.98440e+02

           Step           Time
              6        6.00000

   Energies (kJ/mol)
           Bond          Angle Ryckaert-Bell.          LJ-14     Coulomb-14
    6.73513e+02    9.38428e+02    3.42239e+00    6.42078e+01   -3.76383e+01
        LJ (SR)   Coulomb (SR)   Coul. recip.      Potential Pressure (bar)
   -3.11707e+00   -1.89209e+02    7.62293e+01    1.52584e+03   -1.14196e+02

           Step           Time
              7        7.00000

           Step           Time
              8        8.00000

   Energies (kJ/mol)
           Bond          Angle Ryckaert-Bell.          LJ-14     Coulomb-14
    2.45848e+02    9.19583e+02    3.26974e+00    7.29369e+01   -3.93675e+01
        LJ (SR)   Coulomb (SR)   Coul. recip.      Potential Pressure (bar)
   -5.81933e-01   -1.86540e+02    7.95062e+01    1.09465e+03    5.16906e+01

           Step           Time
              9        9.00000

           Step           Time
             10       10.00000

   Energies (kJ/mol)
           Bond          Angle Ryckaert-Bell.          LJ-14     Coulomb-14
    1.78695e+02    9.20870e+02    3.93991e+00    7.53595e+01   -3.92527e+01
        LJ (SR)   Coulomb (SR)   Coul. recip.      Potential Pressure (bar)
   -1.52377e+00   -1.88949e+02    7.85848e+01    1.02772e+03    2.84595e+02

           Step           Time
             11       11.00000

   Energies (kJ/mol)
           Bond          Angle Ryckaert-Bell.          LJ-14     Coulomb-14
    1.59293e+02    8.65529e+02    4.19809e+00    6.65090e+01   -3.91869e+01
        LJ (SR)   Coulomb (SR)   Coul. recip.      Potential Pressure (bar)
   -2.34993e-01   -1.90496e+02    7.81156e+01    9.43726e+02    2.11142e+02

           Step           Time
             12       12.00000

           Step           Time
             13       13.00000

   Energies (kJ/mol)
           Bond          Angle Ryckaert-Bell.          LJ-14     Coulomb-14
    1.27269e+02    8.45398e+02    5.30594e+00    6.24108e+01   -3.90313e+01
        LJ (SR)   Coulomb (SR)   Coul. recip.      Potential Pressure (bar)
   -8.00903e-01   -1.92950e+02    7.78238e+01    8.85425e+02    2.47452e+02

           Step           Time
             14       14.00000

   Energies (kJ/mol)
           Bond          Angle Ryckaert-Bell.          LJ-14     Coulomb-14
    1.20424e+02    7.99643e+02    6.45164e+00    5.84801e+01   -3.89394e+01
        LJ (SR)   Coulomb (SR)   Coul. recip.      Potential Pressure (bar)
    1.24415e-01   -1.95001e+02    7.71874e+01    8.28369e+02    2.22213e+02

           Step           Time
             15       15.00000

   Energies (kJ/mol)
           Bond          Angle Ryckaert-Bell.          LJ-14     Coulomb-14
    1.23448e+02    7.52916e+02    9.80613e+00    5.30315e+01   -3.87582e+01
        LJ (SR)   Coulomb (SR)   Coul. recip.      Potential Pressure (bar)
   -5.14362e-01   -1.98549e+02    7.69852e+01    7.78366e+02    2.45686e+02

           Step           Time
             16       16.00000

   Energies (kJ/mol)
           Bond          Angle Ryckaert-Bell.          LJ-14     Coulomb-14
    9.54003e+01    7.03356e+02    1.08452e+01    5.09352e+01   -3.87187e+01
        LJ (SR)   Coulomb (SR)   Coul. recip.      Potential Pressure (bar)
    8.12204e-01   -2.00002e+02    7.63141e+01    6.98942e+02    2.30741e+02

           Step           Time
             17       17.00000

   Energies (kJ/mol)
           Bond          Angle Ryckaert-Bell.          LJ-14     Coulomb-14
    1.51901e+02    6.30006e+02    1.39881e+01    4.29949e+01   -3.85397e+01
        LJ (SR)   Coulomb (SR)   Coul. recip.      Potential Pressure (bar)
    4.80900e-02   -2.03907e+02    7.63771e+01    6.72868e+02    2.22613e+02

           Step           Time
             18       18.00000

   Energies (kJ/mol)
           Bond          Angle Ryckaert-Bell.          LJ-14     Coulomb-14
    9.91408e+01    5.83227e+02    1.38159e+01    4.19914e+01   -3.85792e+01
        LJ (SR)   Coulomb (SR)   Coul. recip.      Potential Pressure (bar)
    2.04093e+00   -2.05041e+02    7.55959e+01    5.72192e+02    2.29033e+02

           Step           Time
             19       19.00000

           Step           Time
             20       20.00000

   Energies (kJ/mol)
           Bond          Angle Ryckaert-Bell.          LJ-14     Coulomb-14
    5.75836e+01    5.47204e+02    1.41401e+01    3.67589e+01   -3.85057e+01
        LJ (SR)   Coulomb (SR)   Coul. recip.      Potential Pressure (bar)
    1.34483e+00   -2.06643e+02    7.56203e+01    4.87503e+02    2.47011e+02

           Step           Time
             21       21.00000

   Energies (kJ/mol)
           Bond          Angle Ryckaert-Bell.          LJ-14     Coulomb-14
    1.02469e+02    4.80900e+02    1.34038e+01    3.23318e+01   -3.84669e+01
        LJ (SR)   Coulomb (SR)   Coul. recip.      Potential Pressure (bar)
    3.54597e+00   -2.09923e+02    7.45917e+01    4.58853e+02    2.06499e+02

           Step           Time
             22       22.00000

   Energies (kJ/mol)
           Bond          Angle Ryckaert-Bell.          LJ-14     Coulomb-14
    6.93024e+01    4.54842e+02    1.27922e+01    2.59995e+01   -3.84296e+01
        LJ (SR)   Coulomb (SR)   Coul. recip.      Potential Pressure (bar)
    2.42701e+00   -2.11670e+02    7.48978e+01    3.90160e+02    2.04174e+02

           Step           Time
             23       23.00000

           Step           Time
             24       24.00000

   Energies (kJ/mol)
           Bond          Angle Ryckaert-Bell.          LJ-14     Coulomb-14
    2.94544e+01    4.39064e+02    1.25906e+01    2.58855e+01   -3.84609e+01
        LJ (SR)   Coulomb (SR)   Coul. recip.      Potential Pressure (bar)
    3.53710e+00   -2.12489e+02    7.42134e+01    3.33795e+02    2.18429e+02

           Step           Time
             25       25.00000

           Step           Time
             26       26.00000

   Energies (kJ/mol)
           Bond          Angle Ryckaert-Bell.          LJ-14     Coulomb-14
    2.97349e+01    4.17273e+02    1.19316e+01    2.20410e+01   -3.84109e+01
        LJ (SR)   Coulomb (SR)   Coul. recip.      Potential Pressure (bar)
    3.43313e+00   -2.14365e+02    7.38624e+01    3.05500e+02    1.98288e+02

           Step           Time
             27       27.00000

   Energies (kJ/mol)
           Bond          Angle Ryckaert-Bell.          LJ-14     Coulomb-14
    2.46040e+01    4.01387e+02    1.16929e+01    2.12039e+01   -3.84447e+01
        LJ (SR)   Coulomb (SR)   Coul. recip.      Potential Pressure (bar)
    4.35088e+00   -2.15785e+02    7.31910e+01    2.82200e+02    1.89949e+02

           Step           Time
             28       28.00000

   Energies (kJ/mol)
           Bond          Angle Ryckaert-Bell.          LJ-14     Coulomb-14
    3.54435e+01    3.84326e+02    1.09791e+01    1.74604e+01   -3.83944e+01
        LJ (SR)   Coulomb (SR)   Coul. recip.      Potential Pressure (bar)
    3.95301e+00   -2.17786e+02    7.28839e+01    2.68865e+02    1.61487e+02

           Step           Time
             29       29.00000

   Energies (kJ/mol)
           Bond          Angle Ryckaert-Bell.          LJ-14     Coulomb-14
    2.68700e+01    3.72601e+02    1.10176e+01    1.78104e+01   -3.84437e+01
        LJ (SR)   Coulomb (SR)   Coul. recip.      Potential Pressure (bar)
    4.98233e+00   -2.18908e+02    7.21034e+01    2.48032e+02    1.62013e+02

           Step           Time
             30       30.00000

           Step           Time
             31       31.00000

   Energies (kJ/mol)
           Bond          Angle Ryckaert-Bell.          LJ-14     Coulomb-14
    1.16082e+01    3.63768e+02    1.06046e+01    1.57917e+01   -3.84149e+01
        LJ (SR)   Coulomb (SR)   Coul. recip.      Potential Pressure (bar)
    4.57117e+00   -2.19898e+02    7.19536e+01    2.19985e+02    1.55892e+02

           Step           Time
             32       32.00000

   Energies (kJ/mol)
           Bond          Angle Ryckaert-Bell.          LJ-14     Coulomb-14
    2.67778e+01    3.39341e+02    1.02690e+01    1.43688e+01   -3.84195e+01
        LJ (SR)   Coulomb (SR)   Coul. recip.      Potential Pressure (bar)
    5.53824e+00   -2.22804e+02    7.05282e+01    2.05600e+02    1.31665e+02

           Step           Time
             33       33.00000

   Energies (kJ/mol)
           Bond          Angle Ryckaert-Bell.          LJ-14     Coulomb-14
    1.74063e+01    3.29907e+02    9.75619e+00    1.20725e+01   -3.83991e+01
        LJ (SR)   Coulomb (SR)   Coul. recip.      Potential Pressure (bar)
    4.92205e+00   -2.24005e+02    7.04509e+01    1.82110e+02    1.18755e+02

           Step           Time
             34       34.00000

           Step           Time
             35       35.00000

   Energies (kJ/mol)
           Bond          Angle Ryckaert-Bell.          LJ-14     Coulomb-14
    6.49001e+00    3.21741e+02    9.77922e+00    1.22433e+01   -3.84095e+01
        LJ (SR)   Coulomb (SR)   Coul. recip.      Potential Pressure (bar)
    5.38897e+00   -2.24701e+02    6.98601e+01    1.62393e+02    1.24106e+02

           Step           Time
             36       36.00000

   Energies (kJ/mol)
           Bond          Angle Ryckaert-Bell.          LJ-14     Coulomb-14
    2.78648e+01    2.96719e+02    9.06611e+00    9.42504e+00   -3.83710e+01
        LJ (SR)   Coulomb (SR)   Coul. recip.      Potential Pressure (bar)
    5.22783e+00   -2.27740e+02    6.88010e+01    1.50992e+02    8.91495e+01

           Step           Time
             37       37.00000

   Energies (kJ/mol)
           Bond          Angle Ryckaert-Bell.          LJ-14     Coulomb-14
    6.85063e+00    2.87336e+02    9.13118e+00    9.88886e+00   -3.83972e+01
        LJ (SR)   Coulomb (SR)   Coul. recip.      Potential Pressure (bar)
    5.82766e+00   -2.28283e+02    6.81499e+01    1.20504e+02    1.00721e+02

           Step           Time
             38       38.00000

           Step           Time
             39       39.00000

   Energies (kJ/mol)
           Bond          Angle Ryckaert-Bell.          LJ-14     Coulomb-14
    1.00948e+01    2.74575e+02    8.76893e+00    8.55727e+00   -3.83850e+01
        LJ (SR)   Coulomb (SR)   Coul. recip.      Potential Pressure (bar)
    5.61603e+00   -2.29589e+02    6.77200e+01    1.07358e+02    8.90385e+01

           Step           Time
             40       40.00000

   Energies (kJ/mol)
           Bond          Angle Ryckaert-Bell.          LJ-14     Coulomb-14
    8.23183e+00    2.63367e+02    8.70885e+00    8.60769e+00   -3.83963e+01
        LJ (SR)   Coulomb (SR)   Coul. recip.      Potential Pressure (bar)
    6.09154e+00   -2.30410e+02    6.70160e+01    9.32169e+01    8.92675e+01

           Step           Time
             41       41.00000

   Energies (kJ/mol)
           Bond          Angle Ryckaert-Bell.          LJ-14     Coulomb-14
    1.86580e+01    2.48909e+02    8.31627e+00    7.12294e+00   -3.83935e+01
        LJ (SR)   Coulomb (SR)   Coul. recip.      Potential Pressure (bar)
    5.78623e+00   -2.31835e+02    6.66261e+01    8.51895e+01    7.15847e+01

           Step           Time
             42       42.00000

   Energies (kJ/mol)
           Bond          Angle Ryckaert-Bell.          LJ-14     Coulomb-14
    1.19721e+01    2.37726e+02    8.28669e+00    7.45095e+00   -3.84050e+01
        LJ (SR)   Coulomb (SR)   Coul. recip.      Potential Pressure (bar)
    6.39401e+00   -2.32449e+02    6.58435e+01    6.68192e+01    7.61047e+01

           Step           Time
             43       43.00000

           Step           Time
             44       44.00000

   Energies (kJ/mol)
           Bond          Angle Ryckaert-Bell.          LJ-14     Coulomb-14
    5.47394e+00    2.29216e+02    8.07355e+00    6.60987e+00   -3.84119e+01
        LJ (SR)   Coulomb (SR)   Coul. recip.      Potential Pressure (bar)
    6.13907e+00   -2.33146e+02    6.56922e+01    4.96462e+01    7.14307e+01

           Step           Time
             45       45.00000

   Energies (kJ/mol)
           Bond          Angle Ryckaert-Bell.          LJ-14     Coulomb-14
    1.42318e+01    2.09608e+02    7.84740e+00    6.31229e+00   -3.84183e+01
        LJ (SR)   Coulomb (SR)   Coul. recip.      Potential Pressure (bar)
    6.67008e+00   -2.34460e+02    6.45891e+01    3.63804e+01    6.20687e+01

           Step           Time
             46       46.00000

   Energies (kJ/mol)
           Bond          Angle Ryckaert-Bell.          LJ-14     Coulomb-14
    1.18556e+01    1.99485e+02    7.63536e+00    5.32878e+00   -3.84455e+01
        LJ (SR)   Coulomb (SR)   Coul. recip.      Potential Pressure (bar)
    6.31100e+00   -2.35301e+02    6.44915e+01    2.13605e+01    5.22537e+01

           Step           Time
             47       47.00000

   Energies (kJ/mol)
           Bond          Angle Ryckaert-Bell.          LJ-14     Coulomb-14
    2.01680e+01    1.85956e+02    7.51584e+00    5.47604e+00   -3.84453e+01
        LJ (SR)   Coulomb (SR)   Coul. recip.      Potential Pressure (bar)
    6.89366e+00   -2.36024e+02    6.35237e+01    1.50641e+01    4.76227e+01

           Step           Time
             48       48.00000

   Energies (kJ/mol)
           Bond          Angle Ryckaert-Bell.          LJ-14     Coulomb-14
    2.58716e+01    1.75697e+02    7.32578e+00    4.36839e+00   -3.84948e+01
        LJ (SR)   Coulomb (SR)   Coul. recip.      Potential Pressure (bar)
    6.37199e+00   -2.36979e+02    6.35541e+01    7.71471e+00    3.18906e+01

           Step           Time
             49       49.00000

   Energies (kJ/mol)
           Bond          Angle Ryckaert-Bell.          LJ-14     Coulomb-14
    3.27654e+01    1.64042e+02    7.23538e+00    4.77465e+00   -3.84810e+01
        LJ (SR)   Coulomb (SR)   Coul. recip.      Potential Pressure (bar)
    7.09422e+00   -2.37434e+02    6.24765e+01    2.47258e+00    3.01714e+01

           Step           Time
             50       50.00000

           Step           Time
             51       51.00000

   Energies (kJ/mol)
           Bond          Angle Ryckaert-Bell.          LJ-14     Coulomb-14
    4.28759e+00    1.56449e+02    7.13673e+00    4.11287e+00   -3.85258e+01
        LJ (SR)   Coulomb (SR)   Coul. recip.      Potential Pressure (bar)
    6.67968e+00   -2.37904e+02    6.25541e+01   -3.52097e+01    3.50619e+01

           Step           Time
             52       52.00000

   Energies (kJ/mol)
           Bond          Angle Ryckaert-Bell.          LJ-14     Coulomb-14
    3.59846e+01    1.22902e+02    6.78758e+00    3.49344e+00   -3.85403e+01
        LJ (SR)   Coulomb (SR)   Coul. recip.      Potential Pressure (bar)
    7.20968e+00   -2.39991e+02    6.03887e+01   -4.17656e+01    8.80839e-01

           Step           Time
             53       53.00000

   Energies (kJ/mol)
           Bond          Angle Ryckaert-Bell.          LJ-14     Coulomb-14
    1.46348e+01    1.16077e+02    6.72793e+00    2.81782e+00   -3.86555e+01
        LJ (SR)   Coulomb (SR)   Coul. recip.      Potential Pressure (bar)
    6.63635e+00   -2.40635e+02    6.07053e+01   -7.16920e+01   -1.82345e+00

           Step           Time
             54       54.00000

           Step           Time
             55       55.00000

   Energies (kJ/mol)
           Bond          Angle Ryckaert-Bell.          LJ-14     Coulomb-14
    6.58202e+00    1.09007e+02    6.67080e+00    2.91542e+00   -3.86349e+01
        LJ (SR)   Coulomb (SR)   Coul. recip.      Potential Pressure (bar)
    6.86528e+00   -2.40860e+02    5.99804e+01   -8.74740e+01    2.10351e+00

           Step           Time
             56       56.00000

           Step           Time
             57       57.00000

   Energies (kJ/mol)
           Bond          Angle Ryckaert-Bell.          LJ-14     Coulomb-14
    5.40805e+00    1.02632e+02    6.61421e+00    2.59803e+00   -3.86900e+01
        LJ (SR)   Coulomb (SR)   Coul. recip.      Potential Pressure (bar)
    6.61296e+00   -2.41419e+02    5.97974e+01   -9.64470e+01   -3.15959e+00

           Step           Time
             58       58.00000

   Energies (kJ/mol)
           Bond          Angle Ryckaert-Bell.          LJ-14     Coulomb-14
    7.44861e+00    9.44784e+01    6.54573e+00    2.54793e+00   -3.86956e+01
        LJ (SR)   Coulomb (SR)   Coul. recip.      Potential Pressure (bar)
    6.70787e+00   -2.41896e+02    5.90366e+01   -1.03827e+02   -7.84764e+00

           Step           Time
             59       59.00000

   Energies (kJ/mol)
           Bond          Angle Ryckaert-Bell.          LJ-14     Coulomb-14
    1.00899e+01    8.80352e+01    6.48964e+00    2.20529e+00   -3.87773e+01
        LJ (SR)   Coulomb (SR)   Coul. recip.      Potential Pressure (bar)
    6.35340e+00   -2.42591e+02    5.88863e+01   -1.09309e+02   -1.58703e+01

           Step           Time
             60       60.00000

   Energies (kJ/mol)
           Bond          Angle Ryckaert-Bell.          LJ-14     Coulomb-14
    1.00352e+01    8.19356e+01    6.44403e+00    2.25395e+00   -3.87577e+01
        LJ (SR)   Coulomb (SR)   Coul. recip.      Potential Pressure (bar)
    6.51327e+00   -2.42883e+02    5.80908e+01   -1.16368e+02   -1.78621e+01

           Step           Time
             61       61.00000

           Step           Time
             62       62.00000

   Energies (kJ/mol)
           Bond          Angle Ryckaert-Bell.          LJ-14     Coulomb-14
    3.30617e+00    7.81802e+01    6.41625e+00    2.06705e+00   -3.88157e+01
        LJ (SR)   Coulomb (SR)   Coul. recip.      Potential Pressure (bar)
    6.26642e+00   -2.43271e+02    5.80617e+01   -1.27788e+02   -1.84349e+01

           Step           Time
             63       63.00000

   Energies (kJ/mol)
           Bond          Angle Ryckaert-Bell.          LJ-14     Coulomb-14
    1.03650e+01    6.68249e+01    6.33067e+00    1.91357e+00   -3.88490e+01
        LJ (SR)   Coulomb (SR)   Coul. recip.      Potential Pressure (bar)
    6.14777e+00   -2.44217e+02    5.68152e+01   -1.34669e+02   -2.97585e+01

           Step           Time
             64       64.00000

   Energies (kJ/mol)
           Bond          Angle Ryckaert-Bell.          LJ-14     Coulomb-14
    6.98205e+00    6.31488e+01    6.29920e+00    1.72599e+00   -3.89435e+01
        LJ (SR)   Coulomb (SR)   Coul. recip.      Potential Pressure (bar)
    5.80775e+00   -2.44758e+02    5.68409e+01   -1.42897e+02   -3.25970e+01

           Step           Time
             65       65.00000

           Step           Time
             66       66.00000

   Energies (kJ/mol)
           Bond          Angle Ryckaert-Bell.          LJ-14     Coulomb-14
    2.92740e+00    6.00938e+01    6.28240e+00    1.73905e+00   -3.89290e+01
        LJ (SR)   Coulomb (SR)   Coul. recip.      Potential Pressure (bar)
    5.83420e+00   -2.44926e+02    5.63587e+01   -1.50619e+02   -3.16134e+01


Steepest Descents converged to Fmax < 1000 in 67 steps
Potential Energy  = -1.5061903e+02
Maximum force     =  9.2358966e+02 on atom 11
Norm of force     =  3.9066683e+02

    D O M A I N   D E C O M P O S I T I O N   S T A T I S T I C S

 av. #atoms communicated per step for force:  2 x 0.0

Finished mdrun on rank 0 Fri May 16 22:27:04 2025

