                      :-) GROMACS - gmx mdrun, 2025.2 (-:

Copyright 1991-2025 The GROMACS Authors.
GROMACS is free software; you can redistribute it and/or modify it
under the terms of the GNU Lesser General Public License
as published by the Free Software Foundation; either version 2.1
of the License, or (at your option) any later version.

                         Current GROMACS contributors:
       Mark Abraham           Andrey Alekseenko           Brian Andrews       
      Vladimir Basov              Paul Bauer                Hugh Bird         
      Eliane Briand               Ania Brown              Mahesh Doijade      
      Giacomo Fiorin          Stefan Fleischmann          Sergey Gorelov      
   Gilles Gouaillardet            Alan Gray              M. Eric Irrgang      
   Farzaneh Jalalypour         Petter Johansson          Carsten Kutzner      
    Grzegorz Łazarski         Justin A. Lemkul          Magnus Lundborg      
       Pascal Merz             Vedran Miletić            Dmitry Morozov      
     Lukas Müllender            Julien Nabet             Szilárd Páll      
 Andrea Pasquadibisceglie     Michele Pellegrino         Nicola Piasentin     
     Daniele Rapetti         Muhammad Umair Sadiq         Hubert Santuz       
      Roland Schulz             Michael Shirts           Tatiana Shugaeva     
     Alexey Shvetsov            Philip Turner            Alessandra Villa     
 Sebastian Wingbermühle  

                         Previous GROMACS contributors:
        Emile Apol             Rossen Apostolov           James Barnett       
  Herman J.C. Berendsen         Cathrine Bergh             Par Bjelkmar       
      Christian Blau          Viacheslav Bolnykh            Kevin Boyd        
    Aldert van Buuren          Carlo Camilloni           Rudi van Drunen      
      Anton Feenstra           Oliver Fleetwood            Vytas Gapsys       
       Gaurav Garg             Gerrit Groenhof            Bert de Groot       
      Anca Hamuraru           Vincent Hindriksen          Victor Holanda      
     Aleksei Iupinov              Joe Jordan            Christoph Junghans    
    Prashanth Kanduri        Dimitrios Karkoulis           Peter Kasson       
      Sebastian Kehl           Sebastian Keller             Jiri Kraus        
       Per Larsson              Viveca Lindahl            Erik Marklund       
    Pieter Meulenhoff           Teemu Murtola              Sander Pronk       
      Alfons Sijbers            Balint Soproni         David van der Spoel    
      Peter Tieleman            Carsten Uphoff             Jon Vincent        
     Teemu Virolainen         Christian Wennberg           Maarten Wolf       
      Artem Zhmurov       

                  Coordinated by the GROMACS project leaders:
                           Berk Hess and Erik Lindahl

GROMACS:      gmx mdrun, version 2025.2
Executable:   /usr/local/gromacs/bin/gmx
Data prefix:  /usr/local/gromacs
Working dir:  /home/yongsang/Research/PSID_server_room/GROMACS/08
Process ID:   3694568
Command line:
  gmx mdrun -deffnm md -v -ntmpi 2

GROMACS version:     2025.2
Precision:           mixed
Memory model:        64 bit
MPI library:         thread_mpi
OpenMP support:      enabled (GMX_OPENMP_MAX_THREADS = 128)
GPU support:         disabled
SIMD instructions:   AVX_512
CPU FFT library:     fftw-3.3.10-sse2-avx-avx2-avx2_128-avx512
GPU FFT library:     none
Multi-GPU FFT:       none
RDTSCP usage:        enabled
TNG support:         enabled
Hwloc support:       disabled
Tracing support:     disabled
C compiler:          /opt/rh/devtoolset-11/root/usr/bin/gcc GNU 11.2.1
C compiler flags:    -fexcess-precision=fast -funroll-all-loops -march=skylake-avx512 -Wno-missing-field-initializers -O3 -DNDEBUG
C++ compiler:        /opt/rh/devtoolset-11/root/usr/bin/g++ GNU 11.2.1
C++ compiler flags:  -fexcess-precision=fast -funroll-all-loops -march=skylake-avx512 -Wno-missing-field-initializers -Wno-cast-function-type-strict SHELL:-fopenmp -O3 -DNDEBUG
BLAS library:        External - detected on the system
LAPACK library:      External - detected on the system


Running on 1 node with total 36 cores, 36 processing units
Hardware detected on host ga00:
  CPU info:
    Vendor: Intel
    Brand:  Intel(R) Xeon(R) Gold 6354 CPU @ 3.00GHz
    Family: 6   Model: 106   Stepping: 6
    Features: aes apic avx avx2 avx512f avx512cd avx512bw avx512vl avx512secondFMA clfsh cmov cx8 cx16 f16c fma htt intel lahf mmx msr nonstop_tsc pcid pclmuldq pdcm pdpe1gb popcnt pse rdrnd rdtscp sha sse2 sse3 sse4.1 sse4.2 ssse3 tdt x2apic
    Number of AVX-512 FMA units: 2
  Hardware topology: Basic
    Packages, cores, and logical processors:
    [indices refer to OS logical processors]
      Package  0: [   0] [   2] [   4] [   6] [   8] [  10] [  12] [  14] [  16] [  18] [  20] [  22] [  24] [  26] [  28] [  30] [  32] [  34]
      Package  1: [   1] [   3] [   5] [   7] [   9] [  11] [  13] [  15] [  17] [  19] [  21] [  23] [  25] [  27] [  29] [  31] [  33] [  35]
    CPU limit set by OS: -1   Recommended max number of threads: 36


++++ PLEASE READ AND CITE THE FOLLOWING REFERENCE ++++
M. J. Abraham, T. Murtola, R. Schulz, S. Páll, J. C. Smith, B. Hess, E.
Lindahl
GROMACS: High performance molecular simulations through multi-level
parallelism from laptops to supercomputers
SoftwareX (2015)
DOI: 10.1016/j.softx.2015.06.001
-------- -------- --- Thank You --- -------- --------


++++ PLEASE READ AND CITE THE FOLLOWING REFERENCE ++++
S. Páll, M. J. Abraham, C. Kutzner, B. Hess, E. Lindahl
Tackling Exascale Software Challenges in Molecular Dynamics Simulations with
GROMACS
In S. Markidis & E. Laure (Eds.), Solving Software Challenges for Exascale (2015)
DOI: 10.1007/978-3-319-15976-8_1
-------- -------- --- Thank You --- -------- --------


++++ PLEASE READ AND CITE THE FOLLOWING REFERENCE ++++
S. Pronk, S. Páll, R. Schulz, P. Larsson, P. Bjelkmar, R. Apostolov, M. R.
Shirts, J. C. Smith, P. M. Kasson, D. van der Spoel, B. Hess, E. Lindahl
GROMACS 4.5: a high-throughput and highly parallel open source molecular
simulation toolkit
Bioinformatics (2013)
DOI: 10.1093/bioinformatics/btt055
-------- -------- --- Thank You --- -------- --------


++++ PLEASE READ AND CITE THE FOLLOWING REFERENCE ++++
B. Hess, C. Kutzner, D. van der Spoel, E. Lindahl
GROMACS 4: Algorithms for highly efficient, load-balanced, and scalable
molecular simulation
J. Chem. Theory Comput. (2008)
DOI: 10.1021/ct700301q
-------- -------- --- Thank You --- -------- --------


++++ PLEASE READ AND CITE THE FOLLOWING REFERENCE ++++
D. van der Spoel, E. Lindahl, B. Hess, G. Groenhof, A. E. Mark, H. J. C.
Berendsen
GROMACS: Fast, Flexible and Free
J. Comp. Chem. (2005)
DOI: 10.1002/jcc.20291
-------- -------- --- Thank You --- -------- --------


++++ PLEASE READ AND CITE THE FOLLOWING REFERENCE ++++
E. Lindahl, B. Hess, D. van der Spoel
GROMACS 3.0: A package for molecular simulation and trajectory analysis
J. Mol. Mod. (2001)
DOI: 10.1007/s008940100045
-------- -------- --- Thank You --- -------- --------


++++ PLEASE READ AND CITE THE FOLLOWING REFERENCE ++++
H. J. C. Berendsen, D. van der Spoel and R. van Drunen
GROMACS: A message-passing parallel molecular dynamics implementation
Comp. Phys. Comm. (1995)
DOI: 10.1016/0010-4655(95)00042-E
-------- -------- --- Thank You --- -------- --------


++++ PLEASE CITE THE DOI FOR THIS VERSION OF GROMACS ++++
https://doi.org/10.5281/zenodo.15387018
-------- -------- --- Thank You --- -------- --------

Input Parameters:
   integrator                     = md
   tinit                          = 0
   dt                             = 0.002
   nsteps                         = 50000
   init-step                      = 0
   simulation-part                = 1
   mts                            = false
   mass-repartition-factor        = 1
   comm-mode                      = Linear
   nstcomm                        = 100
   bd-fric                        = 0
   ld-seed                        = -4212367
   emtol                          = 10
   emstep                         = 0.01
   niter                          = 20
   fcstep                         = 0
   nstcgsteep                     = 1000
   nbfgscorr                      = 10
   rtpi                           = 0.05
   nstxout                        = 1000
   nstvout                        = 1000
   nstfout                        = 0
   nstlog                         = 1000
   nstcalcenergy                  = 100
   nstenergy                      = 1000
   nstxout-compressed             = 0
   compressed-x-precision         = 1000
   cutoff-scheme                  = Verlet
   nstlist                        = 10
   pbc                            = xyz
   periodic-molecules             = false
   verlet-buffer-tolerance        = 0.005
   verlet-buffer-pressure-tolerance = 0.5
   rlist                          = 1
   coulombtype                    = PME
   coulomb-modifier               = Potential-shift
   rcoulomb-switch                = 0
   rcoulomb                       = 1
   epsilon-r                      = 1
   epsilon-rf                     = inf
   vdw-type                       = Cut-off
   vdw-modifier                   = Potential-shift
   rvdw-switch                    = 0
   rvdw                           = 1
   DispCorr                       = No
   table-extension                = 1
   fourierspacing                 = 0.12
   fourier-nx                     = 28
   fourier-ny                     = 28
   fourier-nz                     = 28
   pme-order                      = 4
   ewald-rtol                     = 1e-05
   ewald-rtol-lj                  = 0.001
   lj-pme-comb-rule               = Geometric
   ewald-geometry                 = 3d
   epsilon-surface                = 0
   ensemble-temperature-setting   = constant
   ensemble-temperature           = 300
   tcoupl                         = V-rescale
   nsttcouple                     = 10
   nh-chain-length                = 0
   print-nose-hoover-chain-variables = false
   pcoupl                         = No
   refcoord-scaling               = No
   posres-com: not available
   posres-comB: not available
   QMMM                           = false
qm-opts:
   ngQM                           = 0
   constraint-algorithm           = Lincs
   continuation                   = true
   Shake-SOR                      = false
   shake-tol                      = 0.0001
   lincs-order                    = 4
   lincs-iter                     = 1
   lincs-warnangle                = 30
   nwall                          = 0
   wall-type                      = 9-3
   wall-r-linpot                  = -1
   wall-atomtype[0]               = -1
   wall-atomtype[1]               = -1
   wall-density[0]                = 0
   wall-density[1]                = 0
   wall-ewald-zfac                = 3
   pull                           = false
   awh                            = false
   rotation                       = false
   interactiveMD                  = false
   disre                          = No
   disre-weighting                = Conservative
   disre-mixed                    = false
   dr-fc                          = 1000
   dr-tau                         = 0
   nstdisreout                    = 100
   orire-fc                       = 0
   orire-tau                      = 0
   nstorireout                    = 100
   free-energy                    = no
   cos-acceleration               = 0
   deform (3x3):
      deform[    0]={ 0.00000e+00,  0.00000e+00,  0.00000e+00}
      deform[    1]={ 0.00000e+00,  0.00000e+00,  0.00000e+00}
      deform[    2]={ 0.00000e+00,  0.00000e+00,  0.00000e+00}
   simulated-tempering            = false
   swapcoords                     = no
   userint1                       = 0
   userint2                       = 0
   userint3                       = 0
   userint4                       = 0
   userreal1                      = 0
   userreal2                      = 0
   userreal3                      = 0
   userreal4                      = 0
   applied-forces:
     electric-field:
       x:
         E0                       = 0
         omega                    = 0
         t0                       = 0
         sigma                    = 0
       y:
         E0                       = 0
         omega                    = 0
         t0                       = 0
         sigma                    = 0
       z:
         E0                       = 0
         omega                    = 0
         t0                       = 0
         sigma                    = 0
     density-guided-simulation:
       active                     = false
       group                      = protein
       similarity-measure         = inner-product
       atom-spreading-weight      = unity
       force-constant             = 1e+09
       gaussian-transform-spreading-width = 0.2
       gaussian-transform-spreading-range-in-multiples-of-width = 4
       reference-density-filename = reference.mrc
       nst                        = 1
       normalize-densities        = true
       adaptive-force-scaling     = false
       adaptive-force-scaling-time-constant = 4
       shift-vector               = 
       transformation-matrix      = 
     qmmm-cp2k:
       active                     = false
       qmgroup                    = System
       qmmethod                   = PBE
       qmfilenames                = 
       qmcharge                   = 0
       qmmultiplicity             = 1
     colvars:
       active                     = false
       configfile                 = 
       seed                       = -1
     nnpot:
       active                     = false
       modelfile                  = model.pt
       input-group                = System
       model-input1               = 
       model-input2               = 
       model-input3               = 
       model-input4               = 
grpopts:
   nrdf:          78
   ref-t:         300
   tau-t:         0.1
annealing:          No
annealing-npoints:           0
   acc:	           0           0           0
   nfreeze:           N           N           N
   energygrp-flags[  0]: 0

Changing nstlist from 10 to 50, rlist from 1 to 1.061


Initializing Domain Decomposition on 2 ranks
Dynamic load balancing: auto
Using update groups, nr 20, average size 1.7 atoms, max. radius 0.078 nm
Minimum cell size due to atom displacement: 0.885 nm
Initial maximum distances in bonded interactions:
    two-body bonded interactions: 0.354 nm, LJ-14, atoms 1 9
  multi-body bonded interactions: 0.354 nm, Ryckaert-Bell., atoms 1 9
Minimum cell size due to bonded interactions: 0.389 nm
Scaling the initial minimum size with 1/0.8 (option -dds) = 1.25
Using 0 separate PME ranks because: there are too few total ranks for efficient splitting
Optimizing the DD grid for 2 cells with a minimum initial size of 1.106 nm
The maximum allowed number of cells is: X 2 Y 2 Z 2
Domain decomposition grid 2 x 1 x 1, separate PME ranks 0
PME domain decomposition: 2 x 1 x 1
Domain decomposition rank 0, coordinates 0 0 0

The initial number of communication pulses is: X 1
The initial domain decomposition cell size is: X 1.56 nm

The maximum allowed distance for atom groups involved in interactions is:
                 non-bonded interactions           1.217 nm
            two-body bonded interactions  (-rdd)   1.217 nm
          multi-body bonded interactions  (-rdd)   1.217 nm

When dynamic load balancing gets turned on, these settings will change to:
The maximum number of communication pulses is: X 1
The minimum size for domain decomposition cells is 1.217 nm
The requested allowed shrink of DD cells (option -dds) is: 0.80
The allowed shrink of domain decomposition cells is: X 0.78
The maximum allowed distance for atom groups involved in interactions is:
                 non-bonded interactions           1.217 nm
            two-body bonded interactions  (-rdd)   1.217 nm
          multi-body bonded interactions  (-rdd)   1.217 nm

Local state does not use filler particles

Using 2 MPI threads
Using 18 OpenMP threads per tMPI thread


Note: Your choice of number of MPI ranks and amount of resources results in using 18 OpenMP threads per rank, which is most likely inefficient. The optimum is usually between 1 and 8 threads per rank.
System total charge: 0.100
Will do PME sum in reciprocal space for electrostatic interactions.

++++ PLEASE READ AND CITE THE FOLLOWING REFERENCE ++++
U. Essmann, L. Perera, M. L. Berkowitz, T. Darden, H. Lee, L. G. Pedersen 
A smooth particle mesh Ewald method
J. Chem. Phys. (1995)
DOI: 10.1063/1.470117
-------- -------- --- Thank You --- -------- --------

Using a Gaussian width (1/beta) of 0.320163 nm for Ewald
Potential shift: LJ r^-12: -1.000e+00 r^-6: -1.000e+00, Ewald -1.000e-05
Initialized non-bonded Coulomb Ewald tables, spacing: 9.33e-04 size: 1073

Generated table with 1030 data points for 1-4 COUL.
Tabscale = 500 points/nm
Generated table with 1030 data points for 1-4 LJ6.
Tabscale = 500 points/nm
Generated table with 1030 data points for 1-4 LJ12.
Tabscale = 500 points/nm


Using SIMD2xMM 4x8 nonbonded short-range kernels

Using a dual 4x8 pair-list setup updated with dynamic pruning:
  outer list: updated every 50 steps, buffer 0.061 nm, rlist 1.061 nm
  inner list: updated every 25 steps, buffer 0.000 nm, rlist 1.000 nm
At tolerance 0.005 kJ/mol/ps per atom, equivalent classical 1x1 list would be:
  outer list: updated every 50 steps, buffer 0.223 nm, rlist 1.223 nm
  inner list: updated every 25 steps, buffer 0.084 nm, rlist 1.084 nm

The average pressure is off by at most 0.36 bar due to missing LJ interactions

Using Geometric Lennard-Jones combination rule

Linking all bonded interactions to atoms


Pinning threads with an auto-selected logical cpu stride of 1

++++ PLEASE READ AND CITE THE FOLLOWING REFERENCE ++++
S. Miyamoto, P. A. Kollman
SETTLE: An Analytical Version of the SHAKE and RATTLE Algorithms for Rigid
Water Models
J. Comp. Chem. (1992)
DOI: 10.1002/jcc.540130805
-------- -------- --- Thank You --- -------- --------

Intra-simulation communication will occur every 10 steps.

++++ PLEASE READ AND CITE THE FOLLOWING REFERENCE ++++
G. Bussi, D. Donadio, M. Parrinello
Canonical sampling through velocity rescaling
J. Chem. Phys. (2007)
DOI: 10.1063/1.2408420
-------- -------- --- Thank You --- -------- --------

There are: 34 Atoms
Atom distribution over 2 domains: av 17 stddev 9 min 8 max 26
Center of mass motion removal mode is Linear
We have the following groups for center of mass motion removal:
  0:  rest

Started mdrun on rank 0 Fri May 16 22:41:15 2025

           Step           Time
              0        0.00000

   Energies (kJ/mol)
           Bond          Angle Ryckaert-Bell.          LJ-14     Coulomb-14
    1.03885e-06    5.02099e+01    1.26847e+01    3.76498e+00   -4.84685e+01
        LJ (SR)   Coulomb (SR)   Coul. recip. Position Rest.      Potential
    7.41263e+01   -4.77872e+02    9.81877e+00    6.35378e-04   -3.75735e+02
    Kinetic En.   Total Energy  Conserved En.    Temperature Pressure (bar)
    8.83580e+01   -2.87377e+02   -2.87377e+02    2.72488e+02    7.61921e+01


DD  step 49 load imb.: force  1.6%

DD  step 999 load imb.: force  2.0%
           Step           Time
           1000        2.00000

   Energies (kJ/mol)
           Bond          Angle Ryckaert-Bell.          LJ-14     Coulomb-14
    1.57865e+01    4.08010e+01    6.01373e+00    7.38931e+00   -4.88076e+01
        LJ (SR)   Coulomb (SR)   Coul. recip. Position Rest.      Potential
    5.71626e+01   -4.60626e+02    9.90446e+00    6.15958e+00   -3.66216e+02
    Kinetic En.   Total Energy  Conserved En.    Temperature Pressure (bar)
    1.20095e+02   -2.46122e+02   -3.02203e+02    3.70360e+02   -5.77807e+01


DD  step 1999 load imb.: force  1.7%
           Step           Time
           2000        4.00000

   Energies (kJ/mol)
           Bond          Angle Ryckaert-Bell.          LJ-14     Coulomb-14
    1.92718e+01    2.85608e+01    1.03339e+01    3.89383e+00   -4.94885e+01
        LJ (SR)   Coulomb (SR)   Coul. recip. Position Rest.      Potential
    5.36268e+01   -4.37510e+02    6.94131e+00    2.25780e+00   -3.62112e+02
    Kinetic En.   Total Energy  Conserved En.    Temperature Pressure (bar)
    7.95502e+01   -2.82562e+02   -3.09154e+02    2.45325e+02    9.88735e+01


DD  step 2999 load imb.: force  2.6%
           Step           Time
           3000        6.00000

   Energies (kJ/mol)
           Bond          Angle Ryckaert-Bell.          LJ-14     Coulomb-14
    1.99448e+01    2.04365e+01    9.22896e+00    5.02835e+00   -5.11200e+01
        LJ (SR)   Coulomb (SR)   Coul. recip. Position Rest.      Potential
    2.76193e+01   -4.16418e+02    7.59847e+00    3.22316e+00   -3.74459e+02
    Kinetic En.   Total Energy  Conserved En.    Temperature Pressure (bar)
    1.26282e+02   -2.48177e+02   -3.15186e+02    3.89441e+02    1.59426e+02


DD  step 3999 load imb.: force  2.7%
           Step           Time
           4000        8.00000

   Energies (kJ/mol)
           Bond          Angle Ryckaert-Bell.          LJ-14     Coulomb-14
    2.46184e+01    1.69756e+01    8.00926e+00    7.60616e+00   -5.12502e+01
        LJ (SR)   Coulomb (SR)   Coul. recip. Position Rest.      Potential
    3.35543e+01   -4.13807e+02    1.18909e+01    5.31281e+00   -3.57090e+02
    Kinetic En.   Total Energy  Conserved En.    Temperature Pressure (bar)
    9.91300e+01   -2.57960e+02   -3.28327e+02    3.05708e+02    9.15239e+01


DD  step 4999 load imb.: force  2.6%
           Step           Time
           5000       10.00000

   Energies (kJ/mol)
           Bond          Angle Ryckaert-Bell.          LJ-14     Coulomb-14
    4.30759e+01    4.51444e+01    9.03376e+00    3.02186e+00   -4.65171e+01
        LJ (SR)   Coulomb (SR)   Coul. recip. Position Rest.      Potential
    5.21203e+01   -4.36843e+02    1.13461e+01    4.04790e+00   -3.15570e+02
    Kinetic En.   Total Energy  Conserved En.    Temperature Pressure (bar)
    1.11945e+02   -2.03625e+02   -3.27826e+02    3.45227e+02    7.70706e+01


DD  step 5999 load imb.: force  1.6%
           Step           Time
           6000       12.00000

   Energies (kJ/mol)
           Bond          Angle Ryckaert-Bell.          LJ-14     Coulomb-14
    3.73367e+01    2.76262e+01    9.08949e+00    4.39717e+00   -4.78792e+01
        LJ (SR)   Coulomb (SR)   Coul. recip. Position Rest.      Potential
    2.77350e+01   -3.98789e+02    8.74151e+00    3.53132e+00   -3.28211e+02
    Kinetic En.   Total Energy  Conserved En.    Temperature Pressure (bar)
    1.03010e+02   -2.25201e+02   -3.39866e+02    3.17672e+02   -6.33168e+01


DD  step 6999 load imb.: force  2.6%
           Step           Time
           7000       14.00000

   Energies (kJ/mol)
           Bond          Angle Ryckaert-Bell.          LJ-14     Coulomb-14
    2.53234e+01    2.47412e+01    1.01876e+01    4.10024e+00   -4.83466e+01
        LJ (SR)   Coulomb (SR)   Coul. recip. Position Rest.      Potential
    4.88455e+01   -4.31651e+02    1.13994e+01    6.08739e-01   -3.54791e+02
    Kinetic En.   Total Energy  Conserved En.    Temperature Pressure (bar)
    1.08835e+02   -2.45956e+02   -3.58432e+02    3.35638e+02    5.17049e+01


DD  step 7999 load imb.: force  2.5%
           Step           Time
           8000       16.00000

   Energies (kJ/mol)
           Bond          Angle Ryckaert-Bell.          LJ-14     Coulomb-14
    2.42077e+01    2.81073e+01    8.31344e+00    6.14336e+00   -4.87332e+01
        LJ (SR)   Coulomb (SR)   Coul. recip. Position Rest.      Potential
    1.66856e+01   -3.99247e+02    1.23439e+01    3.07584e+00   -3.49104e+02
    Kinetic En.   Total Energy  Conserved En.    Temperature Pressure (bar)
    1.14649e+02   -2.34454e+02   -3.68299e+02    3.53568e+02    2.40655e+01


DD  step 8999 load imb.: force  2.0%
           Step           Time
           9000       18.00000

   Energies (kJ/mol)
           Bond          Angle Ryckaert-Bell.          LJ-14     Coulomb-14
    2.34559e+01    1.66651e+01    9.48540e+00    3.60876e+00   -4.96328e+01
        LJ (SR)   Coulomb (SR)   Coul. recip. Position Rest.      Potential
    6.54832e+01   -4.64478e+02    8.72240e+00    3.44552e+00   -3.83244e+02
    Kinetic En.   Total Energy  Conserved En.    Temperature Pressure (bar)
    8.65980e+01   -2.96646e+02   -3.80353e+02    2.67060e+02   -9.79785e+00


DD  step 9999 load imb.: force  2.3%
           Step           Time
          10000       20.00000

   Energies (kJ/mol)
           Bond          Angle Ryckaert-Bell.          LJ-14     Coulomb-14
    1.92817e+01    2.77889e+01    8.21620e+00    6.21001e+00   -4.99785e+01
        LJ (SR)   Coulomb (SR)   Coul. recip. Position Rest.      Potential
    6.83200e+01   -4.50489e+02    9.29109e+00    1.52837e+00   -3.59832e+02
    Kinetic En.   Total Energy  Conserved En.    Temperature Pressure (bar)
    1.07698e+02   -2.52133e+02   -3.95057e+02    3.32132e+02   -5.66774e+01


DD  step 10999 load imb.: force  2.7%
           Step           Time
          11000       22.00000

   Energies (kJ/mol)
           Bond          Angle Ryckaert-Bell.          LJ-14     Coulomb-14
    8.53636e+00    2.10997e+01    1.10434e+01    2.60999e+00   -4.55949e+01
        LJ (SR)   Coulomb (SR)   Coul. recip. Position Rest.      Potential
    7.31346e+01   -4.60139e+02    7.51383e+00    3.28795e+00   -3.78509e+02
    Kinetic En.   Total Energy  Conserved En.    Temperature Pressure (bar)
    8.60119e+01   -2.92497e+02   -4.08626e+02    2.65253e+02   -1.98220e+01


DD  step 11999 load imb.: force  2.3%
           Step           Time
          12000       24.00000

   Energies (kJ/mol)
           Bond          Angle Ryckaert-Bell.          LJ-14     Coulomb-14
    1.41081e+01    5.95942e+01    7.73794e+00    7.59408e+00   -4.92872e+01
        LJ (SR)   Coulomb (SR)   Coul. recip. Position Rest.      Potential
    4.19302e+01   -4.05978e+02    1.11877e+01    3.98087e+00   -3.09132e+02
    Kinetic En.   Total Energy  Conserved En.    Temperature Pressure (bar)
    1.18721e+02   -1.90410e+02   -4.15216e+02    3.66125e+02    3.53791e+01


DD  step 12999 load imb.: force  3.1%
           Step           Time
          13000       26.00000

   Energies (kJ/mol)
           Bond          Angle Ryckaert-Bell.          LJ-14     Coulomb-14
    1.23317e+01    3.35315e+01    1.01703e+01    3.70207e+00   -5.02883e+01
        LJ (SR)   Coulomb (SR)   Coul. recip. Position Rest.      Potential
    4.25159e+01   -4.24429e+02    1.03625e+01    2.04263e+00   -3.60061e+02
    Kinetic En.   Total Energy  Conserved En.    Temperature Pressure (bar)
    8.46345e+01   -2.75426e+02   -4.21170e+02    2.61005e+02    1.96695e+00


DD  step 13999 load imb.: force  2.8%
           Step           Time
          14000       28.00000

   Energies (kJ/mol)
           Bond          Angle Ryckaert-Bell.          LJ-14     Coulomb-14
    9.63687e+00    3.28790e+01    8.35295e+00    6.13963e+00   -5.04382e+01
        LJ (SR)   Coulomb (SR)   Coul. recip. Position Rest.      Potential
    6.53630e+01   -4.04238e+02    1.23509e+01    2.84122e+00   -3.17112e+02
    Kinetic En.   Total Energy  Conserved En.    Temperature Pressure (bar)
    5.01455e+01   -2.66967e+02   -4.32889e+02    1.54644e+02    9.59734e+01


DD  step 14999 load imb.: force  2.6%
           Step           Time
          15000       30.00000

   Energies (kJ/mol)
           Bond          Angle Ryckaert-Bell.          LJ-14     Coulomb-14
    1.70371e+01    1.99286e+01    1.04447e+01    4.23048e+00   -4.93904e+01
        LJ (SR)   Coulomb (SR)   Coul. recip. Position Rest.      Potential
    5.64871e+01   -4.21996e+02    1.70005e+01    1.33466e+00   -3.44923e+02
    Kinetic En.   Total Energy  Conserved En.    Temperature Pressure (bar)
    1.12639e+02   -2.32284e+02   -4.48539e+02    3.47369e+02    4.93968e+01


DD  step 15999 load imb.: force  2.3%
           Step           Time
          16000       32.00000

   Energies (kJ/mol)
           Bond          Angle Ryckaert-Bell.          LJ-14     Coulomb-14
    2.23508e+01    3.50425e+01    8.69499e+00    3.89134e+00   -4.70343e+01
        LJ (SR)   Coulomb (SR)   Coul. recip. Position Rest.      Potential
    3.01597e+01   -3.93744e+02    1.12001e+01    4.28937e+00   -3.25150e+02
    Kinetic En.   Total Energy  Conserved En.    Temperature Pressure (bar)
    1.05177e+02   -2.19973e+02   -4.45405e+02    3.24355e+02   -8.06372e+01


DD  step 16999 load imb.: force  2.6%
           Step           Time
          17000       34.00000

   Energies (kJ/mol)
           Bond          Angle Ryckaert-Bell.          LJ-14     Coulomb-14
    2.89152e+01    2.28811e+01    1.10722e+01    2.81134e+00   -5.01303e+01
        LJ (SR)   Coulomb (SR)   Coul. recip. Position Rest.      Potential
    4.47159e+01   -4.45871e+02    8.86214e+00    1.93939e+00   -3.74804e+02
    Kinetic En.   Total Energy  Conserved En.    Temperature Pressure (bar)
    8.44679e+01   -2.90336e+02   -4.48919e+02    2.60491e+02   -1.95874e+02


DD  step 17999 load imb.: force  2.4%
           Step           Time
          18000       36.00000

   Energies (kJ/mol)
           Bond          Angle Ryckaert-Bell.          LJ-14     Coulomb-14
    1.52087e+01    2.71454e+01    1.38600e+01    5.26312e+00   -4.73781e+01
        LJ (SR)   Coulomb (SR)   Coul. recip. Position Rest.      Potential
    6.65305e+01   -4.54471e+02    1.50540e+01    3.86703e+00   -3.54921e+02
    Kinetic En.   Total Energy  Conserved En.    Temperature Pressure (bar)
    1.02399e+02   -2.52522e+02   -4.56380e+02    3.15787e+02   -3.25692e+01


DD  step 18999 load imb.: force  2.1%
           Step           Time
          19000       38.00000

   Energies (kJ/mol)
           Bond          Angle Ryckaert-Bell.          LJ-14     Coulomb-14
    1.49066e+01    2.66764e+01    1.11930e+01    5.45434e+00   -4.99233e+01
        LJ (SR)   Coulomb (SR)   Coul. recip. Position Rest.      Potential
    3.74028e+01   -4.22710e+02    1.33540e+01    3.00089e+00   -3.60646e+02
    Kinetic En.   Total Energy  Conserved En.    Temperature Pressure (bar)
    6.85241e+01   -2.92122e+02   -4.61492e+02    2.11322e+02    1.10821e+02


DD  step 19999 load imb.: force  2.3%
           Step           Time
          20000       40.00000

   Energies (kJ/mol)
           Bond          Angle Ryckaert-Bell.          LJ-14     Coulomb-14
    2.03498e+01    2.86072e+01    1.14434e+01    9.87308e+00   -5.31171e+01
        LJ (SR)   Coulomb (SR)   Coul. recip. Position Rest.      Potential
    6.62277e+01   -4.54538e+02    7.53867e+00    2.28461e+00   -3.61331e+02
    Kinetic En.   Total Energy  Conserved En.    Temperature Pressure (bar)
    7.56527e+01   -2.85678e+02   -4.66921e+02    2.33306e+02   -1.33685e+00


DD  step 20999 load imb.: force  2.7%
           Step           Time
          21000       42.00000

   Energies (kJ/mol)
           Bond          Angle Ryckaert-Bell.          LJ-14     Coulomb-14
    1.20829e+01    3.81590e+01    1.32027e+01    1.15084e+01   -5.52617e+01
        LJ (SR)   Coulomb (SR)   Coul. recip. Position Rest.      Potential
    6.15427e+01   -4.45655e+02    1.04015e+01    5.55339e+00   -3.48466e+02
    Kinetic En.   Total Energy  Conserved En.    Temperature Pressure (bar)
    1.32133e+02   -2.16333e+02   -4.79609e+02    4.07485e+02    1.86705e+01


DD  step 21999 load imb.: force  2.4%
           Step           Time
          22000       44.00000

   Energies (kJ/mol)
           Bond          Angle Ryckaert-Bell.          LJ-14     Coulomb-14
    1.94250e+01    2.13873e+01    1.01874e+01    1.41123e+00   -4.86122e+01
        LJ (SR)   Coulomb (SR)   Coul. recip. Position Rest.      Potential
    6.30825e+01   -4.72368e+02    8.86198e+00    2.69684e+00   -3.93928e+02
    Kinetic En.   Total Energy  Conserved En.    Temperature Pressure (bar)
    1.00519e+02   -2.93410e+02   -4.88871e+02    3.09990e+02    3.43221e+01


DD  step 22999 load imb.: force  2.9%
           Step           Time
          23000       46.00000

   Energies (kJ/mol)
           Bond          Angle Ryckaert-Bell.          LJ-14     Coulomb-14
    1.41598e+01    3.19826e+01    9.87376e+00    3.43467e+00   -4.89272e+01
        LJ (SR)   Coulomb (SR)   Coul. recip. Position Rest.      Potential
    3.50639e+01   -4.13727e+02    1.24490e+01    4.98485e+00   -3.50705e+02
    Kinetic En.   Total Energy  Conserved En.    Temperature Pressure (bar)
    1.09729e+02   -2.40976e+02   -4.95476e+02    3.38394e+02   -7.81896e+00


DD  step 23999 load imb.: force  1.9%
           Step           Time
          24000       48.00000

   Energies (kJ/mol)
           Bond          Angle Ryckaert-Bell.          LJ-14     Coulomb-14
    5.61953e+00    1.87721e+01    9.56720e+00    4.66468e+00   -4.92010e+01
        LJ (SR)   Coulomb (SR)   Coul. recip. Position Rest.      Potential
    5.31182e+01   -4.42570e+02    1.30747e+01    2.67881e+00   -3.84276e+02
    Kinetic En.   Total Energy  Conserved En.    Temperature Pressure (bar)
    1.04781e+02   -2.79495e+02   -5.02257e+02    3.23135e+02   -4.71136e+01


DD  step 24999 load imb.: force  2.1%
           Step           Time
          25000       50.00000

   Energies (kJ/mol)
           Bond          Angle Ryckaert-Bell.          LJ-14     Coulomb-14
    2.90055e+01    3.65373e+01    1.23338e+01    7.06223e+00   -4.97548e+01
        LJ (SR)   Coulomb (SR)   Coul. recip. Position Rest.      Potential
    3.82759e+01   -4.16269e+02    1.01069e+01    3.19771e+00   -3.29504e+02
    Kinetic En.   Total Energy  Conserved En.    Temperature Pressure (bar)
    9.56618e+01   -2.33842e+02   -5.14568e+02    2.95012e+02    4.51055e+01


DD  step 25999 load imb.: force  2.4%
           Step           Time
          26000       52.00000

   Energies (kJ/mol)
           Bond          Angle Ryckaert-Bell.          LJ-14     Coulomb-14
    1.59297e+01    2.00143e+01    1.09649e+01    6.10956e+00   -5.06662e+01
        LJ (SR)   Coulomb (SR)   Coul. recip. Position Rest.      Potential
    4.88358e+01   -4.41937e+02    8.37893e+00    1.86663e+00   -3.80503e+02
    Kinetic En.   Total Energy  Conserved En.    Temperature Pressure (bar)
    8.97934e+01   -2.90710e+02   -5.34052e+02    2.76914e+02    1.78529e+01


DD  step 26999 load imb.: force  2.2%
           Step           Time
          27000       54.00000

   Energies (kJ/mol)
           Bond          Angle Ryckaert-Bell.          LJ-14     Coulomb-14
    2.65927e+01    2.25562e+01    9.87103e+00    5.99900e+00   -5.10673e+01
        LJ (SR)   Coulomb (SR)   Coul. recip. Position Rest.      Potential
    4.15429e+01   -4.32674e+02    8.16005e+00    4.35213e+00   -3.64668e+02
    Kinetic En.   Total Energy  Conserved En.    Temperature Pressure (bar)
    9.57971e+01   -2.68870e+02   -5.33207e+02    2.95429e+02    1.10336e+01


DD  step 27999 load imb.: force  2.6%
           Step           Time
          28000       56.00000

   Energies (kJ/mol)
           Bond          Angle Ryckaert-Bell.          LJ-14     Coulomb-14
    1.55934e+01    2.17474e+01    6.55107e+00    5.55040e+00   -4.81354e+01
        LJ (SR)   Coulomb (SR)   Coul. recip. Position Rest.      Potential
    3.77763e+01   -3.92543e+02    1.39658e+01    1.99373e+00   -3.37501e+02
    Kinetic En.   Total Energy  Conserved En.    Temperature Pressure (bar)
    1.42534e+02   -1.94967e+02   -5.40905e+02    4.39560e+02    9.83091e+01


DD  step 28999 load imb.: force  2.8%
           Step           Time
          29000       58.00000

   Energies (kJ/mol)
           Bond          Angle Ryckaert-Bell.          LJ-14     Coulomb-14
    1.60172e+01    1.28543e+01    1.32718e+01    8.10168e+00   -4.65381e+01
        LJ (SR)   Coulomb (SR)   Coul. recip. Position Rest.      Potential
    5.98151e+01   -4.50187e+02    9.76730e+00    3.70231e+00   -3.73195e+02
    Kinetic En.   Total Energy  Conserved En.    Temperature Pressure (bar)
    9.74782e+01   -2.75717e+02   -5.42765e+02    3.00614e+02    1.22608e+02


DD  step 29999 load imb.: force  2.5%
           Step           Time
          30000       60.00000

   Energies (kJ/mol)
           Bond          Angle Ryckaert-Bell.          LJ-14     Coulomb-14
    4.84398e+01    3.37051e+01    1.28588e+01    2.31688e+00   -4.98021e+01
        LJ (SR)   Coulomb (SR)   Coul. recip. Position Rest.      Potential
    5.12398e+01   -4.47957e+02    1.24502e+01    6.14243e+00   -3.30606e+02
    Kinetic En.   Total Energy  Conserved En.    Temperature Pressure (bar)
    8.80877e+01   -2.42518e+02   -5.54892e+02    2.71654e+02   -1.84345e+02


DD  step 30999 load imb.: force  2.5%
           Step           Time
          31000       62.00000

   Energies (kJ/mol)
           Bond          Angle Ryckaert-Bell.          LJ-14     Coulomb-14
    2.08787e+01    2.96905e+01    5.32877e+00    7.65825e+00   -4.74410e+01
        LJ (SR)   Coulomb (SR)   Coul. recip. Position Rest.      Potential
    3.50724e+01   -4.26341e+02    1.57016e+01    5.57860e+00   -3.53873e+02
    Kinetic En.   Total Energy  Conserved En.    Temperature Pressure (bar)
    8.44599e+01   -2.69413e+02   -5.65685e+02    2.60467e+02   -1.26394e+02


DD  step 31999 load imb.: force  0.2%
           Step           Time
          32000       64.00000

   Energies (kJ/mol)
           Bond          Angle Ryckaert-Bell.          LJ-14     Coulomb-14
    1.46433e+01    2.04673e+01    9.82389e+00    6.70841e+00   -5.05897e+01
        LJ (SR)   Coulomb (SR)   Coul. recip. Position Rest.      Potential
    4.97042e+01   -4.47549e+02    7.87665e+00    1.67821e+00   -3.87237e+02
    Kinetic En.   Total Energy  Conserved En.    Temperature Pressure (bar)
    7.42529e+01   -3.12984e+02   -5.65871e+02    2.28989e+02   -5.21881e+01


DD  step 32999 load imb.: force  2.3%
           Step           Time
          33000       66.00000

   Energies (kJ/mol)
           Bond          Angle Ryckaert-Bell.          LJ-14     Coulomb-14
    3.61379e+01    2.31934e+01    1.34392e+01    3.35054e+00   -4.89436e+01
        LJ (SR)   Coulomb (SR)   Coul. recip. Position Rest.      Potential
    5.98829e+01   -4.53428e+02    8.71051e+00    3.95427e+00   -3.53703e+02
    Kinetic En.   Total Energy  Conserved En.    Temperature Pressure (bar)
    7.25752e+01   -2.81128e+02   -5.61819e+02    2.23815e+02    3.80604e+01


DD  step 33999 load imb.: force  1.4%
           Step           Time
          34000       68.00000

   Energies (kJ/mol)
           Bond          Angle Ryckaert-Bell.          LJ-14     Coulomb-14
    1.29194e+01    2.09947e+01    7.08447e+00    6.17757e+00   -4.80847e+01
        LJ (SR)   Coulomb (SR)   Coul. recip. Position Rest.      Potential
    3.88881e+01   -4.33495e+02    1.39644e+01    4.22480e+00   -3.77326e+02
    Kinetic En.   Total Energy  Conserved En.    Temperature Pressure (bar)
    9.64333e+01   -2.80893e+02   -5.83800e+02    2.97391e+02   -7.16273e+01


DD  step 34999 load imb.: force  1.9%
           Step           Time
          35000       70.00000

   Energies (kJ/mol)
           Bond          Angle Ryckaert-Bell.          LJ-14     Coulomb-14
    3.34384e+01    2.62078e+01    1.03682e+01    2.44369e+00   -4.52193e+01
        LJ (SR)   Coulomb (SR)   Coul. recip. Position Rest.      Potential
    5.09150e+01   -4.43778e+02    1.41686e+01    5.24087e+00   -3.46215e+02
    Kinetic En.   Total Energy  Conserved En.    Temperature Pressure (bar)
    6.14809e+01   -2.84734e+02   -5.77765e+02    1.89601e+02    7.99558e+00


DD  step 35999 load imb.: force  0.6%
           Step           Time
          36000       72.00000

   Energies (kJ/mol)
           Bond          Angle Ryckaert-Bell.          LJ-14     Coulomb-14
    2.08576e+01    2.84055e+01    1.22254e+01    3.53518e+00   -4.99009e+01
        LJ (SR)   Coulomb (SR)   Coul. recip. Position Rest.      Potential
    6.48013e+01   -4.60372e+02    1.10241e+01    5.37296e+00   -3.64051e+02
    Kinetic En.   Total Energy  Conserved En.    Temperature Pressure (bar)
    7.74532e+01   -2.86598e+02   -6.04030e+02    2.38858e+02    2.10722e+01


DD  step 36999 load imb.: force  1.4%
           Step           Time
          37000       74.00000

   Energies (kJ/mol)
           Bond          Angle Ryckaert-Bell.          LJ-14     Coulomb-14
    3.35917e+01    2.65954e+01    8.89607e+00    3.48128e+00   -4.79037e+01
        LJ (SR)   Coulomb (SR)   Coul. recip. Position Rest.      Potential
    5.24812e+01   -4.53882e+02    1.10095e+01    1.27866e+00   -3.64452e+02
    Kinetic En.   Total Energy  Conserved En.    Temperature Pressure (bar)
    8.19657e+01   -2.82486e+02   -6.13146e+02    2.52775e+02    7.40215e+01


DD  step 37999 load imb.: force  2.7%
           Step           Time
          38000       76.00000

   Energies (kJ/mol)
           Bond          Angle Ryckaert-Bell.          LJ-14     Coulomb-14
    2.98740e+01    3.69831e+01    1.01080e+01    4.49777e+00   -4.94173e+01
        LJ (SR)   Coulomb (SR)   Coul. recip. Position Rest.      Potential
    5.81029e+01   -4.37217e+02    6.19705e+00    2.10952e+00   -3.38762e+02
    Kinetic En.   Total Energy  Conserved En.    Temperature Pressure (bar)
    7.99212e+01   -2.58841e+02   -6.21427e+02    2.46470e+02    3.87265e+01


DD  step 38999 load imb.: force  2.5%
           Step           Time
          39000       78.00000

   Energies (kJ/mol)
           Bond          Angle Ryckaert-Bell.          LJ-14     Coulomb-14
    1.79093e+01    1.69902e+01    8.09404e+00    3.74924e+00   -4.78431e+01
        LJ (SR)   Coulomb (SR)   Coul. recip. Position Rest.      Potential
    5.74059e+01   -4.38244e+02    9.41329e+00    2.54066e+00   -3.69985e+02
    Kinetic En.   Total Energy  Conserved En.    Temperature Pressure (bar)
    9.38511e+01   -2.76134e+02   -6.30208e+02    2.89428e+02   -4.14979e+01


DD  step 39999 load imb.: force  2.0%
           Step           Time
          40000       80.00000

   Energies (kJ/mol)
           Bond          Angle Ryckaert-Bell.          LJ-14     Coulomb-14
    8.79730e+00    2.01343e+01    9.48601e+00    5.69640e+00   -5.21134e+01
        LJ (SR)   Coulomb (SR)   Coul. recip. Position Rest.      Potential
    4.90399e+01   -4.39901e+02    1.02943e+01    1.27267e+00   -3.87293e+02
    Kinetic En.   Total Energy  Conserved En.    Temperature Pressure (bar)
    9.78108e+01   -2.89482e+02   -6.41364e+02    3.01639e+02   -4.25096e+01


DD  step 40999 load imb.: force  1.7%
           Step           Time
          41000       82.00000

   Energies (kJ/mol)
           Bond          Angle Ryckaert-Bell.          LJ-14     Coulomb-14
    2.68749e+01    3.30490e+01    1.43425e+01    1.40186e+00   -4.83595e+01
        LJ (SR)   Coulomb (SR)   Coul. recip. Position Rest.      Potential
    4.26843e+01   -4.06308e+02    1.36885e+01    7.18380e+00   -3.15442e+02
    Kinetic En.   Total Energy  Conserved En.    Temperature Pressure (bar)
    9.77702e+01   -2.17672e+02   -6.45450e+02    3.01514e+02   -1.39422e+02


DD  step 41999 load imb.: force  2.6%
           Step           Time
          42000       84.00000

   Energies (kJ/mol)
           Bond          Angle Ryckaert-Bell.          LJ-14     Coulomb-14
    1.62142e+01    5.67226e+01    1.18267e+01    3.87620e+00   -4.73695e+01
        LJ (SR)   Coulomb (SR)   Coul. recip. Position Rest.      Potential
    7.29811e+01   -4.54744e+02    2.32509e+01    6.44307e+00   -3.10799e+02
    Kinetic En.   Total Energy  Conserved En.    Temperature Pressure (bar)
    1.09399e+02   -2.01400e+02   -6.55933e+02    3.37376e+02    1.09849e+02


DD  step 42999 load imb.: force  2.1%
           Step           Time
          43000       86.00000

   Energies (kJ/mol)
           Bond          Angle Ryckaert-Bell.          LJ-14     Coulomb-14
    1.65016e+01    3.40841e+01    1.36966e+01    3.98470e+00   -5.13617e+01
        LJ (SR)   Coulomb (SR)   Coul. recip. Position Rest.      Potential
    4.36749e+01   -4.14521e+02    7.64731e+00    5.52104e+00   -3.40773e+02
    Kinetic En.   Total Energy  Conserved En.    Temperature Pressure (bar)
    9.11352e+01   -2.49638e+02   -6.65815e+02    2.81052e+02    1.48184e+02


DD  step 43999 load imb.: force  2.1%
           Step           Time
          44000       88.00000

   Energies (kJ/mol)
           Bond          Angle Ryckaert-Bell.          LJ-14     Coulomb-14
    8.21547e+00    3.11025e+01    1.29684e+01    4.78953e+00   -5.09467e+01
        LJ (SR)   Coulomb (SR)   Coul. recip. Position Rest.      Potential
    2.98320e+01   -4.07701e+02    1.28354e+01    3.81364e+00   -3.55090e+02
    Kinetic En.   Total Energy  Conserved En.    Temperature Pressure (bar)
    9.22418e+01   -2.62848e+02   -6.82075e+02    2.84465e+02   -5.06405e+01


DD  step 44999 load imb.: force  2.2%
           Step           Time
          45000       90.00000

   Energies (kJ/mol)
           Bond          Angle Ryckaert-Bell.          LJ-14     Coulomb-14
    1.33086e+01    3.44523e+01    1.19538e+01    4.05444e+00   -4.92717e+01
        LJ (SR)   Coulomb (SR)   Coul. recip. Position Rest.      Potential
    5.01730e+01   -4.31928e+02    1.64818e+01    4.99800e+00   -3.45778e+02
    Kinetic En.   Total Energy  Conserved En.    Temperature Pressure (bar)
    1.01363e+02   -2.44415e+02   -6.92493e+02    3.12594e+02   -2.35103e+01


DD  step 45999 load imb.: force  0.2%
           Step           Time
          46000       92.00000

   Energies (kJ/mol)
           Bond          Angle Ryckaert-Bell.          LJ-14     Coulomb-14
    1.00266e+01    5.36791e+01    1.57549e+01    7.08075e+00   -5.33874e+01
        LJ (SR)   Coulomb (SR)   Coul. recip. Position Rest.      Potential
    8.94507e+01   -4.68275e+02    5.54826e+00    2.91301e+00   -3.37209e+02
    Kinetic En.   Total Energy  Conserved En.    Temperature Pressure (bar)
    1.16980e+02   -2.20229e+02   -7.04875e+02    3.60755e+02    1.88305e+02


DD  step 46999 load imb.: force  2.2%
           Step           Time
          47000       94.00000

   Energies (kJ/mol)
           Bond          Angle Ryckaert-Bell.          LJ-14     Coulomb-14
    1.16727e+01    3.65937e+01    7.73490e+00    5.41765e+00   -5.05848e+01
        LJ (SR)   Coulomb (SR)   Coul. recip. Position Rest.      Potential
    7.25365e+01   -4.52939e+02    1.21655e+01    5.57494e+00   -3.51828e+02
    Kinetic En.   Total Energy  Conserved En.    Temperature Pressure (bar)
    8.93536e+01   -2.62474e+02   -7.13285e+02    2.75558e+02    2.81921e+01


DD  step 47999 load imb.: force  0.8%
           Step           Time
          48000       96.00000

   Energies (kJ/mol)
           Bond          Angle Ryckaert-Bell.          LJ-14     Coulomb-14
    1.82076e+01    2.56833e+01    8.84485e+00    5.29941e+00   -5.15058e+01
        LJ (SR)   Coulomb (SR)   Coul. recip. Position Rest.      Potential
    7.93361e+01   -4.54949e+02    1.23967e+01    3.07055e+00   -3.53616e+02
    Kinetic En.   Total Energy  Conserved En.    Temperature Pressure (bar)
    9.73016e+01   -2.56315e+02   -7.22455e+02    3.00069e+02    1.68220e+01


DD  step 48999 load imb.: force  2.6%
           Step           Time
          49000       98.00000

   Energies (kJ/mol)
           Bond          Angle Ryckaert-Bell.          LJ-14     Coulomb-14
    2.91301e+01    2.74224e+01    8.99166e+00    2.35452e+00   -4.50884e+01
        LJ (SR)   Coulomb (SR)   Coul. recip. Position Rest.      Potential
    6.35451e+01   -4.70336e+02    8.25344e+00    1.73499e+00   -3.73992e+02
    Kinetic En.   Total Energy  Conserved En.    Temperature Pressure (bar)
    1.06294e+02   -2.67698e+02   -7.30132e+02    3.27802e+02   -1.93417e+01


DD  step 49999 load imb.: force  2.3%
           Step           Time
          50000      100.00000

Writing checkpoint, step 50000 at Fri May 16 22:41:21 2025


   Energies (kJ/mol)
           Bond          Angle Ryckaert-Bell.          LJ-14     Coulomb-14
    2.03528e+01    2.98505e+01    8.00360e+00    2.86850e+00   -4.90078e+01
        LJ (SR)   Coulomb (SR)   Coul. recip. Position Rest.      Potential
    7.83694e+01   -4.56117e+02    7.13699e+00    4.71139e+00   -3.53832e+02
    Kinetic En.   Total Energy  Conserved En.    Temperature Pressure (bar)
    9.04091e+01   -2.63423e+02   -7.42176e+02    2.78813e+02   -1.35645e+02


Energy conservation over simulation part #1 of length 100 ps, time 0 to 100 ps
  Conserved energy drift: -1.34e-01 kJ/mol/ps per atom


	<======  ###############  ==>
	<====  A V E R A G E S  ====>
	<==  ###############  ======>

	Statistics over 50001 steps using 501 frames

   Energies (kJ/mol)
           Bond          Angle Ryckaert-Bell.          LJ-14     Coulomb-14
    2.13392e+01    2.83974e+01    1.01343e+01    4.54974e+00   -4.90851e+01
        LJ (SR)   Coulomb (SR)   Coul. recip. Position Rest.      Potential
    5.79245e+01   -4.43605e+02    1.10498e+01    3.90927e+00   -3.55386e+02
    Kinetic En.   Total Energy  Conserved En.    Temperature Pressure (bar)
    9.68079e+01   -2.58578e+02   -5.13899e+02    2.98546e+02    4.84058e-01

   Total Virial (kJ/mol)
    3.41112e+01    5.31267e+00    3.38036e+00
    5.31193e+00    3.44429e+01    5.54747e-01
    3.38257e+00    5.57391e-01    2.69384e+01

   Pressure (bar)
   -1.35968e+00   -5.93009e+00   -3.93325e+00
   -5.92927e+00   -1.55042e+00    3.16824e-01
   -3.93570e+00    3.13906e-01    4.36227e+00


	M E G A - F L O P S   A C C O U N T I N G

 NB=Group-cutoff nonbonded kernels    NxN=N-by-N cluster Verlet kernels
 RF=Reaction-Field  VdW=Van der Waals  QSTab=quadratic-spline table
 W3=SPC/TIP3p  W4=TIP4p (single or pairs)
 V&F=Potential and force  V=Potential only  F=Force only

 Computing:                               M-Number         M-Flops  % Flops
-----------------------------------------------------------------------------
 Pair Search distance check               0.758786           6.829     0.0
 NxN Ewald Elec. + LJ [F]                26.750256        1765.517     0.6
 NxN Ewald Elec. + LJ [V&F]               0.270464          28.940     0.0
 NxN LJ [F]                               3.918784         129.320     0.0
 NxN LJ [V&F]                             0.039616           1.703     0.0
 NxN Ewald Elec. [F]                     14.787792         902.055     0.3
 NxN Ewald Elec. [V&F]                    0.149248          12.537     0.0
 1,4 nonbonded interactions               1.200024         108.002     0.0
 Calc Weights                             5.100102         183.604     0.1
 Spread Q Bspline                       108.802176         217.604     0.1
 Gather F Bspline                       108.802176         652.813     0.2
 3D-FFT                               31659.933186      253279.465    85.7
 Solve PME                              588.011760       37632.753    12.7
 Reset In Box                             0.034000           0.102     0.0
 CG-CoM                                   0.034034           0.102     0.0
 Bonds                                    0.600012          35.401     0.0
 Angles                                   1.050021         176.404     0.1
 RB-Dihedrals                             1.000020         247.005     0.1
 Pos. Restr.                              0.300006          15.000     0.0
 Virial                                   0.062124           1.118     0.0
 Stop-CM                                  0.017034           0.170     0.0
 Calc-Ekin                                0.340068           9.182     0.0
 Constraint-V                             1.050021           9.450     0.0
 Constraint-Vir                           0.010521           0.253     0.0
 Settle                                   0.350007         129.503     0.0
-----------------------------------------------------------------------------
 Total                                                  295544.832   100.0
-----------------------------------------------------------------------------


    D O M A I N   D E C O M P O S I T I O N   S T A T I S T I C S

 av. #atoms communicated per step for force:  2 x 22.4


Dynamic load balancing report:
 DLB was off during the run due to low measured imbalance.
 Average load imbalance: 2.0%.
 The balanceable part of the MD step is 21%, load imbalance is computed from this.
 Part of the total run time spent waiting due to load imbalance: 0.4%.


      R E A L   C Y C L E   A N D   T I M E   A C C O U N T I N G

On 2 MPI ranks, each using 18 OpenMP threads

 Activity:              Num   Num      Call    Wall time         Giga-Cycles
                        Ranks Threads  Count      (s)         total sum    %
--------------------------------------------------------------------------------
 Domain decomp.            2   18       1000       0.063          6.786   1.1
 DD comm. load             2   18        502       0.001          0.091   0.0
 Neighbor search           2   18       1001       0.026          2.773   0.5
 Comm. coord.              2   18      49000       0.111         11.939   2.0
 Force                     2   18      50001       0.503         54.191   8.9
 Wait + Comm. F            2   18      50001       0.084          9.064   1.5
 PME mesh                  2   18      50001       4.162        448.486  73.4
 NB X/F buffer ops.        2   18     149002       0.317         34.160   5.6
 Write traj.               2   18         51       0.002          0.264   0.0
 Update                    2   18      50001       0.175         18.892   3.1
 Constraints               2   18      50001       0.123         13.262   2.2
 Kinetic energy            2   18      10001       0.021          2.213   0.4
 Comm. energies            2   18       5001       0.016          1.724   0.3
 Rest                                              0.067          7.195   1.2
--------------------------------------------------------------------------------
 Total                                             5.671        611.039 100.0
--------------------------------------------------------------------------------
 Breakdown of PME mesh activities
--------------------------------------------------------------------------------
 PME redist. X/F           2   18     100002       0.462         49.782   8.1
 PME spread                2   18      50001       1.209        130.275  21.3
 PME gather                2   18      50001       0.648         69.792  11.4
 PME 3D-FFT                2   18     100002       1.094        117.899  19.3
 PME 3D-FFT Comm.          2   18     100002       0.646         69.656  11.4
 PME solve Elec            2   18      50001       0.046          4.951   0.8
--------------------------------------------------------------------------------

               Core t (s)   Wall t (s)        (%)
       Time:      204.157        5.671     3599.9
                 (ns/day)    (hour/ns)
Performance:     1523.526        0.016
Finished mdrun on rank 0 Fri May 16 22:41:21 2025

