                      :-) GROMACS - gmx mdrun, 2025.2 (-:

Copyright 1991-2025 The GROMACS Authors.
GROMACS is free software; you can redistribute it and/or modify it
under the terms of the GNU Lesser General Public License
as published by the Free Software Foundation; either version 2.1
of the License, or (at your option) any later version.

                         Current GROMACS contributors:
       Mark Abraham           Andrey Alekseenko           Brian Andrews       
      Vladimir Basov              Paul Bauer                Hugh Bird         
      Eliane Briand               Ania Brown              Mahesh Doijade      
      Giacomo Fiorin          Stefan Fleischmann          Sergey Gorelov      
   Gilles Gouaillardet            Alan Gray              M. Eric Irrgang      
   Farzaneh Jalalypour         Petter Johansson          Carsten Kutzner      
    Grzegorz Łazarski         Justin A. Lemkul          Magnus Lundborg      
       Pascal Merz             Vedran Miletić            Dmitry Morozov      
     Lukas Müllender            Julien Nabet             Szilárd Páll      
 Andrea Pasquadibisceglie     Michele Pellegrino         Nicola Piasentin     
     Daniele Rapetti         Muhammad Umair Sadiq         Hubert Santuz       
      Roland Schulz             Michael Shirts           Tatiana Shugaeva     
     Alexey Shvetsov            Philip Turner            Alessandra Villa     
 Sebastian Wingbermühle  

                         Previous GROMACS contributors:
        Emile Apol             Rossen Apostolov           James Barnett       
  Herman J.C. Berendsen         Cathrine Bergh             Par Bjelkmar       
      Christian Blau          Viacheslav Bolnykh            Kevin Boyd        
    Aldert van Buuren          Carlo Camilloni           Rudi van Drunen      
      Anton Feenstra           Oliver Fleetwood            Vytas Gapsys       
       Gaurav Garg             Gerrit Groenhof            Bert de Groot       
      Anca Hamuraru           Vincent Hindriksen          Victor Holanda      
     Aleksei Iupinov              Joe Jordan            Christoph Junghans    
    Prashanth Kanduri        Dimitrios Karkoulis           Peter Kasson       
      Sebastian Kehl           Sebastian Keller             Jiri Kraus        
       Per Larsson              Viveca Lindahl            Erik Marklund       
    Pieter Meulenhoff           Teemu Murtola              Sander Pronk       
      Alfons Sijbers            Balint Soproni         David van der Spoel    
      Peter Tieleman            Carsten Uphoff             Jon Vincent        
     Teemu Virolainen         Christian Wennberg           Maarten Wolf       
      Artem Zhmurov       

                  Coordinated by the GROMACS project leaders:
                           Berk Hess and Erik Lindahl

GROMACS:      gmx mdrun, version 2025.2
Executable:   /usr/local/gromacs/bin/gmx
Data prefix:  /usr/local/gromacs
Working dir:  /home/yongsang/Research/PSID_server_room/GROMACS/03
Process ID:   3280902
Command line:
  gmx mdrun -deffnm md -v

GROMACS version:     2025.2
Precision:           mixed
Memory model:        64 bit
MPI library:         thread_mpi
OpenMP support:      enabled (GMX_OPENMP_MAX_THREADS = 128)
GPU support:         disabled
SIMD instructions:   AVX_512
CPU FFT library:     fftw-3.3.10-sse2-avx-avx2-avx2_128-avx512
GPU FFT library:     none
Multi-GPU FFT:       none
RDTSCP usage:        enabled
TNG support:         enabled
Hwloc support:       disabled
Tracing support:     disabled
C compiler:          /opt/rh/devtoolset-11/root/usr/bin/gcc GNU 11.2.1
C compiler flags:    -fexcess-precision=fast -funroll-all-loops -march=skylake-avx512 -Wno-missing-field-initializers -O3 -DNDEBUG
C++ compiler:        /opt/rh/devtoolset-11/root/usr/bin/g++ GNU 11.2.1
C++ compiler flags:  -fexcess-precision=fast -funroll-all-loops -march=skylake-avx512 -Wno-missing-field-initializers -Wno-cast-function-type-strict SHELL:-fopenmp -O3 -DNDEBUG
BLAS library:        External - detected on the system
LAPACK library:      External - detected on the system


Running on 1 node with total 36 cores, 36 processing units
Hardware detected on host ga00:
  CPU info:
    Vendor: Intel
    Brand:  Intel(R) Xeon(R) Gold 6354 CPU @ 3.00GHz
    Family: 6   Model: 106   Stepping: 6
    Features: aes apic avx avx2 avx512f avx512cd avx512bw avx512vl avx512secondFMA clfsh cmov cx8 cx16 f16c fma htt intel lahf mmx msr nonstop_tsc pcid pclmuldq pdcm pdpe1gb popcnt pse rdrnd rdtscp sha sse2 sse3 sse4.1 sse4.2 ssse3 tdt x2apic
    Number of AVX-512 FMA units: 2
  Hardware topology: Basic
    Packages, cores, and logical processors:
    [indices refer to OS logical processors]
      Package  0: [   0] [   2] [   4] [   6] [   8] [  10] [  12] [  14] [  16] [  18] [  20] [  22] [  24] [  26] [  28] [  30] [  32] [  34]
      Package  1: [   1] [   3] [   5] [   7] [   9] [  11] [  13] [  15] [  17] [  19] [  21] [  23] [  25] [  27] [  29] [  31] [  33] [  35]
    CPU limit set by OS: -1   Recommended max number of threads: 36


++++ PLEASE READ AND CITE THE FOLLOWING REFERENCE ++++
M. J. Abraham, T. Murtola, R. Schulz, S. Páll, J. C. Smith, B. Hess, E.
Lindahl
GROMACS: High performance molecular simulations through multi-level
parallelism from laptops to supercomputers
SoftwareX (2015)
DOI: 10.1016/j.softx.2015.06.001
-------- -------- --- Thank You --- -------- --------


++++ PLEASE READ AND CITE THE FOLLOWING REFERENCE ++++
S. Páll, M. J. Abraham, C. Kutzner, B. Hess, E. Lindahl
Tackling Exascale Software Challenges in Molecular Dynamics Simulations with
GROMACS
In S. Markidis & E. Laure (Eds.), Solving Software Challenges for Exascale (2015)
DOI: 10.1007/978-3-319-15976-8_1
-------- -------- --- Thank You --- -------- --------


++++ PLEASE READ AND CITE THE FOLLOWING REFERENCE ++++
S. Pronk, S. Páll, R. Schulz, P. Larsson, P. Bjelkmar, R. Apostolov, M. R.
Shirts, J. C. Smith, P. M. Kasson, D. van der Spoel, B. Hess, E. Lindahl
GROMACS 4.5: a high-throughput and highly parallel open source molecular
simulation toolkit
Bioinformatics (2013)
DOI: 10.1093/bioinformatics/btt055
-------- -------- --- Thank You --- -------- --------


++++ PLEASE READ AND CITE THE FOLLOWING REFERENCE ++++
B. Hess, C. Kutzner, D. van der Spoel, E. Lindahl
GROMACS 4: Algorithms for highly efficient, load-balanced, and scalable
molecular simulation
J. Chem. Theory Comput. (2008)
DOI: 10.1021/ct700301q
-------- -------- --- Thank You --- -------- --------


++++ PLEASE READ AND CITE THE FOLLOWING REFERENCE ++++
D. van der Spoel, E. Lindahl, B. Hess, G. Groenhof, A. E. Mark, H. J. C.
Berendsen
GROMACS: Fast, Flexible and Free
J. Comp. Chem. (2005)
DOI: 10.1002/jcc.20291
-------- -------- --- Thank You --- -------- --------


++++ PLEASE READ AND CITE THE FOLLOWING REFERENCE ++++
E. Lindahl, B. Hess, D. van der Spoel
GROMACS 3.0: A package for molecular simulation and trajectory analysis
J. Mol. Mod. (2001)
DOI: 10.1007/s008940100045
-------- -------- --- Thank You --- -------- --------


++++ PLEASE READ AND CITE THE FOLLOWING REFERENCE ++++
H. J. C. Berendsen, D. van der Spoel and R. van Drunen
GROMACS: A message-passing parallel molecular dynamics implementation
Comp. Phys. Comm. (1995)
DOI: 10.1016/0010-4655(95)00042-E
-------- -------- --- Thank You --- -------- --------


++++ PLEASE CITE THE DOI FOR THIS VERSION OF GROMACS ++++
https://doi.org/10.5281/zenodo.15387018
-------- -------- --- Thank You --- -------- --------

Input Parameters:
   integrator                     = md
   tinit                          = 0
   dt                             = 0.002
   nsteps                         = 50000
   init-step                      = 0
   simulation-part                = 1
   mts                            = false
   mass-repartition-factor        = 1
   comm-mode                      = Linear
   nstcomm                        = 100
   bd-fric                        = 0
   ld-seed                        = -139354385
   emtol                          = 10
   emstep                         = 0.01
   niter                          = 20
   fcstep                         = 0
   nstcgsteep                     = 1000
   nbfgscorr                      = 10
   rtpi                           = 0.05
   nstxout                        = 1000
   nstvout                        = 1000
   nstfout                        = 0
   nstlog                         = 1000
   nstcalcenergy                  = 100
   nstenergy                      = 1000
   nstxout-compressed             = 0
   compressed-x-precision         = 1000
   cutoff-scheme                  = Verlet
   nstlist                        = 10
   pbc                            = xyz
   periodic-molecules             = false
   verlet-buffer-tolerance        = 0.005
   verlet-buffer-pressure-tolerance = 0.5
   rlist                          = 1
   coulombtype                    = PME
   coulomb-modifier               = Potential-shift
   rcoulomb-switch                = 0
   rcoulomb                       = 1
   epsilon-r                      = 1
   epsilon-rf                     = inf
   vdw-type                       = Cut-off
   vdw-modifier                   = Potential-shift
   rvdw-switch                    = 0
   rvdw                           = 1
   DispCorr                       = No
   table-extension                = 1
   fourierspacing                 = 0.12
   fourier-nx                     = 168
   fourier-ny                     = 168
   fourier-nz                     = 168
   pme-order                      = 4
   ewald-rtol                     = 1e-05
   ewald-rtol-lj                  = 0.001
   lj-pme-comb-rule               = Geometric
   ewald-geometry                 = 3d
   epsilon-surface                = 0
   ensemble-temperature-setting   = constant
   ensemble-temperature           = 300
   tcoupl                         = V-rescale
   nsttcouple                     = 10
   nh-chain-length                = 0
   print-nose-hoover-chain-variables = false
   pcoupl                         = Parrinello-Rahman
   pcoupltype                     = Isotropic
   nstpcouple                     = 50
   tau-p                          = 2
   compressibility (3x3):
      compressibility[    0]={ 4.50000e-05,  0.00000e+00,  0.00000e+00}
      compressibility[    1]={ 0.00000e+00,  4.50000e-05,  0.00000e+00}
      compressibility[    2]={ 0.00000e+00,  0.00000e+00,  4.50000e-05}
   ref-p (3x3):
      ref-p[    0]={ 1.00000e+00,  0.00000e+00,  0.00000e+00}
      ref-p[    1]={ 0.00000e+00,  1.00000e+00,  0.00000e+00}
      ref-p[    2]={ 0.00000e+00,  0.00000e+00,  1.00000e+00}
   refcoord-scaling               = No
   posres-com: not available
   posres-comB: not available
   QMMM                           = false
qm-opts:
   ngQM                           = 0
   constraint-algorithm           = Lincs
   continuation                   = true
   Shake-SOR                      = false
   shake-tol                      = 0.0001
   lincs-order                    = 4
   lincs-iter                     = 1
   lincs-warnangle                = 30
   nwall                          = 0
   wall-type                      = 9-3
   wall-r-linpot                  = -1
   wall-atomtype[0]               = -1
   wall-atomtype[1]               = -1
   wall-density[0]                = 0
   wall-density[1]                = 0
   wall-ewald-zfac                = 3
   pull                           = false
   awh                            = false
   rotation                       = false
   interactiveMD                  = false
   disre                          = No
   disre-weighting                = Conservative
   disre-mixed                    = false
   dr-fc                          = 1000
   dr-tau                         = 0
   nstdisreout                    = 100
   orire-fc                       = 0
   orire-tau                      = 0
   nstorireout                    = 100
   free-energy                    = no
   cos-acceleration               = 0
   deform (3x3):
      deform[    0]={ 0.00000e+00,  0.00000e+00,  0.00000e+00}
      deform[    1]={ 0.00000e+00,  0.00000e+00,  0.00000e+00}
      deform[    2]={ 0.00000e+00,  0.00000e+00,  0.00000e+00}
   simulated-tempering            = false
   swapcoords                     = no
   userint1                       = 0
   userint2                       = 0
   userint3                       = 0
   userint4                       = 0
   userreal1                      = 0
   userreal2                      = 0
   userreal3                      = 0
   userreal4                      = 0
   applied-forces:
     electric-field:
       x:
         E0                       = 0
         omega                    = 0
         t0                       = 0
         sigma                    = 0
       y:
         E0                       = 0
         omega                    = 0
         t0                       = 0
         sigma                    = 0
       z:
         E0                       = 0
         omega                    = 0
         t0                       = 0
         sigma                    = 0
     density-guided-simulation:
       active                     = false
       group                      = protein
       similarity-measure         = inner-product
       atom-spreading-weight      = unity
       force-constant             = 1e+09
       gaussian-transform-spreading-width = 0.2
       gaussian-transform-spreading-range-in-multiples-of-width = 4
       reference-density-filename = reference.mrc
       nst                        = 1
       normalize-densities        = true
       adaptive-force-scaling     = false
       adaptive-force-scaling-time-constant = 4
       shift-vector               = 
       transformation-matrix      = 
     qmmm-cp2k:
       active                     = false
       qmgroup                    = System
       qmmethod                   = PBE
       qmfilenames                = 
       qmcharge                   = 0
       qmmultiplicity             = 1
     colvars:
       active                     = false
       configfile                 = 
       seed                       = -1
     nnpot:
       active                     = false
       modelfile                  = model.pt
       input-group                = System
       model-input1               = 
       model-input2               = 
       model-input3               = 
       model-input4               = 
grpopts:
   nrdf:          65
   ref-t:         300
   tau-t:         0.1
annealing:          No
annealing-npoints:           0
   acc:	           0           0           0
   nfreeze:           N           N           N
   energygrp-flags[  0]: 0

Changing nstlist from 10 to 100, rlist from 1 to 1.014

Update groups can not be used for this system because there are three or more consecutively coupled constraints

Initializing Domain Decomposition on 1 ranks
Dynamic load balancing: auto
Minimum cell size due to atom displacement: 0.673 nm
Initial maximum distances in bonded interactions:
    two-body bonded interactions: 0.368 nm, LJ-14, atoms 5 12
  multi-body bonded interactions: 0.368 nm, Ryckaert-Bell., atoms 5 12
Minimum cell size due to bonded interactions: 0.405 nm
Maximum distance for 5 constraints, at 120 deg. angles, all-trans: 0.678 nm
Estimated maximum distance required for P-LINCS: 0.678 nm
This distance will limit the DD cell size, you can override this with -rcon
Using 0 separate PME ranks because: there are too few total ranks for efficient splitting
Optimizing the DD grid for 1 cells with a minimum initial size of 0.678 nm
The maximum allowed number of cells is: X 29 Y 29 Z 29
Domain decomposition grid 1 x 1 x 1, separate PME ranks 0
PME domain decomposition: 1 x 1 x 1

The initial number of communication pulses is:
The initial domain decomposition cell size is:

The maximum allowed distance for atoms involved in interactions is:
                 non-bonded interactions           1.014 nm
(the following are initial values, they could change due to box deformation)
            two-body bonded interactions  (-rdd)   1.014 nm
          multi-body bonded interactions  (-rdd)   1.014 nm
  atoms separated by up to 5 constraints  (-rcon) 19.853 nm

When dynamic load balancing gets turned on, these settings will change to:
The maximum number of communication pulses is:
The minimum size for domain decomposition cells is 1.014 nm
The requested allowed shrink of DD cells (option -dds) is: 0.80
The allowed shrink of domain decomposition cells is:
The maximum allowed distance for atoms involved in interactions is:
                 non-bonded interactions           1.014 nm
            two-body bonded interactions  (-rdd)   1.014 nm
          multi-body bonded interactions  (-rdd)   1.014 nm
  atoms separated by up to 5 constraints  (-rcon)  1.014 nm

Local state does not use filler particles

Using 1 MPI thread
Using 16 OpenMP threads 

System total charge: 0.100
Will do PME sum in reciprocal space for electrostatic interactions.

++++ PLEASE READ AND CITE THE FOLLOWING REFERENCE ++++
U. Essmann, L. Perera, M. L. Berkowitz, T. Darden, H. Lee, L. G. Pedersen 
A smooth particle mesh Ewald method
J. Chem. Phys. (1995)
DOI: 10.1063/1.470117
-------- -------- --- Thank You --- -------- --------

Using a Gaussian width (1/beta) of 0.320163 nm for Ewald
Potential shift: LJ r^-12: -1.000e+00 r^-6: -1.000e+00, Ewald -1.000e-05
Initialized non-bonded Coulomb Ewald tables, spacing: 9.33e-04 size: 1073

Generated table with 1007 data points for 1-4 COUL.
Tabscale = 500 points/nm
Generated table with 1007 data points for 1-4 LJ6.
Tabscale = 500 points/nm
Generated table with 1007 data points for 1-4 LJ12.
Tabscale = 500 points/nm


Using SIMD2xMM 4x8 nonbonded short-range kernels

Using a 4x8 pair-list setup:
  updated every 100 steps, buffer 0.014 nm, rlist 1.014 nm
At tolerance 0.005 kJ/mol/ps per atom, equivalent classical 1x1 list would be:
  updated every 100 steps, buffer 0.158 nm, rlist 1.158 nm

The average pressure is off by at most 0.25 bar due to missing LJ interactions

Using Geometric Lennard-Jones combination rule

Linking all bonded interactions to atoms


Pinning threads with an auto-selected logical cpu stride of 1

Initializing Parallel LINear Constraint Solver

++++ PLEASE READ AND CITE THE FOLLOWING REFERENCE ++++
B. Hess
P-LINCS: A Parallel Linear Constraint Solver for molecular simulation
J. Chem. Theory Comput. (2008)
DOI: 10.1021/ct700200b
-------- -------- --- Thank You --- -------- --------

The number of constraints is 13
There are constraints between atoms in different decomposition domains,
will communicate selected coordinates each lincs iteration
2 constraints are involved in constraint triangles,
will apply an additional matrix expansion of order 4 for couplings
between constraints inside triangles

++++ PLEASE READ AND CITE THE FOLLOWING REFERENCE ++++
S. Miyamoto, P. A. Kollman
SETTLE: An Analytical Version of the SHAKE and RATTLE Algorithms for Rigid
Water Models
J. Comp. Chem. (1992)
DOI: 10.1002/jcc.540130805
-------- -------- --- Thank You --- -------- --------


++++ PLEASE READ AND CITE THE FOLLOWING REFERENCE ++++
G. Bussi, D. Donadio, M. Parrinello
Canonical sampling through velocity rescaling
J. Chem. Phys. (2007)
DOI: 10.1063/1.2408420
-------- -------- --- Thank You --- -------- --------

There are: 34 Atoms
Atom distribution over 1 domains: av 34 stddev 0 min 34 max 34
Center of mass motion removal mode is Linear
We have the following groups for center of mass motion removal:
  0:  rest

Started mdrun on rank 0 Fri May 16 16:13:07 2025

           Step           Time
              0        0.00000

   Energies (kJ/mol)
          Angle Ryckaert-Bell.          LJ-14     Coulomb-14        LJ (SR)
    2.13030e+01    5.80290e+00    2.08820e+00   -4.55652e+01    4.70819e+01
   Coulomb (SR)   Coul. recip.      Potential    Kinetic En.   Total Energy
   -4.34237e+02    2.03659e+01   -3.83161e+02    7.95847e+01   -3.03576e+02
  Conserved En.    Temperature Pressure (bar)   Constr. rmsd
    1.67668e+02    2.94518e+02   -5.73845e-02    1.36385e-03

           Step           Time
           1000        2.00000

   Energies (kJ/mol)
          Angle Ryckaert-Bell.          LJ-14     Coulomb-14        LJ (SR)
    1.37632e+01    3.17920e+00    5.23515e+00   -4.94313e+01    3.90910e+01
   Coulomb (SR)   Coul. recip.      Potential    Kinetic En.   Total Energy
   -3.93756e+02    1.83939e+01   -3.63525e+02    8.08939e+01   -2.82631e+02
  Conserved En.    Temperature Pressure (bar)   Constr. rmsd
    1.62558e+02    2.99363e+02    9.57483e-02    3.10523e-04

           Step           Time
           2000        4.00000

   Energies (kJ/mol)
          Angle Ryckaert-Bell.          LJ-14     Coulomb-14        LJ (SR)
    1.72217e+01    1.33896e+00    4.17893e+00   -4.46151e+01    9.44701e+01
   Coulomb (SR)   Coul. recip.      Potential    Kinetic En.   Total Energy
   -4.87529e+02    1.61833e+01   -3.98752e+02    7.91080e+01   -3.19643e+02
  Conserved En.    Temperature Pressure (bar)   Constr. rmsd
    1.60994e+02    2.92754e+02    3.83125e-01    1.53434e-03

           Step           Time
           3000        6.00000

   Energies (kJ/mol)
          Angle Ryckaert-Bell.          LJ-14     Coulomb-14        LJ (SR)
    2.99581e+01    3.29251e+00    1.24775e+00   -4.59059e+01    4.19194e+01
   Coulomb (SR)   Coul. recip.      Potential    Kinetic En.   Total Energy
   -4.26584e+02    1.32238e+01   -3.82849e+02    9.56803e+01   -2.87168e+02
  Conserved En.    Temperature Pressure (bar)   Constr. rmsd
    1.58898e+02    3.54083e+02   -8.40356e-02    1.45204e-03

           Step           Time
           4000        8.00000

   Energies (kJ/mol)
          Angle Ryckaert-Bell.          LJ-14     Coulomb-14        LJ (SR)
    1.52790e+01    3.45823e+00    2.93735e+00   -4.73837e+01    5.77150e+01
   Coulomb (SR)   Coul. recip.      Potential    Kinetic En.   Total Energy
   -4.61174e+02    8.91825e+00   -4.20249e+02    5.26924e+01   -3.67557e+02
  Conserved En.    Temperature Pressure (bar)   Constr. rmsd
    1.55680e+02    1.94998e+02    5.43108e-02    3.74111e-03

           Step           Time
           5000       10.00000

   Energies (kJ/mol)
          Angle Ryckaert-Bell.          LJ-14     Coulomb-14        LJ (SR)
    1.65369e+01    4.24574e+00    2.74482e+00   -4.68324e+01    5.11077e+01
   Coulomb (SR)   Coul. recip.      Potential    Kinetic En.   Total Energy
   -4.29923e+02    8.27089e+00   -3.93849e+02    6.61988e+01   -3.27650e+02
  Conserved En.    Temperature Pressure (bar)   Constr. rmsd
    1.53353e+02    2.44981e+02    8.66973e-02    9.29184e-04

Constraint error in algorithm Lincs at step 5065
Wrote pdb files with previous and current coordinates
Constraint error in algorithm Lincs at step 5072
Wrote pdb files with previous and current coordinates
           Step           Time
           6000       12.00000

   Energies (kJ/mol)
          Angle Ryckaert-Bell.          LJ-14     Coulomb-14        LJ (SR)
    3.88024e+01    6.30593e+00    5.13075e+00   -4.95713e+01    4.46663e+01
   Coulomb (SR)   Coul. recip.      Potential    Kinetic En.   Total Energy
   -4.31381e+02    2.09363e+01   -3.65111e+02    7.36724e+01   -2.91438e+02
  Conserved En.    Temperature Pressure (bar)   Constr. rmsd
    1.60246e+02    2.72639e+02    2.57899e-01    2.43288e-04

           Step           Time
           7000       14.00000

   Energies (kJ/mol)
          Angle Ryckaert-Bell.          LJ-14     Coulomb-14        LJ (SR)
    2.35666e+01    7.71200e+00    3.16987e+00   -5.00566e+01    5.08475e+01
   Coulomb (SR)   Coul. recip.      Potential    Kinetic En.   Total Energy
   -4.48869e+02    2.16603e+01   -3.91969e+02    1.12962e+02   -2.79007e+02
  Conserved En.    Temperature Pressure (bar)   Constr. rmsd
    1.57908e+02    4.18038e+02   -5.33559e-02    1.50131e-03

           Step           Time
           8000       16.00000

   Energies (kJ/mol)
          Angle Ryckaert-Bell.          LJ-14     Coulomb-14        LJ (SR)
    1.98567e+01    7.00925e+00    2.66894e+00   -4.64265e+01    5.70578e+01
   Coulomb (SR)   Coul. recip.      Potential    Kinetic En.   Total Energy
   -4.40449e+02    2.45689e+01   -3.75714e+02    8.83553e+01   -2.87359e+02
  Conserved En.    Temperature Pressure (bar)   Constr. rmsd
    1.55494e+02    3.26975e+02   -9.34265e-02    7.94735e-05

           Step           Time
           9000       18.00000

   Energies (kJ/mol)
          Angle Ryckaert-Bell.          LJ-14     Coulomb-14        LJ (SR)
    9.51025e+00    2.64028e+00    5.05934e+00   -4.64014e+01    3.27138e+01
   Coulomb (SR)   Coul. recip.      Potential    Kinetic En.   Total Energy
   -4.11821e+02    1.88462e+01   -3.89452e+02    8.42235e+01   -3.05229e+02
  Conserved En.    Temperature Pressure (bar)   Constr. rmsd
    1.57155e+02    3.11685e+02   -1.17209e-01    1.26868e-04

           Step           Time
          10000       20.00000

   Energies (kJ/mol)
          Angle Ryckaert-Bell.          LJ-14     Coulomb-14        LJ (SR)
    9.99773e+00    5.01509e+00    3.11551e+00   -5.04870e+01    4.31533e+01
   Coulomb (SR)   Coul. recip.      Potential    Kinetic En.   Total Energy
   -3.91259e+02    2.08732e+01   -3.59591e+02    1.19153e+02   -2.40438e+02
  Conserved En.    Temperature Pressure (bar)   Constr. rmsd
    1.55330e+02    4.40950e+02    1.65725e-01    1.48825e-05

           Step           Time
          11000       22.00000

   Energies (kJ/mol)
          Angle Ryckaert-Bell.          LJ-14     Coulomb-14        LJ (SR)
    1.71943e+01    3.44546e+00    4.70664e+00   -4.63553e+01    6.32804e+01
   Coulomb (SR)   Coul. recip.      Potential    Kinetic En.   Total Energy
   -4.66892e+02    1.18308e+01   -4.12790e+02    6.76807e+01   -3.45109e+02
  Conserved En.    Temperature Pressure (bar)   Constr. rmsd
    1.54171e+02    2.50465e+02    1.26870e-01    4.44523e-04

           Step           Time
          12000       24.00000

   Energies (kJ/mol)
          Angle Ryckaert-Bell.          LJ-14     Coulomb-14        LJ (SR)
    1.36877e+01    3.23997e+00    2.61334e+00   -4.73282e+01    1.81572e+01
   Coulomb (SR)   Coul. recip.      Potential    Kinetic En.   Total Energy
   -3.65739e+02    2.58449e+01   -3.49525e+02    7.31708e+01   -2.76354e+02
  Conserved En.    Temperature Pressure (bar)   Constr. rmsd
    1.52747e+02    2.70782e+02   -3.28123e-01    1.62476e-03

           Step           Time
          13000       26.00000

   Energies (kJ/mol)
          Angle Ryckaert-Bell.          LJ-14     Coulomb-14        LJ (SR)
    7.78265e+00    5.43967e+00    2.38990e+00   -4.36012e+01    4.46810e+01
   Coulomb (SR)   Coul. recip.      Potential    Kinetic En.   Total Energy
   -4.14879e+02    1.94856e+01   -3.78702e+02    6.87638e+01   -3.09938e+02
  Conserved En.    Temperature Pressure (bar)   Constr. rmsd
    1.50926e+02    2.54473e+02   -5.08202e-02    3.07540e-04

           Step           Time
          14000       28.00000

   Energies (kJ/mol)
          Angle Ryckaert-Bell.          LJ-14     Coulomb-14        LJ (SR)
    3.71744e+01    3.40105e+00    3.24444e+00   -4.09161e+01    5.55291e+01
   Coulomb (SR)   Coul. recip.      Potential    Kinetic En.   Total Energy
   -4.45827e+02    1.55137e+01   -3.71881e+02    7.09965e+01   -3.00884e+02
  Conserved En.    Temperature Pressure (bar)   Constr. rmsd
    1.49255e+02    2.62736e+02   -1.20618e-01    1.25341e-03

           Step           Time
          15000       30.00000

   Energies (kJ/mol)
          Angle Ryckaert-Bell.          LJ-14     Coulomb-14        LJ (SR)
    1.21120e+01    2.70440e+00    2.31923e+00   -4.54014e+01    6.55096e+01
   Coulomb (SR)   Coul. recip.      Potential    Kinetic En.   Total Energy
   -4.54622e+02    9.61154e+00   -4.07767e+02    6.51955e+01   -3.42571e+02
  Conserved En.    Temperature Pressure (bar)   Constr. rmsd
    1.46129e+02    2.41268e+02    1.92951e-01    1.03369e-03

           Step           Time
          16000       32.00000

   Energies (kJ/mol)
          Angle Ryckaert-Bell.          LJ-14     Coulomb-14        LJ (SR)
    2.08166e+01    1.07888e+01    3.51828e+00   -4.74185e+01    2.32158e+01
   Coulomb (SR)   Coul. recip.      Potential    Kinetic En.   Total Energy
   -3.83892e+02    1.80291e+01   -3.54942e+02    9.16098e+01   -2.63332e+02
  Conserved En.    Temperature Pressure (bar)   Constr. rmsd
    1.43312e+02    3.39019e+02   -2.32680e-01    5.68309e-03

           Step           Time
          17000       34.00000

   Energies (kJ/mol)
          Angle Ryckaert-Bell.          LJ-14     Coulomb-14        LJ (SR)
    1.09954e+01    9.14829e+00    3.84134e+00   -4.86144e+01    4.57100e+01
   Coulomb (SR)   Coul. recip.      Potential    Kinetic En.   Total Energy
   -4.28533e+02    1.08651e+01   -3.96587e+02    9.41962e+01   -3.02391e+02
  Conserved En.    Temperature Pressure (bar)   Constr. rmsd
    1.40216e+02    3.48591e+02    1.07981e-01    1.17493e-04

           Step           Time
          18000       36.00000

   Energies (kJ/mol)
          Angle Ryckaert-Bell.          LJ-14     Coulomb-14        LJ (SR)
    8.37151e+00    1.99890e+00    1.80613e+00   -4.32142e+01    5.83568e+01
   Coulomb (SR)   Coul. recip.      Potential    Kinetic En.   Total Energy
   -4.16982e+02    2.86503e+01   -3.61013e+02    7.09975e+01   -2.90015e+02
  Conserved En.    Temperature Pressure (bar)   Constr. rmsd
    1.38087e+02    2.62739e+02    2.55402e-01    9.31889e-04

           Step           Time
          19000       38.00000

   Energies (kJ/mol)
          Angle Ryckaert-Bell.          LJ-14     Coulomb-14        LJ (SR)
    4.67067e+00    2.30653e+00    4.29874e+00   -4.49524e+01    7.85218e+01
   Coulomb (SR)   Coul. recip.      Potential    Kinetic En.   Total Energy
   -4.59620e+02    1.62272e+01   -3.98547e+02    7.83097e+01   -3.20237e+02
  Conserved En.    Temperature Pressure (bar)   Constr. rmsd
    1.36082e+02    2.89800e+02    3.44560e-01    4.37355e-04

           Step           Time
          20000       40.00000

   Energies (kJ/mol)
          Angle Ryckaert-Bell.          LJ-14     Coulomb-14        LJ (SR)
    1.34244e+01    2.45039e+00    2.50424e+00   -4.37672e+01    5.28801e+01
   Coulomb (SR)   Coul. recip.      Potential    Kinetic En.   Total Energy
   -4.34459e+02    2.17001e+01   -3.85267e+02    1.13654e+02   -2.71613e+02
  Conserved En.    Temperature Pressure (bar)   Constr. rmsd
    1.33073e+02    4.20596e+02    1.55085e-01    4.56946e-03

Constraint error in algorithm Lincs at step 20689
Wrote pdb files with previous and current coordinates
Constraint error in algorithm Lincs at step 20690
Wrote pdb files with previous and current coordinates
Constraint error in algorithm Lincs at step 20706
Wrote pdb files with previous and current coordinates
Constraint error in algorithm Lincs at step 20710
Wrote pdb files with previous and current coordinates
Constraint error in algorithm Lincs at step 20711
Wrote pdb files with previous and current coordinates
Constraint error in algorithm Lincs at step 20724
Wrote pdb files with previous and current coordinates
Constraint error in algorithm Lincs at step 20725
Wrote pdb files with previous and current coordinates
           Step           Time
          21000       42.00000

   Energies (kJ/mol)
          Angle Ryckaert-Bell.          LJ-14     Coulomb-14        LJ (SR)
    7.37114e+00    5.07370e+00    6.24204e+00   -4.70873e+01    5.13429e+01
   Coulomb (SR)   Coul. recip.      Potential    Kinetic En.   Total Energy
   -4.35337e+02    1.37975e+01   -3.98597e+02    6.10683e+01   -3.37529e+02
  Conserved En.    Temperature Pressure (bar)   Constr. rmsd
    2.98439e+02    2.25995e+02    2.27279e-01    9.22575e-04

           Step           Time
          22000       44.00000

   Energies (kJ/mol)
          Angle Ryckaert-Bell.          LJ-14     Coulomb-14        LJ (SR)
    8.74453e+00    1.10548e+01    7.08170e-01   -4.58686e+01    6.45109e+01
   Coulomb (SR)   Coul. recip.      Potential    Kinetic En.   Total Energy
   -4.44269e+02    2.38086e+01   -3.81310e+02    1.17157e+02   -2.64153e+02
  Conserved En.    Temperature Pressure (bar)   Constr. rmsd
    2.94317e+02    4.33562e+02    7.02637e-02    1.97082e-03

           Step           Time
          23000       46.00000

   Energies (kJ/mol)
          Angle Ryckaert-Bell.          LJ-14     Coulomb-14        LJ (SR)
    3.21185e+01    9.23519e+00    1.55830e+00   -4.84036e+01    3.50886e+01
   Coulomb (SR)   Coul. recip.      Potential    Kinetic En.   Total Energy
   -4.05156e+02    1.43067e+01   -3.61253e+02    8.35793e+01   -2.77673e+02
  Conserved En.    Temperature Pressure (bar)   Constr. rmsd
    2.91120e+02    3.09301e+02   -3.33606e-01    1.23426e-05

           Step           Time
          24000       48.00000

   Energies (kJ/mol)
          Angle Ryckaert-Bell.          LJ-14     Coulomb-14        LJ (SR)
    1.04586e+01    9.27962e+00    3.24735e+00   -4.54722e+01    5.02435e+01
   Coulomb (SR)   Coul. recip.      Potential    Kinetic En.   Total Energy
   -4.25377e+02    1.94807e+01   -3.78139e+02    7.41242e+01   -3.04015e+02
  Conserved En.    Temperature Pressure (bar)   Constr. rmsd
    2.87099e+02    2.74310e+02    1.30168e-01    1.64363e-04

           Step           Time
          25000       50.00000

   Energies (kJ/mol)
          Angle Ryckaert-Bell.          LJ-14     Coulomb-14        LJ (SR)
    1.15682e+01    4.67349e+00    3.62519e+00   -4.97022e+01    5.80701e+01
   Coulomb (SR)   Coul. recip.      Potential    Kinetic En.   Total Energy
   -4.58592e+02    1.29120e+01   -4.17445e+02    8.49368e+01   -3.32509e+02
  Conserved En.    Temperature Pressure (bar)   Constr. rmsd
    2.81992e+02    3.14325e+02   -1.72266e-01    1.50347e-04

           Step           Time
          26000       52.00000

   Energies (kJ/mol)
          Angle Ryckaert-Bell.          LJ-14     Coulomb-14        LJ (SR)
    9.85954e+00    2.10448e+00    3.96147e+00   -4.66057e+01    1.03010e+02
   Coulomb (SR)   Coul. recip.      Potential    Kinetic En.   Total Energy
   -4.87474e+02    1.70506e+01   -3.98094e+02    7.76973e+01   -3.20396e+02
  Conserved En.    Temperature Pressure (bar)   Constr. rmsd
    2.78761e+02    2.87534e+02    7.77557e-01    6.59219e-04

           Step           Time
          27000       54.00000

   Energies (kJ/mol)
          Angle Ryckaert-Bell.          LJ-14     Coulomb-14        LJ (SR)
    1.17174e+01    7.15609e+00    4.89982e+00   -4.44639e+01    3.87034e+01
   Coulomb (SR)   Coul. recip.      Potential    Kinetic En.   Total Energy
   -4.21615e+02    1.65463e+01   -3.87056e+02    8.73397e+01   -2.99717e+02
  Conserved En.    Temperature Pressure (bar)   Constr. rmsd
    2.73336e+02    3.23217e+02   -1.88051e-01    2.35364e-03

           Step           Time
          28000       56.00000

   Energies (kJ/mol)
          Angle Ryckaert-Bell.          LJ-14     Coulomb-14        LJ (SR)
    2.32783e+01    3.69704e+00    3.91391e+00   -4.70869e+01    5.60429e+01
   Coulomb (SR)   Coul. recip.      Potential    Kinetic En.   Total Energy
   -4.29375e+02    1.42998e+01   -3.75230e+02    8.52280e+01   -2.90002e+02
  Conserved En.    Temperature Pressure (bar)   Constr. rmsd
    2.64735e+02    3.15402e+02   -1.26781e-01    1.27923e-03

           Step           Time
          29000       58.00000

   Energies (kJ/mol)
          Angle Ryckaert-Bell.          LJ-14     Coulomb-14        LJ (SR)
    2.20321e+01    4.32618e+00    1.16825e+00   -4.65429e+01    4.92847e+01
   Coulomb (SR)   Coul. recip.      Potential    Kinetic En.   Total Energy
   -4.34575e+02    1.24606e+01   -3.91846e+02    8.21593e+01   -3.09687e+02
  Conserved En.    Temperature Pressure (bar)   Constr. rmsd
    2.58545e+02    3.04046e+02    1.11295e-01    7.01802e-04

           Step           Time
          30000       60.00000

   Energies (kJ/mol)
          Angle Ryckaert-Bell.          LJ-14     Coulomb-14        LJ (SR)
    1.10453e+01    3.14942e+00    2.43153e+00   -4.53646e+01    4.77176e+01
   Coulomb (SR)   Coul. recip.      Potential    Kinetic En.   Total Energy
   -4.17702e+02    1.65940e+01   -3.82129e+02    8.39498e+01   -2.98179e+02
  Conserved En.    Temperature Pressure (bar)   Constr. rmsd
    2.51911e+02    3.10672e+02    1.79338e-01    7.35550e-04

           Step           Time
          31000       62.00000

   Energies (kJ/mol)
          Angle Ryckaert-Bell.          LJ-14     Coulomb-14        LJ (SR)
    9.56654e+00    4.01164e+00    2.64042e+00   -4.73741e+01    3.63551e+01
   Coulomb (SR)   Coul. recip.      Potential    Kinetic En.   Total Energy
   -4.15224e+02    1.22097e+01   -3.97815e+02    9.28316e+01   -3.04983e+02
  Conserved En.    Temperature Pressure (bar)   Constr. rmsd
    2.46031e+02    3.43541e+02   -2.62576e-01    1.82655e-03

Constraint error in algorithm Lincs at step 31682
Wrote pdb files with previous and current coordinates
           Step           Time
          32000       64.00000

   Energies (kJ/mol)
          Angle Ryckaert-Bell.          LJ-14     Coulomb-14        LJ (SR)
    1.17031e+01    2.87282e+00    3.48636e+00   -4.70500e+01    3.88342e+01
   Coulomb (SR)   Coul. recip.      Potential    Kinetic En.   Total Energy
   -4.29608e+02    1.04585e+01   -4.09303e+02    1.01643e+02   -3.07660e+02
  Conserved En.    Temperature Pressure (bar)   Constr. rmsd
    2.29099e+02    3.76149e+02   -4.53182e-01    7.95172e-04

           Step           Time
          33000       66.00000

   Energies (kJ/mol)
          Angle Ryckaert-Bell.          LJ-14     Coulomb-14        LJ (SR)
    1.00436e+01    4.63397e+00    2.29903e+00   -4.49976e+01    5.27932e+01
   Coulomb (SR)   Coul. recip.      Potential    Kinetic En.   Total Energy
   -4.31322e+02    1.46056e+01   -3.91945e+02    6.63550e+01   -3.25590e+02
  Conserved En.    Temperature Pressure (bar)   Constr. rmsd
    2.20985e+02    2.45559e+02   -5.85068e-01    8.19565e-04

           Step           Time
          34000       68.00000

   Energies (kJ/mol)
          Angle Ryckaert-Bell.          LJ-14     Coulomb-14        LJ (SR)
    1.07812e+01    3.93843e+00    1.07479e+01   -4.81688e+01    2.62576e+01
   Coulomb (SR)   Coul. recip.      Potential    Kinetic En.   Total Energy
   -3.78282e+02    2.12751e+01   -3.53450e+02    9.31107e+01   -2.60340e+02
  Conserved En.    Temperature Pressure (bar)   Constr. rmsd
    2.12902e+02    3.44574e+02   -3.90222e-01    2.67239e-03

           Step           Time
          35000       70.00000

   Energies (kJ/mol)
          Angle Ryckaert-Bell.          LJ-14     Coulomb-14        LJ (SR)
    1.48036e+01    5.27953e+00   -1.18929e-01   -4.10880e+01    7.44269e+01
   Coulomb (SR)   Coul. recip.      Potential    Kinetic En.   Total Energy
   -4.55962e+02    2.97861e+01   -3.72873e+02    1.11415e+02   -2.61458e+02
  Conserved En.    Temperature Pressure (bar)   Constr. rmsd
    2.04571e+02    4.12312e+02    4.23576e-01    1.64239e-02

           Step           Time
          36000       72.00000

   Energies (kJ/mol)
          Angle Ryckaert-Bell.          LJ-14     Coulomb-14        LJ (SR)
    9.38499e+00    1.74618e+00    7.22472e-01   -4.12251e+01    4.48160e+01
   Coulomb (SR)   Coul. recip.      Potential    Kinetic En.   Total Energy
   -4.04521e+02    2.23125e+01   -3.66764e+02    9.03931e+01   -2.76371e+02
  Conserved En.    Temperature Pressure (bar)   Constr. rmsd
    1.91329e+02    3.34516e+02   -1.15964e-01    8.75868e-04

           Step           Time
          37000       74.00000

   Energies (kJ/mol)
          Angle Ryckaert-Bell.          LJ-14     Coulomb-14        LJ (SR)
    1.22513e+01    1.57662e+00    3.38885e+00   -4.25344e+01    6.24876e+01
   Coulomb (SR)   Coul. recip.      Potential    Kinetic En.   Total Energy
   -4.17604e+02    1.61714e+01   -3.64263e+02    8.66390e+01   -2.77624e+02
  Conserved En.    Temperature Pressure (bar)   Constr. rmsd
    1.84358e+02    3.20624e+02    8.59343e-01    6.12675e-04

           Step           Time
          38000       76.00000

   Energies (kJ/mol)
          Angle Ryckaert-Bell.          LJ-14     Coulomb-14        LJ (SR)
    1.10611e+01    2.69962e+00    1.52578e+00   -4.35538e+01    9.53539e+00
   Coulomb (SR)   Coul. recip.      Potential    Kinetic En.   Total Energy
   -3.69359e+02    2.60345e+01   -3.62056e+02    8.06506e+01   -2.81405e+02
  Conserved En.    Temperature Pressure (bar)   Constr. rmsd
    1.75010e+02    2.98463e+02   -1.60492e+00    1.86020e-03

           Step           Time
          39000       78.00000

   Energies (kJ/mol)
          Angle Ryckaert-Bell.          LJ-14     Coulomb-14        LJ (SR)
    1.03977e+01    8.08522e+00    2.49668e+00   -4.77424e+01    2.61069e+01
   Coulomb (SR)   Coul. recip.      Potential    Kinetic En.   Total Energy
   -3.69573e+02    2.15417e+01   -3.48688e+02    7.27210e+01   -2.75967e+02
  Conserved En.    Temperature Pressure (bar)   Constr. rmsd
    1.63981e+02    2.69118e+02   -4.90050e-01    2.30215e-04

           Step           Time
          40000       80.00000

   Energies (kJ/mol)
          Angle Ryckaert-Bell.          LJ-14     Coulomb-14        LJ (SR)
    4.01770e+00    8.62048e+00    7.45249e-01   -4.47569e+01    3.40246e+01
   Coulomb (SR)   Coul. recip.      Potential    Kinetic En.   Total Energy
   -4.14410e+02    1.41864e+01   -3.97573e+02    8.96622e+01   -3.07911e+02
  Conserved En.    Temperature Pressure (bar)   Constr. rmsd
    1.55294e+02    3.31812e+02   -8.89080e-01    1.08687e-03

           Step           Time
          41000       82.00000

   Energies (kJ/mol)
          Angle Ryckaert-Bell.          LJ-14     Coulomb-14        LJ (SR)
    1.91625e+01    2.58426e+00    1.15290e+00   -4.28035e+01    4.32602e+01
   Coulomb (SR)   Coul. recip.      Potential    Kinetic En.   Total Energy
   -3.96773e+02    2.65431e+01   -3.46874e+02    7.65568e+01   -2.70317e+02
  Conserved En.    Temperature Pressure (bar)   Constr. rmsd
    1.46974e+02    2.83313e+02   -1.12727e+00    1.16441e-03

           Step           Time
          42000       84.00000

   Energies (kJ/mol)
          Angle Ryckaert-Bell.          LJ-14     Coulomb-14        LJ (SR)
    2.21115e+01    2.66641e+00    2.20449e+00   -4.54717e+01    4.78629e+01
   Coulomb (SR)   Coul. recip.      Potential    Kinetic En.   Total Energy
   -4.15801e+02    1.72350e+01   -3.69192e+02    1.22542e+02   -2.46650e+02
  Conserved En.    Temperature Pressure (bar)   Constr. rmsd
    1.35902e+02    4.53489e+02   -1.09291e-02    8.85356e-04

           Step           Time
          43000       86.00000

   Energies (kJ/mol)
          Angle Ryckaert-Bell.          LJ-14     Coulomb-14        LJ (SR)
    1.28754e+01    3.68766e+00    2.46835e+00   -4.77012e+01    6.29500e+01
   Coulomb (SR)   Coul. recip.      Potential    Kinetic En.   Total Energy
   -4.23336e+02    1.26472e+01   -3.76409e+02    9.92275e+01   -2.77181e+02
  Conserved En.    Temperature Pressure (bar)   Constr. rmsd
    1.24488e+02    3.67210e+02    1.38602e+00    2.26604e-03

Constraint error in algorithm Lincs at step 43213
Wrote pdb files with previous and current coordinates
           Step           Time
          44000       88.00000

   Energies (kJ/mol)
          Angle Ryckaert-Bell.          LJ-14     Coulomb-14        LJ (SR)
    2.31092e+01    3.78518e+00    2.21133e+00   -4.85327e+01    3.76735e+01
   Coulomb (SR)   Coul. recip.      Potential    Kinetic En.   Total Energy
   -4.31778e+02    1.27494e+01   -4.00782e+02    1.06656e+02   -2.94127e+02
  Conserved En.    Temperature Pressure (bar)   Constr. rmsd
    1.11779e+02    3.94699e+02   -1.24611e+00    9.01346e-04

           Step           Time
          45000       90.00000

   Energies (kJ/mol)
          Angle Ryckaert-Bell.          LJ-14     Coulomb-14        LJ (SR)
    1.86983e+01    3.79750e+00    6.55523e+00   -4.83584e+01    3.93922e+01
   Coulomb (SR)   Coul. recip.      Potential    Kinetic En.   Total Energy
   -4.12077e+02    1.54598e+01   -3.76533e+02    7.37652e+01   -3.02767e+02
  Conserved En.    Temperature Pressure (bar)   Constr. rmsd
    9.83813e+01    2.72982e+02    5.71547e-01    8.78597e-04

           Step           Time
          46000       92.00000

   Energies (kJ/mol)
          Angle Ryckaert-Bell.          LJ-14     Coulomb-14        LJ (SR)
    1.80611e+01    8.09865e+00    3.89452e-01   -4.71537e+01    4.17625e+01
   Coulomb (SR)   Coul. recip.      Potential    Kinetic En.   Total Energy
   -4.13225e+02    1.99437e+01   -3.72123e+02    1.07237e+02   -2.64886e+02
  Conserved En.    Temperature Pressure (bar)   Constr. rmsd
    8.33331e+01    3.96852e+02   -1.34224e+00    4.59718e-05

           Step           Time
          47000       94.00000

   Energies (kJ/mol)
          Angle Ryckaert-Bell.          LJ-14     Coulomb-14        LJ (SR)
    9.20873e+00    8.56635e+00    6.31385e-01   -4.79776e+01    6.49662e+01
   Coulomb (SR)   Coul. recip.      Potential    Kinetic En.   Total Energy
   -4.39935e+02    2.69483e+01   -3.77592e+02    6.65972e+01   -3.10995e+02
  Conserved En.    Temperature Pressure (bar)   Constr. rmsd
    6.96070e+01    2.46455e+02    1.61421e+00    4.93916e-03

           Step           Time
          48000       96.00000

   Energies (kJ/mol)
          Angle Ryckaert-Bell.          LJ-14     Coulomb-14        LJ (SR)
    1.10311e+01    1.14363e+01    1.82557e+00   -4.67091e+01    2.25668e+01
   Coulomb (SR)   Coul. recip.      Potential    Kinetic En.   Total Energy
   -3.47468e+02    2.51559e+01   -3.22161e+02    9.78572e+01   -2.24304e+02
  Conserved En.    Temperature Pressure (bar)   Constr. rmsd
    5.59486e+01    3.62139e+02   -1.83962e+00    8.95074e-04

           Step           Time
          49000       98.00000

   Energies (kJ/mol)
          Angle Ryckaert-Bell.          LJ-14     Coulomb-14        LJ (SR)
    1.17749e+01    7.23437e+00    2.56503e+00   -4.78342e+01    7.99343e+01
   Coulomb (SR)   Coul. recip.      Potential    Kinetic En.   Total Energy
   -4.70691e+02    8.25205e+00   -4.08765e+02    1.10022e+02   -2.98742e+02
  Conserved En.    Temperature Pressure (bar)   Constr. rmsd
    4.26078e+01    4.07158e+02    5.40274e+00    1.22106e-04

           Step           Time
          50000      100.00000

Writing checkpoint, step 50000 at Fri May 16 16:18:48 2025


   Energies (kJ/mol)
          Angle Ryckaert-Bell.          LJ-14     Coulomb-14        LJ (SR)
    2.26033e+01    6.12983e+00    3.94586e+00   -4.51864e+01    4.04546e+01
   Coulomb (SR)   Coul. recip.      Potential    Kinetic En.   Total Energy
   -4.14669e+02    1.88120e+01   -3.67910e+02    7.92075e+01   -2.88703e+02
  Conserved En.    Temperature Pressure (bar)   Constr. rmsd
    2.88496e+01    2.93122e+02   -4.38229e+00    3.36504e-03


Energy conservation over simulation part #1 of length 100 ps, time 0 to 100 ps
  Conserved energy drift: -4.08e-02 kJ/mol/ps per atom


	<======  ###############  ==>
	<====  A V E R A G E S  ====>
	<==  ###############  ======>

	Statistics over 50001 steps using 501 frames

   Energies (kJ/mol)
          Angle Ryckaert-Bell.          LJ-14     Coulomb-14        LJ (SR)
    1.47631e+01    5.32659e+00    3.28988e+00   -4.65273e+01    4.88828e+01
   Coulomb (SR)   Coul. recip.      Potential    Kinetic En.   Total Energy
   -4.21413e+02    1.66201e+01   -3.79058e+02    8.21887e+01   -2.96869e+02
  Conserved En.    Temperature Pressure (bar)   Constr. rmsd
    1.74301e+02    3.04155e+02   -7.97231e-02    0.00000e+00

          Box-X          Box-Y          Box-Z
    1.52735e+01    1.52735e+01    1.52735e+01

   Total Virial (kJ/mol)
    2.78325e+01    8.67772e-01   -1.43691e+00
    8.68765e-01    3.01452e+01    2.09372e+00
   -1.43631e+00    2.09296e+00    2.97025e+01

   Pressure (bar)
   -4.46531e-02   -6.35692e-02    3.61346e-04
   -6.35869e-02   -5.67347e-02   -4.55244e-02
    3.51664e-04   -4.55116e-02   -1.37781e-01


	M E G A - F L O P S   A C C O U N T I N G

 NB=Group-cutoff nonbonded kernels    NxN=N-by-N cluster Verlet kernels
 RF=Reaction-Field  VdW=Van der Waals  QSTab=quadratic-spline table
 W3=SPC/TIP3p  W4=TIP4p (single or pairs)
 V&F=Potential and force  V=Potential only  F=Force only

 Computing:                               M-Number         M-Flops  % Flops
-----------------------------------------------------------------------------
 Pair Search distance check               0.289612           2.607     0.0
 NxN Ewald Elec. + LJ [F]                29.481408        1945.773     0.0
 NxN Ewald Elec. + LJ [V&F]               0.298400          31.929     0.0
 NxN LJ [F]                               0.440352          14.532     0.0
 NxN LJ [V&F]                             0.004448           0.191     0.0
 NxN Ewald Elec. [F]                     16.011072         976.675     0.0
 NxN Ewald Elec. [V&F]                    0.162048          13.612     0.0
 1,4 nonbonded interactions               0.300006          27.001     0.0
 Calc Weights                             5.100102         183.604     0.0
 Spread Q Bspline                       108.802176         217.604     0.0
 Gather F Bspline                       108.802176         652.813     0.0
 3D-FFT                            10515705.109896    84125640.879    91.6
 Solve PME                           119954.399040     7677081.539     8.4
 Reset In Box                             0.017000           0.051     0.0
 CG-CoM                                   0.017034           0.051     0.0
 Angles                                   0.550011          92.402     0.0
 RB-Dihedrals                             0.300006          74.101     0.0
 Virial                                   0.079079           1.423     0.0
 Stop-CM                                  0.017034           0.170     0.0
 Calc-Ekin                                0.340068           9.182     0.0
 Lincs                                    0.650013          39.001     0.0
 Lincs-Mat                               16.800336          67.201     0.0
 Constraint-V                             2.350047          21.150     0.0
 Constraint-Vir                           0.034034           0.817     0.0
 Settle                                   0.350007         129.503     0.0
-----------------------------------------------------------------------------
 Total                                                91807223.811   100.0
-----------------------------------------------------------------------------


    D O M A I N   D E C O M P O S I T I O N   S T A T I S T I C S

 av. #atoms communicated per step for force:  2 x 0.0
 av. #atoms communicated per step for LINCS:  2 x 0.0


      R E A L   C Y C L E   A N D   T I M E   A C C O U N T I N G

On 1 MPI rank, each using 16 OpenMP threads

 Activity:              Num   Num      Call    Wall time         Giga-Cycles
                        Ranks Threads  Count      (s)         total sum    %
--------------------------------------------------------------------------------
 Domain decomp.            1   16        500       0.040          1.938   0.0
 Neighbor search           1   16        501       0.009          0.410   0.0
 Force                     1   16      50001       0.773         37.004   0.2
 PME mesh                  1   16      50001     339.055      16236.299  99.2
 NB X/F buffer ops.        1   16     100002       0.267         12.809   0.1
 Write traj.               1   16         51       0.005          0.235   0.0
 Update                    1   16      50001       0.223         10.698   0.1
 Constraints               1   16      50001       0.988         47.298   0.3
 Kinetic energy            1   16      10001       0.037          1.785   0.0
 Rest                                              0.404         19.357   0.1
--------------------------------------------------------------------------------
 Total                                           341.802      16367.833 100.0
--------------------------------------------------------------------------------
 Breakdown of PME mesh activities
--------------------------------------------------------------------------------
 PME spread                1   16      50001      41.586       1991.421  12.2
 PME gather                1   16      50001      33.448       1601.725   9.8
 PME 3D-FFT                1   16     100002     249.563      11950.815  73.0
 PME solve Elec            1   16      50001      14.269        683.276   4.2
--------------------------------------------------------------------------------

               Core t (s)   Wall t (s)        (%)
       Time:     5468.822      341.802     1600.0
                 (ns/day)    (hour/ns)
Performance:       25.278        0.949
Finished mdrun on rank 0 Fri May 16 16:18:48 2025

