                      :-) GROMACS - gmx mdrun, 2025.2 (-:

Copyright 1991-2025 The GROMACS Authors.
GROMACS is free software; you can redistribute it and/or modify it
under the terms of the GNU Lesser General Public License
as published by the Free Software Foundation; either version 2.1
of the License, or (at your option) any later version.

                         Current GROMACS contributors:
       Mark Abraham           Andrey Alekseenko           Brian Andrews       
      Vladimir Basov              Paul Bauer                Hugh Bird         
      Eliane Briand               Ania Brown              Mahesh Doijade      
      Giacomo Fiorin          Stefan Fleischmann          Sergey Gorelov      
   Gilles Gouaillardet            Alan Gray              M. Eric Irrgang      
   Farzaneh Jalalypour         Petter Johansson          Carsten Kutzner      
    Grzegorz Łazarski         Justin A. Lemkul          Magnus Lundborg      
       Pascal Merz             Vedran Miletić            Dmitry Morozov      
     Lukas Müllender            Julien Nabet             Szilárd Páll      
 Andrea Pasquadibisceglie     Michele Pellegrino         Nicola Piasentin     
     Daniele Rapetti         Muhammad Umair Sadiq         Hubert Santuz       
      Roland Schulz             Michael Shirts           Tatiana Shugaeva     
     Alexey Shvetsov            Philip Turner            Alessandra Villa     
 Sebastian Wingbermühle  

                         Previous GROMACS contributors:
        Emile Apol             Rossen Apostolov           James Barnett       
  Herman J.C. Berendsen         Cathrine Bergh             Par Bjelkmar       
      Christian Blau          Viacheslav Bolnykh            Kevin Boyd        
    Aldert van Buuren          Carlo Camilloni           Rudi van Drunen      
      Anton Feenstra           Oliver Fleetwood            Vytas Gapsys       
       Gaurav Garg             Gerrit Groenhof            Bert de Groot       
      Anca Hamuraru           Vincent Hindriksen          Victor Holanda      
     Aleksei Iupinov              Joe Jordan            Christoph Junghans    
    Prashanth Kanduri        Dimitrios Karkoulis           Peter Kasson       
      Sebastian Kehl           Sebastian Keller             Jiri Kraus        
       Per Larsson              Viveca Lindahl            Erik Marklund       
    Pieter Meulenhoff           Teemu Murtola              Sander Pronk       
      Alfons Sijbers            Balint Soproni         David van der Spoel    
      Peter Tieleman            Carsten Uphoff             Jon Vincent        
     Teemu Virolainen         Christian Wennberg           Maarten Wolf       
      Artem Zhmurov       

                  Coordinated by the GROMACS project leaders:
                           Berk Hess and Erik Lindahl

GROMACS:      gmx mdrun, version 2025.2
Executable:   /usr/local/gromacs/bin/gmx
Data prefix:  /usr/local/gromacs
Working dir:  /home/yongsang/Research/PSID_server_room/GROMACS/02
Process ID:   3178752
Command line:
  gmx mdrun -deffnm em

GROMACS version:     2025.2
Precision:           mixed
Memory model:        64 bit
MPI library:         thread_mpi
OpenMP support:      enabled (GMX_OPENMP_MAX_THREADS = 128)
GPU support:         disabled
SIMD instructions:   AVX_512
CPU FFT library:     fftw-3.3.10-sse2-avx-avx2-avx2_128-avx512
GPU FFT library:     none
Multi-GPU FFT:       none
RDTSCP usage:        enabled
TNG support:         enabled
Hwloc support:       disabled
Tracing support:     disabled
C compiler:          /opt/rh/devtoolset-11/root/usr/bin/gcc GNU 11.2.1
C compiler flags:    -fexcess-precision=fast -funroll-all-loops -march=skylake-avx512 -Wno-missing-field-initializers -O3 -DNDEBUG
C++ compiler:        /opt/rh/devtoolset-11/root/usr/bin/g++ GNU 11.2.1
C++ compiler flags:  -fexcess-precision=fast -funroll-all-loops -march=skylake-avx512 -Wno-missing-field-initializers -Wno-cast-function-type-strict SHELL:-fopenmp -O3 -DNDEBUG
BLAS library:        External - detected on the system
LAPACK library:      External - detected on the system


Running on 1 node with total 36 cores, 36 processing units
Hardware detected on host ga00:
  CPU info:
    Vendor: Intel
    Brand:  Intel(R) Xeon(R) Gold 6354 CPU @ 3.00GHz
    Family: 6   Model: 106   Stepping: 6
    Features: aes apic avx avx2 avx512f avx512cd avx512bw avx512vl avx512secondFMA clfsh cmov cx8 cx16 f16c fma htt intel lahf mmx msr nonstop_tsc pcid pclmuldq pdcm pdpe1gb popcnt pse rdrnd rdtscp sha sse2 sse3 sse4.1 sse4.2 ssse3 tdt x2apic
    Number of AVX-512 FMA units: 2
  Hardware topology: Basic
    Packages, cores, and logical processors:
    [indices refer to OS logical processors]
      Package  0: [   0] [   2] [   4] [   6] [   8] [  10] [  12] [  14] [  16] [  18] [  20] [  22] [  24] [  26] [  28] [  30] [  32] [  34]
      Package  1: [   1] [   3] [   5] [   7] [   9] [  11] [  13] [  15] [  17] [  19] [  21] [  23] [  25] [  27] [  29] [  31] [  33] [  35]
    CPU limit set by OS: -1   Recommended max number of threads: 36


++++ PLEASE READ AND CITE THE FOLLOWING REFERENCE ++++
M. J. Abraham, T. Murtola, R. Schulz, S. Páll, J. C. Smith, B. Hess, E.
Lindahl
GROMACS: High performance molecular simulations through multi-level
parallelism from laptops to supercomputers
SoftwareX (2015)
DOI: 10.1016/j.softx.2015.06.001
-------- -------- --- Thank You --- -------- --------


++++ PLEASE READ AND CITE THE FOLLOWING REFERENCE ++++
S. Páll, M. J. Abraham, C. Kutzner, B. Hess, E. Lindahl
Tackling Exascale Software Challenges in Molecular Dynamics Simulations with
GROMACS
In S. Markidis & E. Laure (Eds.), Solving Software Challenges for Exascale (2015)
DOI: 10.1007/978-3-319-15976-8_1
-------- -------- --- Thank You --- -------- --------


++++ PLEASE READ AND CITE THE FOLLOWING REFERENCE ++++
S. Pronk, S. Páll, R. Schulz, P. Larsson, P. Bjelkmar, R. Apostolov, M. R.
Shirts, J. C. Smith, P. M. Kasson, D. van der Spoel, B. Hess, E. Lindahl
GROMACS 4.5: a high-throughput and highly parallel open source molecular
simulation toolkit
Bioinformatics (2013)
DOI: 10.1093/bioinformatics/btt055
-------- -------- --- Thank You --- -------- --------


++++ PLEASE READ AND CITE THE FOLLOWING REFERENCE ++++
B. Hess, C. Kutzner, D. van der Spoel, E. Lindahl
GROMACS 4: Algorithms for highly efficient, load-balanced, and scalable
molecular simulation
J. Chem. Theory Comput. (2008)
DOI: 10.1021/ct700301q
-------- -------- --- Thank You --- -------- --------


++++ PLEASE READ AND CITE THE FOLLOWING REFERENCE ++++
D. van der Spoel, E. Lindahl, B. Hess, G. Groenhof, A. E. Mark, H. J. C.
Berendsen
GROMACS: Fast, Flexible and Free
J. Comp. Chem. (2005)
DOI: 10.1002/jcc.20291
-------- -------- --- Thank You --- -------- --------


++++ PLEASE READ AND CITE THE FOLLOWING REFERENCE ++++
E. Lindahl, B. Hess, D. van der Spoel
GROMACS 3.0: A package for molecular simulation and trajectory analysis
J. Mol. Mod. (2001)
DOI: 10.1007/s008940100045
-------- -------- --- Thank You --- -------- --------


++++ PLEASE READ AND CITE THE FOLLOWING REFERENCE ++++
H. J. C. Berendsen, D. van der Spoel and R. van Drunen
GROMACS: A message-passing parallel molecular dynamics implementation
Comp. Phys. Comm. (1995)
DOI: 10.1016/0010-4655(95)00042-E
-------- -------- --- Thank You --- -------- --------


++++ PLEASE CITE THE DOI FOR THIS VERSION OF GROMACS ++++
https://doi.org/10.5281/zenodo.15387018
-------- -------- --- Thank You --- -------- --------

Input Parameters:
   integrator                     = steep
   tinit                          = 0
   dt                             = 0.001
   nsteps                         = 50000
   init-step                      = 0
   simulation-part                = 1
   mts                            = false
   mass-repartition-factor        = 1
   comm-mode                      = Linear
   nstcomm                        = 100
   bd-fric                        = 0
   ld-seed                        = -1080273297
   emtol                          = 1000
   emstep                         = 0.01
   niter                          = 20
   fcstep                         = 0
   nstcgsteep                     = 1000
   nbfgscorr                      = 10
   rtpi                           = 0.05
   nstxout                        = 0
   nstvout                        = 0
   nstfout                        = 0
   nstlog                         = 1000
   nstcalcenergy                  = 100
   nstenergy                      = 1000
   nstxout-compressed             = 0
   compressed-x-precision         = 1000
   cutoff-scheme                  = Verlet
   nstlist                        = 10
   pbc                            = xyz
   periodic-molecules             = false
   verlet-buffer-tolerance        = 0.005
   verlet-buffer-pressure-tolerance = 0.5
   rlist                          = 1.05
   coulombtype                    = PME
   coulomb-modifier               = Potential-shift
   rcoulomb-switch                = 0
   rcoulomb                       = 1
   epsilon-r                      = 1
   epsilon-rf                     = inf
   vdw-type                       = Cut-off
   vdw-modifier                   = Potential-shift
   rvdw-switch                    = 0
   rvdw                           = 1
   DispCorr                       = No
   table-extension                = 1
   fourierspacing                 = 0.12
   fourier-nx                     = 28
   fourier-ny                     = 28
   fourier-nz                     = 28
   pme-order                      = 4
   ewald-rtol                     = 1e-05
   ewald-rtol-lj                  = 0.001
   lj-pme-comb-rule               = Geometric
   ewald-geometry                 = 3d
   epsilon-surface                = 0
   ensemble-temperature-setting   = not available
   tcoupl                         = No
   nsttcouple                     = -1
   nh-chain-length                = 0
   print-nose-hoover-chain-variables = false
   pcoupl                         = No
   refcoord-scaling               = No
   posres-com: not available
   posres-comB: not available
   QMMM                           = false
qm-opts:
   ngQM                           = 0
   constraint-algorithm           = Lincs
   continuation                   = false
   Shake-SOR                      = false
   shake-tol                      = 0.0001
   lincs-order                    = 4
   lincs-iter                     = 1
   lincs-warnangle                = 30
   nwall                          = 0
   wall-type                      = 9-3
   wall-r-linpot                  = -1
   wall-atomtype[0]               = -1
   wall-atomtype[1]               = -1
   wall-density[0]                = 0
   wall-density[1]                = 0
   wall-ewald-zfac                = 3
   pull                           = false
   awh                            = false
   rotation                       = false
   interactiveMD                  = false
   disre                          = No
   disre-weighting                = Conservative
   disre-mixed                    = false
   dr-fc                          = 1000
   dr-tau                         = 0
   nstdisreout                    = 100
   orire-fc                       = 0
   orire-tau                      = 0
   nstorireout                    = 100
   free-energy                    = no
   cos-acceleration               = 0
   deform (3x3):
      deform[    0]={ 0.00000e+00,  0.00000e+00,  0.00000e+00}
      deform[    1]={ 0.00000e+00,  0.00000e+00,  0.00000e+00}
      deform[    2]={ 0.00000e+00,  0.00000e+00,  0.00000e+00}
   simulated-tempering            = false
   swapcoords                     = no
   userint1                       = 0
   userint2                       = 0
   userint3                       = 0
   userint4                       = 0
   userreal1                      = 0
   userreal2                      = 0
   userreal3                      = 0
   userreal4                      = 0
   applied-forces:
     electric-field:
       x:
         E0                       = 0
         omega                    = 0
         t0                       = 0
         sigma                    = 0
       y:
         E0                       = 0
         omega                    = 0
         t0                       = 0
         sigma                    = 0
       z:
         E0                       = 0
         omega                    = 0
         t0                       = 0
         sigma                    = 0
     density-guided-simulation:
       active                     = false
       group                      = protein
       similarity-measure         = inner-product
       atom-spreading-weight      = unity
       force-constant             = 1e+09
       gaussian-transform-spreading-width = 0.2
       gaussian-transform-spreading-range-in-multiples-of-width = 4
       reference-density-filename = reference.mrc
       nst                        = 1
       normalize-densities        = true
       adaptive-force-scaling     = false
       adaptive-force-scaling-time-constant = 4
       shift-vector               = 
       transformation-matrix      = 
     qmmm-cp2k:
       active                     = false
       qmgroup                    = System
       qmmethod                   = PBE
       qmfilenames                = 
       qmcharge                   = 0
       qmmultiplicity             = 1
     colvars:
       active                     = false
       configfile                 = 
       seed                       = -1
     nnpot:
       active                     = false
       modelfile                  = model.pt
       input-group                = System
       model-input1               = 
       model-input2               = 
       model-input3               = 
       model-input4               = 
grpopts:
   nrdf:        5604
   ref-t:           0
   tau-t:           0
annealing:          No
annealing-npoints:           0
   acc:	           0           0           0
   nfreeze:           N           N           N
   energygrp-flags[  0]: 0


Initializing Domain Decomposition on 24 ranks
NOTE: disabling dynamic load balancing as it is only supported with dynamics, not with integrator 'steep'.
Dynamic load balancing: off
Using update groups, nr 941, average size 3.0 atoms, max. radius 0.078 nm
Minimum cell size due to atom displacement: 0.050 nm
Initial maximum distances in bonded interactions:
    two-body bonded interactions: 0.382 nm, LJ-14, atoms 1 11
  multi-body bonded interactions: 0.382 nm, Ryckaert-Bell., atoms 1 11
Minimum cell size due to bonded interactions: 0.420 nm
Guess for relative PME load: 0.31
Will use 16 particle-particle and 8 PME only ranks
This is a guess, check the performance at the end of the log file
Using 8 separate PME ranks, as guessed by mdrun
Optimizing the DD grid for 16 cells with a minimum initial size of 0.420 nm
The maximum allowed number of cells is: X 7 Y 7 Z 7
Domain decomposition grid 4 x 4 x 1, separate PME ranks 8
PME domain decomposition: 4 x 2 x 1
Interleaving PP and PME ranks
This rank does only particle-particle work.
Domain decomposition rank 0, coordinates 0 0 0

The initial number of communication pulses is: X 2 Y 2
The initial domain decomposition cell size is: X 0.76 nm Y 0.76 nm

The maximum allowed distance for atom groups involved in interactions is:
                 non-bonded interactions           1.206 nm
            two-body bonded interactions  (-rdd)   1.206 nm
          multi-body bonded interactions  (-rdd)   0.764 nm

Local state does not use filler particles

Using 24 MPI threads
Using 1 OpenMP thread per tMPI thread

System total charge: 0.100
Will do PME sum in reciprocal space for electrostatic interactions.

++++ PLEASE READ AND CITE THE FOLLOWING REFERENCE ++++
U. Essmann, L. Perera, M. L. Berkowitz, T. Darden, H. Lee, L. G. Pedersen 
A smooth particle mesh Ewald method
J. Chem. Phys. (1995)
DOI: 10.1063/1.470117
-------- -------- --- Thank You --- -------- --------

Using a Gaussian width (1/beta) of 0.320163 nm for Ewald
Potential shift: LJ r^-12: -1.000e+00 r^-6: -1.000e+00, Ewald -1.000e-05
Initialized non-bonded Coulomb Ewald tables, spacing: 9.33e-04 size: 1073

Generated table with 1025 data points for 1-4 COUL.
Tabscale = 500 points/nm
Generated table with 1025 data points for 1-4 LJ6.
Tabscale = 500 points/nm
Generated table with 1025 data points for 1-4 LJ12.
Tabscale = 500 points/nm


Using SIMD2xMM 4x8 nonbonded short-range kernels

Using a 4x8 pair-list setup:
  updated every 10 steps, buffer 0.050 nm, rlist 1.050 nm

Using Geometric Lennard-Jones combination rule
Removing pbc first time

Linking all bonded interactions to atoms


Pinning threads with an auto-selected logical cpu stride of 1

++++ PLEASE READ AND CITE THE FOLLOWING REFERENCE ++++
S. Miyamoto, P. A. Kollman
SETTLE: An Analytical Version of the SHAKE and RATTLE Algorithms for Rigid
Water Models
J. Comp. Chem. (1992)
DOI: 10.1002/jcc.540130805
-------- -------- --- Thank You --- -------- --------


Note that activating steepest-descent energy minimization via the integrator .mdp option and the command gmx mdrun may be available in a different form in a future version of GROMACS, e.g. gmx minimize and an .mdp option.
Initiating Steepest Descents

Atom distribution over 16 domains: av 174 stddev 22 min 150 max 198
Started Steepest Descents on rank 0 Fri May 16 14:36:39 2025


Steepest Descents:
   Tolerance (Fmax)   =  1.00000e+03
   Number of steps    =        50000
           Step           Time
              0        0.00000

   Energies (kJ/mol)
           Bond          Angle Ryckaert-Bell.          LJ-14     Coulomb-14
    3.85593e+01    7.52102e+00   -3.83038e+00    2.26143e+00   -4.14172e+01
        LJ (SR)   Coulomb (SR)   Coul. recip.      Potential Pressure (bar)
    4.05741e+05   -3.86625e+04    1.34243e+03    3.68424e+05    9.56717e+05

           Step           Time
              1        1.00000

   Energies (kJ/mol)
           Bond          Angle Ryckaert-Bell.          LJ-14     Coulomb-14
    6.13098e+01    2.95513e+01   -3.79151e+00    1.60709e+00   -4.14161e+01
        LJ (SR)   Coulomb (SR)   Coul. recip.      Potential Pressure (bar)
    1.17552e+05   -3.86632e+04    1.34239e+03    8.02782e+04    2.84260e+05

           Step           Time
              2        2.00000

   Energies (kJ/mol)
           Bond          Angle Ryckaert-Bell.          LJ-14     Coulomb-14
    1.21232e+02    1.22832e+02   -3.73774e+00    9.37274e-01   -4.14105e+01
        LJ (SR)   Coulomb (SR)   Coul. recip.      Potential Pressure (bar)
    4.83240e+04   -3.86666e+04    1.34218e+03    1.11994e+04    1.22635e+05


DD  step 2 load imb.: force 17.3%  pme mesh/force 1.968
           Step           Time
              3        3.00000

   Energies (kJ/mol)
           Bond          Angle Ryckaert-Bell.          LJ-14     Coulomb-14
    1.95495e+02    3.60228e+02   -3.67524e+00    3.42948e-01   -4.13762e+01
        LJ (SR)   Coulomb (SR)   Coul. recip.      Potential Pressure (bar)
    3.17797e+04   -3.86871e+04    1.34089e+03   -5.05545e+03    8.39209e+04

           Step           Time
              4        4.00000

   Energies (kJ/mol)
           Bond          Angle Ryckaert-Bell.          LJ-14     Coulomb-14
    2.10079e+02    8.11485e+02   -3.63145e+00   -1.59346e-01   -4.10823e+01
        LJ (SR)   Coulomb (SR)   Coul. recip.      Potential Pressure (bar)
    2.20391e+04   -3.88165e+04    1.33079e+03   -1.44700e+04    6.07191e+04

           Step           Time
              5        5.00000

   Energies (kJ/mol)
           Bond          Angle Ryckaert-Bell.          LJ-14     Coulomb-14
    1.49025e+02    4.88563e+02   -3.78022e+00   -1.13264e-01   -3.95016e+01
        LJ (SR)   Coulomb (SR)   Coul. recip.      Potential Pressure (bar)
    1.39700e+04   -3.91493e+04    1.28191e+03   -2.33031e+04    4.10391e+04

           Step           Time
              6        6.00000

   Energies (kJ/mol)
           Bond          Angle Ryckaert-Bell.          LJ-14     Coulomb-14
    2.46993e+02    2.09768e+02   -3.68989e+00   -4.39763e-01   -3.73840e+01
        LJ (SR)   Coulomb (SR)   Coul. recip.      Potential Pressure (bar)
    1.02213e+04   -3.97615e+04    1.13811e+03   -2.79869e+04    3.10468e+04

           Step           Time
              7        7.00000

   Energies (kJ/mol)
           Bond          Angle Ryckaert-Bell.          LJ-14     Coulomb-14
    2.51091e+02    1.57354e+02   -3.64344e+00   -2.90976e-01   -3.81525e+01
        LJ (SR)   Coulomb (SR)   Coul. recip.      Potential Pressure (bar)
    9.86885e+03   -3.99321e+04    1.10319e+03   -2.85937e+04    3.00985e+04

           Step           Time
              8        8.00000

   Energies (kJ/mol)
           Bond          Angle Ryckaert-Bell.          LJ-14     Coulomb-14
    4.93597e+02    1.94794e+02   -3.43192e+00   -4.77976e-01   -3.79595e+01
        LJ (SR)   Coulomb (SR)   Coul. recip.      Potential Pressure (bar)
    9.49878e+03   -4.01284e+04    1.05880e+03   -2.89242e+04    2.90218e+04

           Step           Time
              9        9.00000

   Energies (kJ/mol)
           Bond          Angle Ryckaert-Bell.          LJ-14     Coulomb-14
    4.90099e+02    1.22914e+02   -3.37078e+00   -1.75379e-01   -3.88348e+01
        LJ (SR)   Coulomb (SR)   Coul. recip.      Potential Pressure (bar)
    9.29984e+03   -4.02828e+04    1.02975e+03   -2.93825e+04    2.84265e+04

           Step           Time
             10       10.00000

           Step           Time
             11       11.00000

   Energies (kJ/mol)
           Bond          Angle Ryckaert-Bell.          LJ-14     Coulomb-14
    2.77166e+01    1.01504e+02   -3.23714e+00   -3.60107e-01   -3.85940e+01
        LJ (SR)   Coulomb (SR)   Coul. recip.      Potential Pressure (bar)
    9.15956e+03   -4.03702e+04    1.00882e+03   -3.01147e+04    2.82789e+04

           Step           Time
             12       12.00000

   Energies (kJ/mol)
           Bond          Angle Ryckaert-Bell.          LJ-14     Coulomb-14
    6.94492e+02    9.20248e+01   -2.76651e+00    9.43639e-02   -3.90059e+01
        LJ (SR)   Coulomb (SR)   Coul. recip.      Potential Pressure (bar)
    8.65679e+03   -4.07909e+04    9.21796e+02   -3.04675e+04    2.65717e+04

           Step           Time
             13       13.00000

   Energies (kJ/mol)
           Bond          Angle Ryckaert-Bell.          LJ-14     Coulomb-14
    1.47882e+02    7.17559e+01   -2.52859e+00   -2.86447e-01   -3.89115e+01
        LJ (SR)   Coulomb (SR)   Coul. recip.      Potential Pressure (bar)
    8.54486e+03   -4.08775e+04    9.03448e+02   -3.12513e+04    2.65046e+04

           Step           Time
             14       14.00000

           Step           Time
             15       15.00000

   Energies (kJ/mol)
           Bond          Angle Ryckaert-Bell.          LJ-14     Coulomb-14
    1.16445e+02    5.03329e+01   -2.44430e+00   -2.60298e-02   -3.92751e+01
        LJ (SR)   Coulomb (SR)   Coul. recip.      Potential Pressure (bar)
    8.44718e+03   -4.09901e+04    8.82363e+02   -3.15356e+04    2.62330e+04

           Step           Time
             16       16.00000

   Energies (kJ/mol)
           Bond          Angle Ryckaert-Bell.          LJ-14     Coulomb-14
    2.89827e+02    7.40926e+01   -2.06480e+00   -2.32815e-01   -3.88966e+01
        LJ (SR)   Coulomb (SR)   Coul. recip.      Potential Pressure (bar)
    8.30102e+03   -4.11361e+04    8.53493e+02   -3.16588e+04    2.57604e+04

           Step           Time
             17       17.00000

   Energies (kJ/mol)
           Bond          Angle Ryckaert-Bell.          LJ-14     Coulomb-14
    2.53946e+02    5.10120e+01   -2.02242e+00    1.34164e-01   -3.96103e+01
        LJ (SR)   Coulomb (SR)   Coul. recip.      Potential Pressure (bar)
    8.22351e+03   -4.12424e+04    8.35495e+02   -3.19200e+04    2.55178e+04

           Step           Time
             18       18.00000

           Step           Time
             19       19.00000

   Energies (kJ/mol)
           Bond          Angle Ryckaert-Bell.          LJ-14     Coulomb-14
    1.70237e+01    3.72867e+01   -1.86039e+00   -6.03152e-02   -3.92934e+01
        LJ (SR)   Coulomb (SR)   Coul. recip.      Potential Pressure (bar)
    8.16112e+03   -4.13064e+04    8.22249e+02   -3.23099e+04    2.54661e+04

           Step           Time
             20       20.00000

   Energies (kJ/mol)
           Bond          Angle Ryckaert-Bell.          LJ-14     Coulomb-14
    3.77309e+02    4.59344e+01   -1.43114e+00    4.21934e-01   -3.96650e+01
        LJ (SR)   Coulomb (SR)   Coul. recip.      Potential Pressure (bar)
    7.94417e+03   -4.15912e+04    7.70920e+02   -3.24936e+04    2.46512e+04

           Step           Time
             21       21.00000

   Energies (kJ/mol)
           Bond          Angle Ryckaert-Bell.          LJ-14     Coulomb-14
    8.72537e+01    3.46664e+01   -1.21500e+00    3.91212e-02   -3.93699e+01
        LJ (SR)   Coulomb (SR)   Coul. recip.      Potential Pressure (bar)
    7.88423e+03   -4.16569e+04    7.58688e+02   -3.29326e+04    2.46130e+04

           Step           Time
             22       22.00000

           Step           Time
             23       23.00000

   Energies (kJ/mol)
           Bond          Angle Ryckaert-Bell.          LJ-14     Coulomb-14
    5.98039e+01    2.37882e+01   -1.16726e+00    3.04058e-01   -3.97130e+01
        LJ (SR)   Coulomb (SR)   Coul. recip.      Potential Pressure (bar)
    7.83216e+03   -4.17381e+04    7.45351e+02   -3.31175e+04    2.44642e+04

           Step           Time
             24       24.00000

   Energies (kJ/mol)
           Bond          Angle Ryckaert-Bell.          LJ-14     Coulomb-14
    1.72237e+02    3.85205e+01   -8.54853e-01    8.95141e-02   -3.93285e+01
        LJ (SR)   Coulomb (SR)   Coul. recip.      Potential Pressure (bar)
    7.74555e+03   -4.18530e+04    7.25457e+02   -3.32113e+04    2.41744e+04

           Step           Time
             25       25.00000

   Energies (kJ/mol)
           Bond          Angle Ryckaert-Bell.          LJ-14     Coulomb-14
    1.31676e+02    2.51008e+01   -8.43581e-01    4.49177e-01   -3.99424e+01
        LJ (SR)   Coulomb (SR)   Coul. recip.      Potential Pressure (bar)
    7.70121e+03   -4.19305e+04    7.13901e+02   -3.33990e+04    2.40356e+04

           Step           Time
             26       26.00000

           Step           Time
             27       27.00000

   Energies (kJ/mol)
           Bond          Angle Ryckaert-Bell.          LJ-14     Coulomb-14
    1.25449e+01    1.96382e+01   -7.15004e-01    2.59350e-01   -3.96392e+01
        LJ (SR)   Coulomb (SR)   Coul. recip.      Potential Pressure (bar)
    7.66243e+03   -4.19816e+04    7.04791e+02   -3.36223e+04    2.39896e+04

           Step           Time
             28       28.00000

   Energies (kJ/mol)
           Bond          Angle Ryckaert-Bell.          LJ-14     Coulomb-14
    1.94601e+02    2.45755e+01   -4.69603e-01    6.51679e-01   -4.00134e+01
        LJ (SR)   Coulomb (SR)   Coul. recip.      Potential Pressure (bar)
    7.54614e+03   -4.21709e+04    6.75194e+02   -3.37702e+04    2.35446e+04

           Step           Time
             29       29.00000

   Energies (kJ/mol)
           Bond          Angle Ryckaert-Bell.          LJ-14     Coulomb-14
    5.78674e+01    2.08882e+01   -3.03393e-01    3.13839e-01   -3.96647e+01
        LJ (SR)   Coulomb (SR)   Coul. recip.      Potential Pressure (bar)
    7.50555e+03   -4.22254e+04    6.66238e+02   -3.40145e+04    2.34947e+04

           Step           Time
             30       30.00000

           Step           Time
             31       31.00000

   Energies (kJ/mol)
           Bond          Angle Ryckaert-Bell.          LJ-14     Coulomb-14
    2.63825e+01    1.34908e+01   -2.86400e-01    5.42198e-01   -3.99630e+01
        LJ (SR)   Coulomb (SR)   Coul. recip.      Potential Pressure (bar)
    7.47328e+03   -4.22840e+04    6.57745e+02   -3.41528e+04    2.34042e+04

           Step           Time
             32       32.00000

   Energies (kJ/mol)
           Bond          Angle Ryckaert-Bell.          LJ-14     Coulomb-14
    1.12034e+02    2.37581e+01   -4.55651e-02    3.49866e-01   -3.96248e+01
        LJ (SR)   Coulomb (SR)   Coul. recip.      Potential Pressure (bar)
    7.40656e+03   -4.23883e+04    6.41831e+02   -3.42435e+04    2.31781e+04

           Step           Time
             33       33.00000

   Energies (kJ/mol)
           Bond          Angle Ryckaert-Bell.          LJ-14     Coulomb-14
    6.06645e+01    1.37351e+01   -5.89848e-02    6.58050e-01   -4.01280e+01
        LJ (SR)   Coulomb (SR)   Coul. recip.      Potential Pressure (bar)
    7.37786e+03   -4.24454e+04    6.34319e+02   -3.43983e+04    2.30951e+04

           Step           Time
             34       34.00000

           Step           Time
             35       35.00000

   Energies (kJ/mol)
           Bond          Angle Ryckaert-Bell.          LJ-14     Coulomb-14
    1.22721e+01    1.27347e+01    4.38254e-02    4.93658e-01   -3.98690e+01
        LJ (SR)   Coulomb (SR)   Coul. recip.      Potential Pressure (bar)
    7.34830e+03   -4.24910e+04    6.27286e+02   -3.45298e+04    2.30393e+04

           Step           Time
             36       36.00000

   Energies (kJ/mol)
           Bond          Angle Ryckaert-Bell.          LJ-14     Coulomb-14
    9.14249e+01    1.38696e+01    1.50051e-01    7.79612e-01   -4.02035e+01
        LJ (SR)   Coulomb (SR)   Coul. recip.      Potential Pressure (bar)
    7.28571e+03   -4.26068e+04    6.11505e+02   -3.46436e+04    2.28010e+04

           Step           Time
             37       37.00000

   Energies (kJ/mol)
           Bond          Angle Ryckaert-Bell.          LJ-14     Coulomb-14
    4.37518e+01    1.44838e+01    2.82967e-01    5.07558e-01   -3.98728e+01
        LJ (SR)   Coulomb (SR)   Coul. recip.      Potential Pressure (bar)
    7.25371e+03   -4.26564e+04    6.04265e+02   -3.47793e+04    2.27367e+04

           Step           Time
             38       38.00000

   Energies (kJ/mol)
           Bond          Angle Ryckaert-Bell.          LJ-14     Coulomb-14
    1.52713e+02    1.68214e+01    3.30204e-01    8.87565e-01   -4.03480e+01
        LJ (SR)   Coulomb (SR)   Coul. recip.      Potential Pressure (bar)
    7.21271e+03   -4.27397e+04    5.93879e+02   -3.48027e+04    2.25493e+04

           Step           Time
             39       39.00000

   Energies (kJ/mol)
           Bond          Angle Ryckaert-Bell.          LJ-14     Coulomb-14
    1.17255e+02    2.03273e+01    5.02726e-01    4.72253e-01   -3.98522e+01
        LJ (SR)   Coulomb (SR)   Coul. recip.      Potential Pressure (bar)
    7.17880e+03   -4.27915e+04    5.86492e+02   -3.49275e+04    2.24789e+04

           Step           Time
             40       40.00000

           Step           Time
             41       41.00000

   Energies (kJ/mol)
           Bond          Angle Ryckaert-Bell.          LJ-14     Coulomb-14
    8.56613e+00    7.88573e+00    4.59267e-01    7.21364e-01   -4.02159e+01
        LJ (SR)   Coulomb (SR)   Coul. recip.      Potential Pressure (bar)
    7.16310e+03   -4.28263e+04    5.82227e+02   -3.51036e+04    2.24689e+04

           Step           Time
             42       42.00000

   Energies (kJ/mol)
           Bond          Angle Ryckaert-Bell.          LJ-14     Coulomb-14
    2.02487e+02    2.49015e+01    7.58601e-01    5.12035e-01   -3.97165e+01
        LJ (SR)   Coulomb (SR)   Coul. recip.      Potential Pressure (bar)
    7.07592e+03   -4.29846e+04    5.61319e+02   -3.51585e+04    2.21358e+04

           Step           Time
             43       43.00000

   Energies (kJ/mol)
           Bond          Angle Ryckaert-Bell.          LJ-14     Coulomb-14
    3.12014e+01    7.75633e+00    6.76364e-01    8.36495e-01   -4.03708e+01
        LJ (SR)   Coulomb (SR)   Coul. recip.      Potential Pressure (bar)
    7.06167e+03   -4.30200e+04    5.57766e+02   -3.54005e+04    2.21390e+04

           Step           Time
             44       44.00000

           Step           Time
             45       45.00000

   Energies (kJ/mol)
           Bond          Angle Ryckaert-Bell.          LJ-14     Coulomb-14
    4.34528e+01    1.10012e+01    7.88713e-01    6.42871e-01   -4.00336e+01
        LJ (SR)   Coulomb (SR)   Coul. recip.      Potential Pressure (bar)
    7.03175e+03   -4.30734e+04    5.50819e+02   -3.54749e+04    2.20585e+04

           Step           Time
             46       46.00000

   Energies (kJ/mol)
           Bond          Angle Ryckaert-Bell.          LJ-14     Coulomb-14
    5.77394e+01    8.68182e+00    7.83823e-01    9.17460e-01   -4.04463e+01
        LJ (SR)   Coulomb (SR)   Coul. recip.      Potential Pressure (bar)
    7.00860e+03   -4.31255e+04    5.45212e+02   -3.55440e+04    2.19633e+04

           Step           Time
             47       47.00000

   Energies (kJ/mol)
           Bond          Angle Ryckaert-Bell.          LJ-14     Coulomb-14
    9.64207e+01    1.51961e+01    9.29506e-01    6.05947e-01   -4.00070e+01
        LJ (SR)   Coulomb (SR)   Coul. recip.      Potential Pressure (bar)
    6.97827e+03   -4.31789e+04    5.38500e+02   -3.55890e+04    2.18701e+04

           Step           Time
             48       48.00000

   Energies (kJ/mol)
           Bond          Angle Ryckaert-Bell.          LJ-14     Coulomb-14
    1.13497e+02    1.18656e+01    9.01132e-01    1.00309e+00   -4.05810e+01
        LJ (SR)   Coulomb (SR)   Coul. recip.      Potential Pressure (bar)
    6.95884e+03   -4.32274e+04    5.33701e+02   -3.56482e+04    2.17824e+04

           Step           Time
             49       49.00000

           Step           Time
             50       50.00000

   Energies (kJ/mol)
           Bond          Angle Ryckaert-Bell.          LJ-14     Coulomb-14
    3.68400e+00    6.08631e+00    9.54810e-01    7.55497e-01   -4.02801e+01
        LJ (SR)   Coulomb (SR)   Coul. recip.      Potential Pressure (bar)
    6.94329e+03   -4.32532e+04    5.30199e+02   -3.58086e+04    2.17948e+04

           Step           Time
             51       51.00000

   Energies (kJ/mol)
           Bond          Angle Ryckaert-Bell.          LJ-14     Coulomb-14
    1.53528e+02    1.29302e+01    1.07437e+00    1.14754e+00   -4.05535e+01
        LJ (SR)   Coulomb (SR)   Coul. recip.      Potential Pressure (bar)
    6.86610e+03   -4.34212e+04    5.11429e+02   -3.59155e+04    2.14812e+04

           Step           Time
             52       52.00000

   Energies (kJ/mol)
           Bond          Angle Ryckaert-Bell.          LJ-14     Coulomb-14
    3.13983e+01    8.02364e+00    1.16228e+00    7.38822e-01   -4.02432e+01
        LJ (SR)   Coulomb (SR)   Coul. recip.      Potential Pressure (bar)
    6.84832e+03   -4.34506e+04    5.08002e+02   -3.60932e+04    2.14825e+04

           Step           Time
             53       53.00000

           Step           Time
             54       54.00000

   Energies (kJ/mol)
           Bond          Angle Ryckaert-Bell.          LJ-14     Coulomb-14
    2.50542e+01    5.20688e+00    1.14328e+00    9.67090e-01   -4.05073e+01
        LJ (SR)   Coulomb (SR)   Coul. recip.      Potential Pressure (bar)
    6.83264e+03   -4.34891e+04    5.04138e+02   -3.61604e+04    2.14322e+04

           Step           Time
             55       55.00000

   Energies (kJ/mol)
           Bond          Angle Ryckaert-Bell.          LJ-14     Coulomb-14
    6.55741e+01    1.06335e+01    1.25816e+00    7.13817e-01   -4.01907e+01
        LJ (SR)   Coulomb (SR)   Coul. recip.      Potential Pressure (bar)
    6.80637e+03   -4.35412e+04    4.98432e+02   -3.61984e+04    2.13415e+04

           Step           Time
             56       56.00000

   Energies (kJ/mol)
           Bond          Angle Ryckaert-Bell.          LJ-14     Coulomb-14
    5.18213e+01    6.57127e+00    1.21768e+00    1.02245e+00   -4.06162e+01
        LJ (SR)   Coulomb (SR)   Coul. recip.      Potential Pressure (bar)
    6.79258e+03   -4.35783e+04    4.95056e+02   -3.62706e+04    2.12913e+04

           Step           Time
             57       57.00000

           Step           Time
             58       58.00000

   Energies (kJ/mol)
           Bond          Angle Ryckaert-Bell.          LJ-14     Coulomb-14
    5.03823e+00    4.74888e+00    1.26919e+00    8.31926e-01   -4.03815e+01
        LJ (SR)   Coulomb (SR)   Coul. recip.      Potential Pressure (bar)
    6.77962e+03   -4.36030e+04    4.92185e+02   -3.63597e+04    2.12799e+04

           Step           Time
             59       59.00000

   Energies (kJ/mol)
           Bond          Angle Ryckaert-Bell.          LJ-14     Coulomb-14
    7.31044e+01    7.46776e+00    1.30372e+00    1.08580e+00   -4.06460e+01
        LJ (SR)   Coulomb (SR)   Coul. recip.      Potential Pressure (bar)
    6.74094e+03   -4.36958e+04    4.83047e+02   -3.64295e+04    2.11190e+04

           Step           Time
             60       60.00000

   Energies (kJ/mol)
           Bond          Angle Ryckaert-Bell.          LJ-14     Coulomb-14
    2.43988e+01    6.26422e+00    1.38135e+00    7.93713e-01   -4.03501e+01
        LJ (SR)   Coulomb (SR)   Coul. recip.      Potential Pressure (bar)
    6.72599e+03   -4.37241e+04    4.79942e+02   -3.65257e+04    2.11011e+04

           Step           Time
             61       61.00000

           Step           Time
             62       62.00000

   Energies (kJ/mol)
           Bond          Angle Ryckaert-Bell.          LJ-14     Coulomb-14
    9.06915e+00    3.67171e+00    1.35994e+00    9.61378e-01   -4.05552e+01
        LJ (SR)   Coulomb (SR)   Coul. recip.      Potential Pressure (bar)
    6.71503e+03   -4.37530e+04    4.77256e+02   -3.65863e+04    2.10681e+04

           Step           Time
             63       63.00000

   Energies (kJ/mol)
           Bond          Angle Ryckaert-Bell.          LJ-14     Coulomb-14
    4.76249e+01    7.96407e+00    1.46052e+00    7.71284e-01   -4.03032e+01
        LJ (SR)   Coulomb (SR)   Coul. recip.      Potential Pressure (bar)
    6.68845e+03   -4.38116e+04    4.71332e+02   -3.66343e+04    2.09745e+04

           Step           Time
             64       64.00000

   Energies (kJ/mol)
           Bond          Angle Ryckaert-Bell.          LJ-14     Coulomb-14
    2.06060e+01    4.09345e+00    1.41892e+00    1.00045e+00   -4.06291e+01
        LJ (SR)   Coulomb (SR)   Coul. recip.      Potential Pressure (bar)
    6.67843e+03   -4.38405e+04    4.68885e+02   -3.67067e+04    2.09437e+04

           Step           Time
             65       65.00000

   Energies (kJ/mol)
           Bond          Angle Ryckaert-Bell.          LJ-14     Coulomb-14
    9.11464e+01    1.13234e+01    1.54729e+00    7.25476e-01   -4.02529e+01
        LJ (SR)   Coulomb (SR)   Coul. recip.      Potential Pressure (bar)
    6.65423e+03   -4.38932e+04    4.63580e+02   -3.67109e+04    2.08490e+04

           Step           Time
             66       66.00000

   Energies (kJ/mol)
           Bond          Angle Ryckaert-Bell.          LJ-14     Coulomb-14
    4.79801e+01    5.65436e+00    1.47933e+00    1.04964e+00   -4.07334e+01
        LJ (SR)   Coulomb (SR)   Coul. recip.      Potential Pressure (bar)
    6.64521e+03   -4.39224e+04    4.61342e+02   -3.68004e+04    2.08227e+04

           Step           Time
             67       67.00000

           Step           Time
             68       68.00000

   Energies (kJ/mol)
           Bond          Angle Ryckaert-Bell.          LJ-14     Coulomb-14
    1.01659e+01    4.23177e+00    1.53715e+00    8.41797e-01   -4.04666e+01
        LJ (SR)   Coulomb (SR)   Coul. recip.      Potential Pressure (bar)
    6.63377e+03   -4.39460e+04    4.58770e+02   -3.68771e+04    2.08131e+04

           Step           Time
             69       69.00000

   Energies (kJ/mol)
           Bond          Angle Ryckaert-Bell.          LJ-14     Coulomb-14
    7.28941e+01    6.99981e+00    1.53416e+00    1.10168e+00   -4.07583e+01
        LJ (SR)   Coulomb (SR)   Coul. recip.      Potential Pressure (bar)
    6.61175e+03   -4.40067e+04    4.53501e+02   -3.68997e+04    2.07042e+04

           Step           Time
             70       70.00000

   Energies (kJ/mol)
           Bond          Angle Ryckaert-Bell.          LJ-14     Coulomb-14
    3.52772e+01    6.29980e+00    1.62090e+00    7.86789e-01   -4.04205e+01
        LJ (SR)   Coulomb (SR)   Coul. recip.      Potential Pressure (bar)
    6.59864e+03   -4.40332e+04    4.50735e+02   -3.69803e+04    2.06886e+04

           Step           Time
             71       71.00000

           Step           Time
             72       72.00000

   Energies (kJ/mol)
           Bond          Angle Ryckaert-Bell.          LJ-14     Coulomb-14
    6.91811e+00    2.94380e+00    1.58409e+00    9.64392e-01   -4.06426e+01
        LJ (SR)   Coulomb (SR)   Coul. recip.      Potential Pressure (bar)
    6.59122e+03   -4.40558e+04    4.48828e+02   -3.70440e+04    2.06713e+04

           Step           Time
             73       73.00000

   Energies (kJ/mol)
           Bond          Angle Ryckaert-Bell.          LJ-14     Coulomb-14
    6.45363e+01    8.42922e+00    1.69574e+00    7.59129e-01   -4.03504e+01
        LJ (SR)   Coulomb (SR)   Coul. recip.      Potential Pressure (bar)
    6.56516e+03   -4.41190e+04    4.42888e+02   -3.70758e+04    2.05706e+04

           Step           Time
             74       74.00000

   Energies (kJ/mol)
           Bond          Angle Ryckaert-Bell.          LJ-14     Coulomb-14
    1.83674e+01    3.46104e+00    1.63421e+00    1.00035e+00   -4.07104e+01
        LJ (SR)   Coulomb (SR)   Coul. recip.      Potential Pressure (bar)
    6.55830e+03   -4.41423e+04    4.41154e+02   -3.71591e+04    2.05561e+04

           Step           Time
             75       75.00000

           Step           Time
             76       76.00000

   Energies (kJ/mol)
           Bond          Angle Ryckaert-Bell.          LJ-14     Coulomb-14
    1.11422e+01    3.81116e+00    1.68954e+00    8.47619e-01   -4.05050e+01
        LJ (SR)   Coulomb (SR)   Coul. recip.      Potential Pressure (bar)
    6.54713e+03   -4.41685e+04    4.38587e+02   -3.72058e+04    2.05308e+04

           Step           Time
             77       77.00000

   Energies (kJ/mol)
           Bond          Angle Ryckaert-Bell.          LJ-14     Coulomb-14
    2.98282e+01    4.05318e+00    1.66955e+00    1.03191e+00   -4.07409e+01
        LJ (SR)   Coulomb (SR)   Coul. recip.      Potential Pressure (bar)
    6.53398e+03   -4.42079e+04    4.35400e+02   -3.72427e+04    2.04709e+04

           Step           Time
             78       78.00000

   Energies (kJ/mol)
           Bond          Angle Ryckaert-Bell.          LJ-14     Coulomb-14
    2.93396e+01    5.30008e+00    1.74916e+00    8.04482e-01   -4.04675e+01
        LJ (SR)   Coulomb (SR)   Coul. recip.      Potential Pressure (bar)
    6.52163e+03   -4.42365e+04    4.32649e+02   -3.72855e+04    2.04400e+04

           Step           Time
             79       79.00000

   Energies (kJ/mol)
           Bond          Angle Ryckaert-Bell.          LJ-14     Coulomb-14
    5.32858e+01    5.52144e+00    1.70589e+00    1.07010e+00   -4.08052e+01
        LJ (SR)   Coulomb (SR)   Coul. recip.      Potential Pressure (bar)
    6.51144e+03   -4.42705e+04    4.30106e+02   -3.73082e+04    2.03853e+04

           Step           Time
             80       80.00000

   Energies (kJ/mol)
           Bond          Angle Ryckaert-Bell.          LJ-14     Coulomb-14
    6.82987e+01    8.44590e+00    1.82050e+00    7.41740e-01   -4.04138e+01
        LJ (SR)   Coulomb (SR)   Coul. recip.      Potential Pressure (bar)
    6.49816e+03   -4.43002e+04    4.27227e+02   -3.73359e+04    2.03481e+04

           Step           Time
             81       81.00000

   Energies (kJ/mol)
           Bond          Angle Ryckaert-Bell.          LJ-14     Coulomb-14
    1.01563e+02    8.85638e+00    1.75053e+00    1.12129e+00   -4.09046e+01
        LJ (SR)   Coulomb (SR)   Coul. recip.      Potential Pressure (bar)
    6.49012e+03   -4.43316e+04    4.25146e+02   -3.73439e+04    2.02917e+04

           Step           Time
             82       82.00000

           Step           Time
             83       83.00000

   Energies (kJ/mol)
           Bond          Angle Ryckaert-Bell.          LJ-14     Coulomb-14
    1.48671e+00    2.59197e+00    1.79717e+00    8.72833e-01   -4.06340e+01
        LJ (SR)   Coulomb (SR)   Coul. recip.      Potential Pressure (bar)
    6.48279e+03   -4.43464e+04    4.23446e+02   -3.74740e+04    2.03215e+04

           Step           Time
             84       84.00000

   Energies (kJ/mol)
           Bond          Angle Ryckaert-Bell.          LJ-14     Coulomb-14
    1.29572e+02    1.00445e+01    1.83300e+00    1.20599e+00   -4.07849e+01
        LJ (SR)   Coulomb (SR)   Coul. recip.      Potential Pressure (bar)
    6.43132e+03   -4.45025e+04    4.10237e+02   -3.75591e+04    2.00906e+04

           Step           Time
             85       85.00000

   Energies (kJ/mol)
           Bond          Angle Ryckaert-Bell.          LJ-14     Coulomb-14
    2.22163e+01    4.26871e+00    1.92232e+00    8.08093e-01   -4.05415e+01
        LJ (SR)   Coulomb (SR)   Coul. recip.      Potential Pressure (bar)
    6.42249e+03   -4.45203e+04    4.08641e+02   -3.77005e+04    2.01070e+04

           Step           Time
             86       86.00000

           Step           Time
             87       87.00000

   Energies (kJ/mol)
           Bond          Angle Ryckaert-Bell.          LJ-14     Coulomb-14
    2.31017e+01    3.31224e+00    1.87531e+00    1.01193e+00   -4.07749e+01
        LJ (SR)   Coulomb (SR)   Coul. recip.      Potential Pressure (bar)
    6.41555e+03   -4.45459e+04    4.06784e+02   -3.77350e+04    2.00806e+04

           Step           Time
             88       88.00000

   Energies (kJ/mol)
           Bond          Angle Ryckaert-Bell.          LJ-14     Coulomb-14
    4.74924e+01    6.30440e+00    1.97340e+00    7.65744e-01   -4.04890e+01
        LJ (SR)   Coulomb (SR)   Coul. recip.      Potential Pressure (bar)
    6.40396e+03   -4.45758e+04    4.04159e+02   -3.77517e+04    2.00402e+04

           Step           Time
             89       89.00000

   Energies (kJ/mol)
           Bond          Angle Ryckaert-Bell.          LJ-14     Coulomb-14
    4.64492e+01    4.88207e+00    1.89967e+00    1.04538e+00   -4.08547e+01
        LJ (SR)   Coulomb (SR)   Coul. recip.      Potential Pressure (bar)
    6.39817e+03   -4.46005e+04    4.02582e+02   -3.77863e+04    2.00103e+04

           Step           Time
             90       90.00000

           Step           Time
             91       91.00000

   Energies (kJ/mol)
           Bond          Angle Ryckaert-Bell.          LJ-14     Coulomb-14
    2.72830e+00    2.41922e+00    1.94977e+00    8.64779e-01   -4.06455e+01
        LJ (SR)   Coulomb (SR)   Coul. recip.      Potential Pressure (bar)
    6.39207e+03   -4.46151e+04    4.01124e+02   -3.78546e+04    2.00166e+04

           Step           Time
             92       92.00000

   Energies (kJ/mol)
           Bond          Angle Ryckaert-Bell.          LJ-14     Coulomb-14
    6.39353e+01    5.94846e+00    1.93529e+00    1.07879e+00   -4.08510e+01
        LJ (SR)   Coulomb (SR)   Coul. recip.      Potential Pressure (bar)
    6.37021e+03   -4.46898e+04    3.95437e+02   -3.78921e+04    1.99087e+04

           Step           Time
             93       93.00000

   Energies (kJ/mol)
           Bond          Angle Ryckaert-Bell.          LJ-14     Coulomb-14
    1.65249e+01    3.57797e+00    2.01530e+00    8.08353e-01   -4.05925e+01
        LJ (SR)   Coulomb (SR)   Coul. recip.      Potential Pressure (bar)
    6.36288e+03   -4.47071e+04    3.93817e+02   -3.79680e+04    1.99111e+04

           Step           Time
             94       94.00000

           Step           Time
             95       95.00000

   Energies (kJ/mol)
           Bond          Angle Ryckaert-Bell.          LJ-14     Coulomb-14
    9.40651e+00    2.42837e+00    1.97407e+00    9.56354e-01   -4.07660e+01
        LJ (SR)   Coulomb (SR)   Coul. recip.      Potential Pressure (bar)
    6.35771e+03   -4.47275e+04    3.92375e+02   -3.80034e+04    1.98925e+04

           Step           Time
             96       96.00000

   Energies (kJ/mol)
           Bond          Angle Ryckaert-Bell.          LJ-14     Coulomb-14
    3.30969e+01    4.87419e+00    2.05728e+00    7.75514e-01   -4.05412e+01
        LJ (SR)   Coulomb (SR)   Coul. recip.      Potential Pressure (bar)
    6.34653e+03   -4.47601e+04    3.89660e+02   -3.80236e+04    1.98506e+04

           Step           Time
             97       97.00000

   Energies (kJ/mol)
           Bond          Angle Ryckaert-Bell.          LJ-14     Coulomb-14
    2.02271e+01    3.12531e+00    1.99167e+00    9.80523e-01   -4.08154e+01
        LJ (SR)   Coulomb (SR)   Coul. recip.      Potential Pressure (bar)
    6.34199e+03   -4.47804e+04    3.88375e+02   -3.80645e+04    1.98319e+04

           Step           Time
             98       98.00000

           Step           Time
             99       99.00000

   Energies (kJ/mol)
           Bond          Angle Ryckaert-Bell.          LJ-14     Coulomb-14
    3.52213e+00    2.35377e+00    2.03872e+00    8.49449e-01   -4.06536e+01
        LJ (SR)   Coulomb (SR)   Coul. recip.      Potential Pressure (bar)
    6.33642e+03   -4.47958e+04    3.86987e+02   -3.81042e+04    1.98260e+04

           Step           Time
            100      100.00000

   Energies (kJ/mol)
           Bond          Angle Ryckaert-Bell.          LJ-14     Coulomb-14
    2.92532e+01    3.69195e+00    2.01160e+00    1.00142e+00   -4.08272e+01
        LJ (SR)   Coulomb (SR)   Coul. recip.      Potential Pressure (bar)
    6.32433e+03   -4.48409e+04    3.83739e+02   -3.81377e+04    1.97666e+04

           Step           Time
            101      101.00000

   Energies (kJ/mol)
           Bond          Angle Ryckaert-Bell.          LJ-14     Coulomb-14
    1.33306e+01    3.18527e+00    2.08281e+00    8.08731e-01   -4.06127e+01
        LJ (SR)   Coulomb (SR)   Coul. recip.      Potential Pressure (bar)
    6.31774e+03   -4.48588e+04    3.82154e+02   -3.81801e+04    1.97576e+04

           Step           Time
            102      102.00000

   Energies (kJ/mol)
           Bond          Angle Ryckaert-Bell.          LJ-14     Coulomb-14
    4.78918e+01    4.98877e+00    2.02715e+00    1.02914e+00   -4.08736e+01
        LJ (SR)   Coulomb (SR)   Coul. recip.      Potential Pressure (bar)
    6.31031e+03   -4.48905e+04    3.80088e+02   -3.81851e+04    1.97087e+04

           Step           Time
            103      103.00000

   Energies (kJ/mol)
           Bond          Angle Ryckaert-Bell.          LJ-14     Coulomb-14
    3.64112e+01    5.06678e+00    2.13337e+00    7.54044e-01   -4.05625e+01
        LJ (SR)   Coulomb (SR)   Coul. recip.      Potential Pressure (bar)
    6.30279e+03   -4.49101e+04    3.78309e+02   -3.82252e+04    1.96976e+04

           Step           Time
            104      104.00000

           Step           Time
            105      105.00000

   Energies (kJ/mol)
           Bond          Angle Ryckaert-Bell.          LJ-14     Coulomb-14
    2.87755e+00    2.03386e+00    2.07159e+00    9.06512e-01   -4.07598e+01
        LJ (SR)   Coulomb (SR)   Coul. recip.      Potential Pressure (bar)
    6.30009e+03   -4.49235e+04    3.77445e+02   -3.82788e+04    1.96973e+04

           Step           Time
            106      106.00000

   Energies (kJ/mol)
           Bond          Angle Ryckaert-Bell.          LJ-14     Coulomb-14
    6.30332e+01    6.96609e+00    2.18815e+00    7.24097e-01   -4.04766e+01
        LJ (SR)   Coulomb (SR)   Coul. recip.      Potential Pressure (bar)
    6.28213e+03   -4.49837e+04    3.72698e+02   -3.82964e+04    1.96172e+04

           Step           Time
            107      107.00000

   Energies (kJ/mol)
           Bond          Angle Ryckaert-Bell.          LJ-14     Coulomb-14
    9.74609e+00    2.45711e+00    2.09226e+00    9.30080e-01   -4.08011e+01
        LJ (SR)   Coulomb (SR)   Coul. recip.      Potential Pressure (bar)
    6.27976e+03   -4.49980e+04    3.71958e+02   -3.83719e+04    1.96200e+04

           Step           Time
            108      108.00000

           Step           Time
            109      109.00000

   Energies (kJ/mol)
           Bond          Angle Ryckaert-Bell.          LJ-14     Coulomb-14
    1.38717e+01    3.12267e+00    2.15660e+00    7.96704e-01   -4.06137e+01
        LJ (SR)   Coulomb (SR)   Coul. recip.      Potential Pressure (bar)
    6.27289e+03   -4.50197e+04    3.70139e+02   -3.83974e+04    1.96017e+04

           Step           Time
            110      110.00000

   Energies (kJ/mol)
           Bond          Angle Ryckaert-Bell.          LJ-14     Coulomb-14
    1.76985e+01    2.98040e+00    2.10118e+00    9.53144e-01   -4.08241e+01
        LJ (SR)   Coulomb (SR)   Coul. recip.      Potential Pressure (bar)
    6.26829e+03   -4.50414e+04    3.68810e+02   -3.84214e+04    1.95755e+04

           Step           Time
            111      111.00000

   Energies (kJ/mol)
           Bond          Angle Ryckaert-Bell.          LJ-14     Coulomb-14
    3.06784e+01    4.48213e+00    2.19513e+00    7.56884e-01   -4.05728e+01
        LJ (SR)   Coulomb (SR)   Coul. recip.      Potential Pressure (bar)
    6.26091e+03   -4.50639e+04    3.66914e+02   -3.84386e+04    1.95528e+04

           Step           Time
            112      112.00000

   Energies (kJ/mol)
           Bond          Angle Ryckaert-Bell.          LJ-14     Coulomb-14
    3.45334e+01    4.17028e+00    2.10896e+00    9.84199e-01   -4.08722e+01
        LJ (SR)   Coulomb (SR)   Coul. recip.      Potential Pressure (bar)
    6.25724e+03   -4.50844e+04    3.65785e+02   -3.84605e+04    1.95278e+04

           Step           Time
            113      113.00000

           Step           Time
            114      114.00000

   Energies (kJ/mol)
           Bond          Angle Ryckaert-Bell.          LJ-14     Coulomb-14
    1.51487e+00    2.07462e+00    2.16308e+00    8.38421e-01   -4.06986e+01
        LJ (SR)   Coulomb (SR)   Coul. recip.      Potential Pressure (bar)
    6.25322e+03   -4.50957e+04    3.64717e+02   -3.85118e+04    1.95344e+04

           Step           Time
            115      115.00000

   Energies (kJ/mol)
           Bond          Angle Ryckaert-Bell.          LJ-14     Coulomb-14
    4.59208e+01    4.88053e+00    2.12745e+00    1.01370e+00   -4.08525e+01
        LJ (SR)   Coulomb (SR)   Coul. recip.      Potential Pressure (bar)
    6.23624e+03   -4.51671e+04    3.59743e+02   -3.85580e+04    1.94486e+04

           Step           Time
            116      116.00000

   Energies (kJ/mol)
           Bond          Angle Ryckaert-Bell.          LJ-14     Coulomb-14
    1.07911e+01    2.87015e+00    2.21352e+00    7.94233e-01   -4.06420e+01
        LJ (SR)   Coulomb (SR)   Coul. recip.      Potential Pressure (bar)
    6.23130e+03   -4.51807e+04    3.58540e+02   -3.86149e+04    1.94515e+04

           Step           Time
            117      117.00000

           Step           Time
            118      118.00000

   Energies (kJ/mol)
           Bond          Angle Ryckaert-Bell.          LJ-14     Coulomb-14
    7.17904e+00    2.30016e+00    2.16438e+00    9.15306e-01   -4.07832e+01
        LJ (SR)   Coulomb (SR)   Coul. recip.      Potential Pressure (bar)
    6.22794e+03   -4.51977e+04    3.57474e+02   -3.86406e+04    1.94374e+04

           Step           Time
            119      119.00000

   Energies (kJ/mol)
           Bond          Angle Ryckaert-Bell.          LJ-14     Coulomb-14
    2.19874e+01    3.76008e+00    2.24375e+00    7.68032e-01   -4.05995e+01
        LJ (SR)   Coulomb (SR)   Coul. recip.      Potential Pressure (bar)
    6.22080e+03   -4.52227e+04    3.55540e+02   -3.86582e+04    1.94110e+04

           Step           Time
            120      120.00000

   Energies (kJ/mol)
           Bond          Angle Ryckaert-Bell.          LJ-14     Coulomb-14
    1.48883e+01    2.85140e+00    2.16799e+00    9.36974e-01   -4.08197e+01
        LJ (SR)   Coulomb (SR)   Coul. recip.      Potential Pressure (bar)
    6.21795e+03   -4.52395e+04    3.54606e+02   -3.86869e+04    1.93965e+04

           Step           Time
            121      121.00000

   Energies (kJ/mol)
           Bond          Angle Ryckaert-Bell.          LJ-14     Coulomb-14
    4.37671e+01    5.47607e+00    2.28339e+00    7.28983e-01   -4.05499e+01
        LJ (SR)   Coulomb (SR)   Coul. recip.      Potential Pressure (bar)
    6.21073e+03   -4.52637e+04    3.52669e+02   -3.86886e+04    1.93670e+04

           Step           Time
            122      122.00000

   Energies (kJ/mol)
           Bond          Angle Ryckaert-Bell.          LJ-14     Coulomb-14
    3.21631e+01    4.11932e+00    2.16921e+00    9.69493e-01   -4.08753e+01
        LJ (SR)   Coulomb (SR)   Coul. recip.      Potential Pressure (bar)
    6.20850e+03   -4.52804e+04    3.51870e+02   -3.87215e+04    1.93528e+04

           Step           Time
            123      123.00000

           Step           Time
            124      124.00000

   Energies (kJ/mol)
           Bond          Angle Ryckaert-Bell.          LJ-14     Coulomb-14
    3.63222e+00    2.27937e+00    2.23664e+00    8.15969e-01   -4.06856e+01
        LJ (SR)   Coulomb (SR)   Coul. recip.      Potential Pressure (bar)
    6.20467e+03   -4.52919e+04    3.50804e+02   -3.87681e+04    1.93586e+04

           Step           Time
            125      125.00000

   Energies (kJ/mol)
           Bond          Angle Ryckaert-Bell.          LJ-14     Coulomb-14
    4.67144e+01    5.09549e+00    2.17343e+00    1.00162e+00   -4.08738e+01
        LJ (SR)   Coulomb (SR)   Coul. recip.      Potential Pressure (bar)
    6.19611e+03   -4.53347e+04    3.48094e+02   -3.87764e+04    1.93010e+04

           Step           Time
            126      126.00000

   Energies (kJ/mol)
           Bond          Angle Ryckaert-Bell.          LJ-14     Coulomb-14
    1.56775e+01    3.28156e+00    2.27715e+00    7.73077e-01   -4.06322e+01
        LJ (SR)   Coulomb (SR)   Coul. recip.      Potential Pressure (bar)
    6.19144e+03   -4.53481e+04    3.46889e+02   -3.88284e+04    1.93049e+04

           Step           Time
            127      127.00000

           Step           Time
            128      128.00000

   Energies (kJ/mol)
           Bond          Angle Ryckaert-Bell.          LJ-14     Coulomb-14
    6.05680e+00    2.29568e+00    2.21394e+00    9.02093e-01   -4.07844e+01
        LJ (SR)   Coulomb (SR)   Coul. recip.      Potential Pressure (bar)
    6.18916e+03   -4.53621e+04    3.46074e+02   -3.88561e+04    1.92964e+04

           Step           Time
            129      129.00000

   Energies (kJ/mol)
           Bond          Angle Ryckaert-Bell.          LJ-14     Coulomb-14
    2.97823e+01    4.36574e+00    2.30787e+00    7.48101e-01   -4.05799e+01
        LJ (SR)   Coulomb (SR)   Coul. recip.      Potential Pressure (bar)
    6.18204e+03   -4.53892e+04    3.44028e+02   -3.88666e+04    1.92660e+04

           Step           Time
            130      130.00000

   Energies (kJ/mol)
           Bond          Angle Ryckaert-Bell.          LJ-14     Coulomb-14
    1.39858e+01    2.88163e+00    2.21227e+00    9.27377e-01   -4.08202e+01
        LJ (SR)   Coulomb (SR)   Coul. recip.      Potential Pressure (bar)
    6.18014e+03   -4.54036e+04    3.43318e+02   -3.89009e+04    1.92575e+04

           Step           Time
            131      131.00000

           Step           Time
            132      132.00000

   Energies (kJ/mol)
           Bond          Angle Ryckaert-Bell.          LJ-14     Coulomb-14
    3.93516e+00    2.31583e+00    2.27068e+00    8.15341e-01   -4.06754e+01
        LJ (SR)   Coulomb (SR)   Coul. recip.      Potential Pressure (bar)
    6.17662e+03   -4.54160e+04    3.42286e+02   -3.89284e+04    1.92542e+04

           Step           Time
            133      133.00000

   Energies (kJ/mol)
           Bond          Angle Ryckaert-Bell.          LJ-14     Coulomb-14
    2.11227e+01    3.38444e+00    2.21167e+00    9.49792e-01   -4.08291e+01
        LJ (SR)   Coulomb (SR)   Coul. recip.      Potential Pressure (bar)
    6.17130e+03   -4.54450e+04    3.40530e+02   -3.89464e+04    1.92208e+04

           Step           Time
            134      134.00000

   Energies (kJ/mol)
           Bond          Angle Ryckaert-Bell.          LJ-14     Coulomb-14
    1.24132e+01    3.02600e+00    2.29951e+00    7.85194e-01   -4.06350e+01
        LJ (SR)   Coulomb (SR)   Coul. recip.      Potential Pressure (bar)
    6.16712e+03   -4.54593e+04    3.39348e+02   -3.89749e+04    1.92154e+04

           Step           Time
            135      135.00000

   Energies (kJ/mol)
           Bond          Angle Ryckaert-Bell.          LJ-14     Coulomb-14
    3.55803e+01    4.46619e+00    2.20713e+00    9.78996e-01   -4.08641e+01
        LJ (SR)   Coulomb (SR)   Coul. recip.      Potential Pressure (bar)
    6.16377e+03   -4.54817e+04    3.38155e+02   -3.89774e+04    1.91850e+04

           Step           Time
            136      136.00000

   Energies (kJ/mol)
           Bond          Angle Ryckaert-Bell.          LJ-14     Coulomb-14
    3.16962e+01    4.58987e+00    2.33876e+00    7.42597e-01   -4.05854e+01
        LJ (SR)   Coulomb (SR)   Coul. recip.      Potential Pressure (bar)
    6.15892e+03   -4.54972e+04    3.36820e+02   -3.90027e+04    1.91779e+04

           Step           Time
            137      137.00000

           Step           Time
            138      138.00000

   Energies (kJ/mol)
           Bond          Angle Ryckaert-Bell.          LJ-14     Coulomb-14
    1.80432e+00    2.11599e+00    2.25579e+00    8.76902e-01   -4.07584e+01
        LJ (SR)   Coulomb (SR)   Coul. recip.      Potential Pressure (bar)
    6.15779e+03   -4.55070e+04    3.36309e+02   -3.90467e+04    1.91813e+04

           Step           Time
            139      139.00000

   Energies (kJ/mol)
           Bond          Angle Ryckaert-Bell.          LJ-14     Coulomb-14
    5.39935e+01    6.15673e+00    2.37827e+00    7.23121e-01   -4.05002e+01
        LJ (SR)   Coulomb (SR)   Coul. recip.      Potential Pressure (bar)
    6.14591e+03   -4.55605e+04    3.32524e+02   -3.90594e+04    1.91214e+04

           Step           Time
            140      140.00000

   Energies (kJ/mol)
           Bond          Angle Ryckaert-Bell.          LJ-14     Coulomb-14
    6.64349e+00    2.48222e+00    2.25205e+00    9.05135e-01   -4.07852e+01
        LJ (SR)   Coulomb (SR)   Coul. recip.      Potential Pressure (bar)
    6.14508e+03   -4.55712e+04    3.32127e+02   -3.91225e+04    1.91276e+04

           Step           Time
            141      141.00000

           Step           Time
            142      142.00000

   Energies (kJ/mol)
           Bond          Angle Ryckaert-Bell.          LJ-14     Coulomb-14
    1.28245e+01    3.07259e+00    2.32771e+00    7.90576e-01   -4.06197e+01
        LJ (SR)   Coulomb (SR)   Coul. recip.      Potential Pressure (bar)
    6.14070e+03   -4.55894e+04    3.30745e+02   -3.91395e+04    1.91150e+04

           Step           Time
            143      143.00000

   Energies (kJ/mol)
           Bond          Angle Ryckaert-Bell.          LJ-14     Coulomb-14
    1.25940e+01    2.92496e+00    2.24520e+00    9.29847e-01   -4.08040e+01
        LJ (SR)   Coulomb (SR)   Coul. recip.      Potential Pressure (bar)
    6.13867e+03   -4.56050e+04    3.29967e+02   -3.91584e+04    1.90999e+04

           Step           Time
            144      144.00000

   Energies (kJ/mol)
           Bond          Angle Ryckaert-Bell.          LJ-14     Coulomb-14
    2.69261e+01    4.21230e+00    2.35730e+00    7.60529e-01   -4.05805e+01
        LJ (SR)   Coulomb (SR)   Coul. recip.      Potential Pressure (bar)
    6.13397e+03   -4.56235e+04    3.28529e+02   -3.91673e+04    1.90837e+04

           Step           Time
            145      145.00000

   Energies (kJ/mol)
           Bond          Angle Ryckaert-Bell.          LJ-14     Coulomb-14
    2.54458e+01    3.90806e+00    2.23401e+00    9.62395e-01   -4.08429e+01
        LJ (SR)   Coulomb (SR)   Coul. recip.      Potential Pressure (bar)
    6.13253e+03   -4.56387e+04    3.27881e+02   -3.91866e+04    1.90691e+04

           Step           Time
            146      146.00000

           Step           Time
            147      147.00000

   Energies (kJ/mol)
           Bond          Angle Ryckaert-Bell.          LJ-14     Coulomb-14
    1.78839e+00    2.25877e+00    2.30496e+00    8.36483e-01   -4.06882e+01
        LJ (SR)   Coulomb (SR)   Coul. recip.      Potential Pressure (bar)
    6.12992e+03   -4.56478e+04    3.27064e+02   -3.92243e+04    1.90753e+04

           Step           Time
            148      148.00000

   Energies (kJ/mol)
           Bond          Angle Ryckaert-Bell.          LJ-14     Coulomb-14
    3.50972e+01    4.56317e+00    2.22564e+00    9.95711e-01   -4.08320e+01
        LJ (SR)   Coulomb (SR)   Coul. recip.      Potential Pressure (bar)
    6.12249e+03   -4.56943e+04    3.24294e+02   -3.92455e+04    1.90036e+04

           Step           Time
            149      149.00000

   Energies (kJ/mol)
           Bond          Angle Ryckaert-Bell.          LJ-14     Coulomb-14
    9.56549e+00    2.91832e+00    2.33496e+00    8.07192e-01   -4.06363e+01
        LJ (SR)   Coulomb (SR)   Coul. recip.      Potential Pressure (bar)
    6.11924e+03   -4.57054e+04    3.23348e+02   -3.92878e+04    1.90078e+04

           Step           Time
            150      150.00000

           Step           Time
            151      151.00000

   Energies (kJ/mol)
           Bond          Angle Ryckaert-Bell.          LJ-14     Coulomb-14
    5.22446e+00    2.47466e+00    2.26596e+00    9.16069e-01   -4.07599e+01
        LJ (SR)   Coulomb (SR)   Coul. recip.      Potential Pressure (bar)
    6.11768e+03   -4.57182e+04    3.22671e+02   -3.93077e+04    1.89999e+04

           Step           Time
            152      152.00000

   Energies (kJ/mol)
           Bond          Angle Ryckaert-Bell.          LJ-14     Coulomb-14
    1.88361e+01    3.64482e+00    2.35683e+00    7.89471e-01   -4.05950e+01
        LJ (SR)   Coulomb (SR)   Coul. recip.      Potential Pressure (bar)
    6.11319e+03   -4.57391e+04    3.21190e+02   -3.93197e+04    1.89812e+04

           Step           Time
            153      153.00000

   Energies (kJ/mol)
           Bond          Angle Ryckaert-Bell.          LJ-14     Coulomb-14
    1.11205e+01    2.94755e+00    2.25393e+00    9.41502e-01   -4.07877e+01
        LJ (SR)   Coulomb (SR)   Coul. recip.      Potential Pressure (bar)
    6.11201e+03   -4.57520e+04    3.20610e+02   -3.93429e+04    1.89730e+04

           Step           Time
            154      154.00000

           Step           Time
            155      155.00000

   Energies (kJ/mol)
           Bond          Angle Ryckaert-Bell.          LJ-14     Coulomb-14
    2.25580e+00    2.36034e+00    2.31401e+00    8.49150e-01   -4.06699e+01
        LJ (SR)   Coulomb (SR)   Coul. recip.      Potential Pressure (bar)
    6.10967e+03   -4.57620e+04    3.19827e+02   -3.93654e+04    1.89719e+04

           Step           Time
            156      156.00000

   Energies (kJ/mol)
           Bond          Angle Ryckaert-Bell.          LJ-14     Coulomb-14
    1.60247e+01    3.31466e+00    2.24413e+00    9.64665e-01   -4.07920e+01
        LJ (SR)   Coulomb (SR)   Coul. recip.      Potential Pressure (bar)
    6.10560e+03   -4.57910e+04    3.18194e+02   -3.93854e+04    1.89442e+04

           Step           Time
            157      157.00000

   Energies (kJ/mol)
           Bond          Angle Ryckaert-Bell.          LJ-14     Coulomb-14
    7.82388e+00    2.83681e+00    2.33460e+00    8.28914e-01   -4.06327e+01
        LJ (SR)   Coulomb (SR)   Coul. recip.      Potential Pressure (bar)
    6.10275e+03   -4.58027e+04    3.17273e+02   -3.94095e+04    1.89417e+04

           Step           Time
            158      158.00000

   Energies (kJ/mol)
           Bond          Angle Ryckaert-Bell.          LJ-14     Coulomb-14
    2.61816e+01    4.11312e+00    2.22954e+00    9.93286e-01   -4.08186e+01
        LJ (SR)   Coulomb (SR)   Coul. recip.      Potential Pressure (bar)
    6.10054e+03   -4.58233e+04    3.16269e+02   -3.94138e+04    1.89179e+04

           Step           Time
            159      159.00000

   Energies (kJ/mol)
           Bond          Angle Ryckaert-Bell.          LJ-14     Coulomb-14
    2.08102e+01    3.90052e+00    2.36509e+00    7.97939e-01   -4.05887e+01
        LJ (SR)   Coulomb (SR)   Coul. recip.      Potential Pressure (bar)
    6.09716e+03   -4.58363e+04    3.15199e+02   -3.94367e+04    1.89145e+04

           Step           Time
            160      160.00000

           Step           Time
            161      161.00000

   Energies (kJ/mol)
           Bond          Angle Ryckaert-Bell.          LJ-14     Coulomb-14
    1.67036e+00    2.36401e+00    2.27826e+00    9.12103e-01   -4.07290e+01
        LJ (SR)   Coulomb (SR)   Coul. recip.      Potential Pressure (bar)
    6.09651e+03   -4.58451e+04    3.14797e+02   -3.94673e+04    1.89155e+04

           Step           Time
            162      162.00000

   Energies (kJ/mol)
           Bond          Angle Ryckaert-Bell.          LJ-14     Coulomb-14
    3.58334e+01    4.97713e+00    2.39083e+00    7.85648e-01   -4.05251e+01
        LJ (SR)   Coulomb (SR)   Coul. recip.      Potential Pressure (bar)
    6.08940e+03   -4.58857e+04    3.12122e+02   -3.94807e+04    1.88774e+04

           Step           Time
            163      163.00000

   Energies (kJ/mol)
           Bond          Angle Ryckaert-Bell.          LJ-14     Coulomb-14
    5.30402e+00    2.67542e+00    2.26072e+00    9.42957e-01   -4.07501e+01
        LJ (SR)   Coulomb (SR)   Coul. recip.      Potential Pressure (bar)
    6.08904e+03   -4.58951e+04    3.11804e+02   -3.95238e+04    1.88803e+04

           Step           Time
            164      164.00000

           Step           Time
            165      165.00000

   Energies (kJ/mol)
           Bond          Angle Ryckaert-Bell.          LJ-14     Coulomb-14
    8.28090e+00    2.93495e+00    2.33564e+00    8.48122e-01   -4.06150e+01
        LJ (SR)   Coulomb (SR)   Coul. recip.      Potential Pressure (bar)
    6.08617e+03   -4.59100e+04    3.10741e+02   -3.95393e+04    1.88725e+04

           Step           Time
            166      166.00000

   Energies (kJ/mol)
           Bond          Angle Ryckaert-Bell.          LJ-14     Coulomb-14
    9.54488e+00    3.00944e+00    2.24641e+00    9.67857e-01   -4.07632e+01
        LJ (SR)   Coulomb (SR)   Coul. recip.      Potential Pressure (bar)
    6.08489e+03   -4.59243e+04    3.10078e+02   -3.95543e+04    1.88602e+04

           Step           Time
            167      167.00000

   Energies (kJ/mol)
           Bond          Angle Ryckaert-Bell.          LJ-14     Coulomb-14
    1.78430e+01    3.71500e+00    2.35800e+00    8.27349e-01   -4.05797e+01
        LJ (SR)   Coulomb (SR)   Coul. recip.      Potential Pressure (bar)
    6.08171e+03   -4.59399e+04    3.08938e+02   -3.95651e+04    1.88499e+04

           Step           Time
            168      168.00000

   Energies (kJ/mol)
           Bond          Angle Ryckaert-Bell.          LJ-14     Coulomb-14
    1.85910e+01    3.73314e+00    2.22640e+00    9.99997e-01   -4.07922e+01
        LJ (SR)   Coulomb (SR)   Coul. recip.      Potential Pressure (bar)
    6.08093e+03   -4.59535e+04    3.08403e+02   -3.95794e+04    1.88380e+04

           Step           Time
            169      169.00000

   Energies (kJ/mol)
           Bond          Angle Ryckaert-Bell.          LJ-14     Coulomb-14
    3.71473e+01    5.25887e+00    2.39292e+00    7.95895e-01   -4.05317e+01
        LJ (SR)   Coulomb (SR)   Coul. recip.      Potential Pressure (bar)
    6.07740e+03   -4.59694e+04    3.07186e+02   -3.95797e+04    1.88243e+04

           Step           Time
            170      170.00000

   Energies (kJ/mol)
           Bond          Angle Ryckaert-Bell.          LJ-14     Coulomb-14
    3.79696e+01    5.28447e+00    2.19909e+00    1.04318e+00   -4.08409e+01
        LJ (SR)   Coulomb (SR)   Coul. recip.      Potential Pressure (bar)
    6.07722e+03   -4.59827e+04    3.06800e+02   -3.95930e+04    1.88115e+04

           Step           Time
            171      171.00000

           Step           Time
            172      172.00000

   Energies (kJ/mol)
           Bond          Angle Ryckaert-Bell.          LJ-14     Coulomb-14
    2.04200e+00    2.60183e+00    2.30588e+00    8.90690e-01   -4.06595e+01
        LJ (SR)   Coulomb (SR)   Coul. recip.      Potential Pressure (bar)
    6.07511e+03   -4.59905e+04    3.06054e+02   -3.96422e+04    1.88255e+04

           Step           Time
            173      173.00000

           Step           Time
            174      174.00000

   Energies (kJ/mol)
           Bond          Angle Ryckaert-Bell.          LJ-14     Coulomb-14
    9.27041e+00    3.04429e+00    2.23503e+00    9.91103e-01   -4.07397e+01
        LJ (SR)   Coulomb (SR)   Coul. recip.      Potential Pressure (bar)
    6.07271e+03   -4.60132e+04    3.04812e+02   -3.96609e+04    1.88081e+04

           Step           Time
            175      175.00000

   Energies (kJ/mol)
           Bond          Angle Ryckaert-Bell.          LJ-14     Coulomb-14
    6.16067e+00    2.91003e+00    2.31970e+00    8.80626e-01   -4.06186e+01
        LJ (SR)   Coulomb (SR)   Coul. recip.      Potential Pressure (bar)
    6.07050e+03   -4.60247e+04    3.04004e+02   -3.96785e+04    1.88028e+04

           Step           Time
            176      176.00000

   Energies (kJ/mol)
           Bond          Angle Ryckaert-Bell.          LJ-14     Coulomb-14
    1.52860e+01    3.55994e+00    2.21638e+00    1.01725e+00   -4.07633e+01
        LJ (SR)   Coulomb (SR)   Coul. recip.      Potential Pressure (bar)
    6.06917e+03   -4.60418e+04    3.03196e+02   -3.96882e+04    1.87876e+04

           Step           Time
            177      177.00000

   Energies (kJ/mol)
           Bond          Angle Ryckaert-Bell.          LJ-14     Coulomb-14
    1.53106e+01    3.65575e+00    2.34273e+00    8.61305e-01   -4.05779e+01
        LJ (SR)   Coulomb (SR)   Coul. recip.      Potential Pressure (bar)
    6.06657e+03   -4.60545e+04    3.02248e+02   -3.97041e+04    1.87823e+04

           Step           Time
            178      178.00000

   Energies (kJ/mol)
           Bond          Angle Ryckaert-Bell.          LJ-14     Coulomb-14
    2.75352e+01    4.54951e+00    2.19130e+00    1.05339e+00   -4.07966e+01
        LJ (SR)   Coulomb (SR)   Coul. recip.      Potential Pressure (bar)
    6.06594e+03   -4.60696e+04    3.01673e+02   -3.97075e+04    1.87659e+04

           Step           Time
            179      179.00000

   Energies (kJ/mol)
           Bond          Angle Ryckaert-Bell.          LJ-14     Coulomb-14
    3.48758e+01    5.23348e+00    2.38015e+00    8.28726e-01   -4.05269e+01
        LJ (SR)   Coulomb (SR)   Coul. recip.      Potential Pressure (bar)
    6.06288e+03   -4.60831e+04    3.00597e+02   -3.97168e+04    1.87587e+04

           Step           Time
            180      180.00000

           Step           Time
            181      181.00000

   Energies (kJ/mol)
           Bond          Angle Ryckaert-Bell.          LJ-14     Coulomb-14
    8.72847e-01    2.60704e+00    2.25700e+00    9.61262e-01   -4.06925e+01
        LJ (SR)   Coulomb (SR)   Coul. recip.      Potential Pressure (bar)
    6.06285e+03   -4.60900e+04    3.00341e+02   -3.97608e+04    1.87677e+04

           Step           Time
            182      182.00000

   Energies (kJ/mol)
           Bond          Angle Ryckaert-Bell.          LJ-14     Coulomb-14
    5.85935e+01    6.68675e+00    2.40655e+00    8.36624e-01   -4.04127e+01
        LJ (SR)   Coulomb (SR)   Coul. recip.      Potential Pressure (bar)
    6.05408e+03   -4.61587e+04    2.96129e+02   -3.97804e+04    1.87105e+04

           Step           Time
            183      183.00000

   Energies (kJ/mol)
           Bond          Angle Ryckaert-Bell.          LJ-14     Coulomb-14
    3.82079e+00    2.86679e+00    2.22136e+00    1.01210e+00   -4.06993e+01
        LJ (SR)   Coulomb (SR)   Coul. recip.      Potential Pressure (bar)
    6.05440e+03   -4.61664e+04    2.96012e+02   -3.98467e+04    1.87224e+04

           Step           Time
            184      184.00000

           Step           Time
            185      185.00000

   Energies (kJ/mol)
           Bond          Angle Ryckaert-Bell.          LJ-14     Coulomb-14
    1.63132e+01    3.80771e+00    2.32601e+00    9.05091e-01   -4.05453e+01
        LJ (SR)   Coulomb (SR)   Coul. recip.      Potential Pressure (bar)
    6.05170e+03   -4.61849e+04    2.94805e+02   -3.98556e+04    1.87114e+04

           Step           Time
            186      186.00000

   Energies (kJ/mol)
           Bond          Angle Ryckaert-Bell.          LJ-14     Coulomb-14
    8.22583e+00    3.26521e+00    2.19797e+00    1.04504e+00   -4.07215e+01
        LJ (SR)   Coulomb (SR)   Coul. recip.      Potential Pressure (bar)
    6.05151e+03   -4.61953e+04    2.94445e+02   -3.98753e+04    1.87064e+04

           Step           Time
            187      187.00000

           Step           Time
            188      188.00000

   Energies (kJ/mol)
           Bond          Angle Ryckaert-Bell.          LJ-14     Coulomb-14
    2.32076e+00    2.80908e+00    2.26996e+00    9.62953e-01   -4.06156e+01
        LJ (SR)   Coulomb (SR)   Coul. recip.      Potential Pressure (bar)
    6.05007e+03   -4.62041e+04    2.93815e+02   -3.98924e+04    1.87064e+04

           Step           Time
            189      189.00000

   Energies (kJ/mol)
           Bond          Angle Ryckaert-Bell.          LJ-14     Coulomb-14
    1.20570e+01    3.56439e+00    2.17797e+00    1.07353e+00   -4.07258e+01
        LJ (SR)   Coulomb (SR)   Coul. recip.      Potential Pressure (bar)
    6.04855e+03   -4.62261e+04    2.92755e+02   -3.99066e+04    1.86894e+04

           Step           Time
            190      190.00000

   Energies (kJ/mol)
           Bond          Angle Ryckaert-Bell.          LJ-14     Coulomb-14
    7.05320e+00    3.21054e+00    2.28519e+00    9.51417e-01   -4.05826e+01
        LJ (SR)   Coulomb (SR)   Coul. recip.      Potential Pressure (bar)
    6.04677e+03   -4.62364e+04    2.92013e+02   -3.99247e+04    1.86882e+04

           Step           Time
            191      191.00000

   Energies (kJ/mol)
           Bond          Angle Ryckaert-Bell.          LJ-14     Coulomb-14
    1.99259e+01    4.21481e+00    2.15267e+00    1.10624e+00   -4.07479e+01
        LJ (SR)   Coulomb (SR)   Coul. recip.      Potential Pressure (bar)
    6.04617e+03   -4.62528e+04    2.91341e+02   -3.99287e+04    1.86727e+04

           Step           Time
            192      192.00000

   Energies (kJ/mol)
           Bond          Angle Ryckaert-Bell.          LJ-14     Coulomb-14
    1.78324e+01    4.09189e+00    2.31210e+00    9.29001e-01   -4.05420e+01
        LJ (SR)   Coulomb (SR)   Coul. recip.      Potential Pressure (bar)
    6.04400e+03   -4.62643e+04    2.90469e+02   -3.99452e+04    1.86706e+04

           Step           Time
            193      193.00000

           Step           Time
            194      194.00000

   Energies (kJ/mol)
           Bond          Angle Ryckaert-Bell.          LJ-14     Coulomb-14
    1.23810e+00    2.84366e+00    2.20879e+00    1.03631e+00   -4.06662e+01
        LJ (SR)   Coulomb (SR)   Coul. recip.      Potential Pressure (bar)
    6.04399e+03   -4.62714e+04    2.90205e+02   -3.99705e+04    1.86730e+04

           Step           Time
            195      195.00000

   Energies (kJ/mol)
           Bond          Angle Ryckaert-Bell.          LJ-14     Coulomb-14
    3.04604e+01    4.95762e+00    2.32955e+00    9.27496e-01   -4.04831e+01
        LJ (SR)   Coulomb (SR)   Coul. recip.      Potential Pressure (bar)
    6.03990e+03   -4.63098e+04    2.87936e+02   -3.99838e+04    1.86450e+04

           Step           Time
            196      196.00000

   Energies (kJ/mol)
           Bond          Angle Ryckaert-Bell.          LJ-14     Coulomb-14
    3.80578e+00    3.09810e+00    2.17731e+00    1.07553e+00   -4.06819e+01
        LJ (SR)   Coulomb (SR)   Coul. recip.      Potential Pressure (bar)
    6.04016e+03   -4.63175e+04    2.87740e+02   -4.00201e+04    1.86490e+04

           Step           Time
            197      197.00000

           Step           Time
            198      198.00000

   Energies (kJ/mol)
           Bond          Angle Ryckaert-Bell.          LJ-14     Coulomb-14
    7.60641e+00    3.34083e+00    2.26241e+00    9.90227e-01   -4.05622e+01
        LJ (SR)   Coulomb (SR)   Coul. recip.      Potential Pressure (bar)
    6.03848e+03   -4.63311e+04    2.86868e+02   -4.00321e+04    1.86437e+04

           Step           Time
            199      199.00000

   Energies (kJ/mol)
           Bond          Angle Ryckaert-Bell.          LJ-14     Coulomb-14
    6.95309e+00    3.36762e+00    2.15544e+00    1.10365e+00   -4.06939e+01
        LJ (SR)   Coulomb (SR)   Coul. recip.      Potential Pressure (bar)
    6.03825e+03   -4.63425e+04    2.86427e+02   -4.00449e+04    1.86364e+04

           Step           Time
            200      200.00000

   Energies (kJ/mol)
           Bond          Angle Ryckaert-Bell.          LJ-14     Coulomb-14
    1.56562e+01    3.99463e+00    2.28187e+00    9.75699e-01   -4.05304e+01
        LJ (SR)   Coulomb (SR)   Coul. recip.      Potential Pressure (bar)
    6.03635e+03   -4.63566e+04    2.85498e+02   -4.00523e+04    1.86290e+04

           Step           Time
            201      201.00000

   Energies (kJ/mol)
           Bond          Angle Ryckaert-Bell.          LJ-14     Coulomb-14
    1.38007e+01    3.95060e+00    2.12652e+00    1.13854e+00   -4.07191e+01
        LJ (SR)   Coulomb (SR)   Coul. recip.      Potential Pressure (bar)
    6.03650e+03   -4.63675e+04    2.85148e+02   -4.00656e+04    1.86221e+04

           Step           Time
            202      202.00000

           Step           Time
            203      203.00000

   Energies (kJ/mol)
           Bond          Angle Ryckaert-Bell.          LJ-14     Coulomb-14
    1.40988e+00    2.98199e+00    2.21332e+00    1.04299e+00   -4.06051e+01
        LJ (SR)   Coulomb (SR)   Coul. recip.      Potential Pressure (bar)
    6.03536e+03   -4.63746e+04    2.84614e+02   -4.00876e+04    1.86263e+04

           Step           Time
            204      204.00000

   Energies (kJ/mol)
           Bond          Angle Ryckaert-Bell.          LJ-14     Coulomb-14
    1.88576e+01    4.30863e+00    2.09888e+00    1.17716e+00   -4.07144e+01
        LJ (SR)   Coulomb (SR)   Coul. recip.      Potential Pressure (bar)
    6.03374e+03   -4.64076e+04    2.83029e+02   -4.01051e+04    1.86031e+04

           Step           Time
            205      205.00000

   Energies (kJ/mol)
           Bond          Angle Ryckaert-Bell.          LJ-14     Coulomb-14
    6.03889e+00    3.37274e+00    2.22842e+00    1.03386e+00   -4.05646e+01
        LJ (SR)   Coulomb (SR)   Coul. recip.      Potential Pressure (bar)
    6.03228e+03   -4.64163e+04    2.82386e+02   -4.01295e+04    1.86061e+04

           Step           Time
            206      206.00000

           Step           Time
            207      207.00000

   Energies (kJ/mol)
           Bond          Angle Ryckaert-Bell.          LJ-14     Coulomb-14
    2.82972e+00    3.15447e+00    2.14422e+00    1.12258e+00   -4.06555e+01
        LJ (SR)   Coulomb (SR)   Coul. recip.      Potential Pressure (bar)
    6.03216e+03   -4.64256e+04    2.82004e+02   -4.01428e+04    1.86030e+04

           Step           Time
            208      208.00000

   Energies (kJ/mol)
           Bond          Angle Ryckaert-Bell.          LJ-14     Coulomb-14
    1.15103e+01    3.78876e+00    2.24142e+00    1.02755e+00   -4.05335e+01
        LJ (SR)   Coulomb (SR)   Coul. recip.      Potential Pressure (bar)
    6.03050e+03   -4.64423e+04    2.81007e+02   -4.01527e+04    1.85939e+04

           Step           Time
            209      209.00000

   Energies (kJ/mol)
           Bond          Angle Ryckaert-Bell.          LJ-14     Coulomb-14
    5.80906e+00    3.43915e+00    2.11937e+00    1.15135e+00   -4.06732e+01
        LJ (SR)   Coulomb (SR)   Coul. recip.      Potential Pressure (bar)
    6.03063e+03   -4.64516e+04    2.80686e+02   -4.01684e+04    1.85907e+04

           Step           Time
            210      210.00000

   Energies (kJ/mol)
           Bond          Angle Ryckaert-Bell.          LJ-14     Coulomb-14
    2.18783e+01    4.59990e+00    2.26399e+00    1.01220e+00   -4.04972e+01
        LJ (SR)   Coulomb (SR)   Coul. recip.      Potential Pressure (bar)
    6.02882e+03   -4.64676e+04    2.79683e+02   -4.01699e+04    1.85800e+04

           Step           Time
            211      211.00000

   Energies (kJ/mol)
           Bond          Angle Ryckaert-Bell.          LJ-14     Coulomb-14
    1.27535e+01    4.05132e+00    2.08671e+00    1.18812e+00   -4.07028e+01
        LJ (SR)   Coulomb (SR)   Coul. recip.      Potential Pressure (bar)
    6.02930e+03   -4.64771e+04    2.79435e+02   -4.01889e+04    1.85772e+04

           Step           Time
            212      212.00000

           Step           Time
            213      213.00000

   Energies (kJ/mol)
           Bond          Angle Ryckaert-Bell.          LJ-14     Coulomb-14
    2.63176e+00    3.22707e+00    2.18584e+00    1.08450e+00   -4.05787e+01
        LJ (SR)   Coulomb (SR)   Coul. recip.      Potential Pressure (bar)
    6.02822e+03   -4.64847e+04    2.78878e+02   -4.02090e+04    1.85807e+04

           Step           Time
            214      214.00000

   Energies (kJ/mol)
           Bond          Angle Ryckaert-Bell.          LJ-14     Coulomb-14
    1.88165e+01    4.49503e+00    2.05927e+00    1.22368e+00   -4.07072e+01
        LJ (SR)   Coulomb (SR)   Coul. recip.      Potential Pressure (bar)
    6.02778e+03   -4.65068e+04    2.77921e+02   -4.02152e+04    1.85633e+04

           Step           Time
            215      215.00000

   Energies (kJ/mol)
           Bond          Angle Ryckaert-Bell.          LJ-14     Coulomb-14
    8.66218e+00    3.71824e+00    2.20589e+00    1.06920e+00   -4.05411e+01
        LJ (SR)   Coulomb (SR)   Coul. recip.      Potential Pressure (bar)
    6.02639e+03   -4.65159e+04    2.77262e+02   -4.02371e+04    1.85660e+04

           Step           Time
            216      216.00000

           Step           Time
            217      217.00000

   Energies (kJ/mol)
           Bond          Angle Ryckaert-Bell.          LJ-14     Coulomb-14
    2.28302e+00    3.27293e+00    2.11108e+00    1.16450e+00   -4.06405e+01
        LJ (SR)   Coulomb (SR)   Coul. recip.      Potential Pressure (bar)
    6.02652e+03   -4.65237e+04    2.76965e+02   -4.02520e+04    1.85650e+04

           Step           Time
            218      218.00000

   Energies (kJ/mol)
           Bond          Angle Ryckaert-Bell.          LJ-14     Coulomb-14
    1.56377e+01    4.21915e+00    2.22052e+00    1.06267e+00   -4.05055e+01
        LJ (SR)   Coulomb (SR)   Coul. recip.      Potential Pressure (bar)
    6.02494e+03   -4.65433e+04    2.75841e+02   -4.02599e+04    1.85536e+04

           Step           Time
            219      219.00000

   Energies (kJ/mol)
           Bond          Angle Ryckaert-Bell.          LJ-14     Coulomb-14
    5.21365e+00    3.55457e+00    2.08312e+00    1.19571e+00   -4.06591e+01
        LJ (SR)   Coulomb (SR)   Coul. recip.      Potential Pressure (bar)
    6.02531e+03   -4.65515e+04    2.75596e+02   -4.02792e+04    1.85529e+04

           Step           Time
            220      220.00000

           Step           Time
            221      221.00000

   Energies (kJ/mol)
           Bond          Angle Ryckaert-Bell.          LJ-14     Coulomb-14
    2.93671e+00    3.32611e+00    2.16002e+00    1.11948e+00   -4.05643e+01
        LJ (SR)   Coulomb (SR)   Coul. recip.      Potential Pressure (bar)
    6.02444e+03   -4.65603e+04    2.75041e+02   -4.02918e+04    1.85523e+04

           Step           Time
            222      222.00000

   Energies (kJ/mol)
           Bond          Angle Ryckaert-Bell.          LJ-14     Coulomb-14
    8.02463e+00    3.78256e+00    2.06161e+00    1.22153e+00   -4.06667e+01
        LJ (SR)   Coulomb (SR)   Coul. recip.      Potential Pressure (bar)
    6.02435e+03   -4.65753e+04    2.74414e+02   -4.03021e+04    1.85432e+04

           Step           Time
            223      223.00000

   Energies (kJ/mol)
           Bond          Angle Ryckaert-Bell.          LJ-14     Coulomb-14
    7.32002e+00    3.68165e+00    2.17493e+00    1.10845e+00   -4.05364e+01
        LJ (SR)   Coulomb (SR)   Coul. recip.      Potential Pressure (bar)
    6.02327e+03   -4.65854e+04    2.73766e+02   -4.03146e+04    1.85417e+04

           Step           Time
            224      224.00000

   Energies (kJ/mol)
           Bond          Angle Ryckaert-Bell.          LJ-14     Coulomb-14
    1.37898e+01    4.27553e+00    2.03411e+00    1.25248e+00   -4.06868e+01
        LJ (SR)   Coulomb (SR)   Coul. recip.      Potential Pressure (bar)
    6.02358e+03   -4.65979e+04    2.73327e+02   -4.03204e+04    1.85328e+04

           Step           Time
            225      225.00000

   Energies (kJ/mol)
           Bond          Angle Ryckaert-Bell.          LJ-14     Coulomb-14
    1.67812e+01    4.43984e+00    2.20101e+00    1.08755e+00   -4.05006e+01
        LJ (SR)   Coulomb (SR)   Coul. recip.      Potential Pressure (bar)
    6.02221e+03   -4.66089e+04    2.72588e+02   -4.03301e+04    1.85302e+04

           Step           Time
            226      226.00000

   Energies (kJ/mol)
           Bond          Angle Ryckaert-Bell.          LJ-14     Coulomb-14
    2.56488e+01    5.27003e+00    1.99781e+00    1.29241e+00   -4.07203e+01
        LJ (SR)   Coulomb (SR)   Coul. recip.      Potential Pressure (bar)
    6.02296e+03   -4.66202e+04    2.72294e+02   -4.03315e+04    1.85199e+04

           Step           Time
            227      227.00000

   Energies (kJ/mol)
           Bond          Angle Ryckaert-Bell.          LJ-14     Coulomb-14
    3.66025e+01    6.03120e+00    2.24408e+00    1.05303e+00   -4.04523e+01
        LJ (SR)   Coulomb (SR)   Coul. recip.      Potential Pressure (bar)
    6.02121e+03   -4.66318e+04    2.71455e+02   -4.03337e+04    1.85149e+04

           Step           Time
            228      228.00000

           Step           Time
            229      229.00000

   Energies (kJ/mol)
           Bond          Angle Ryckaert-Bell.          LJ-14     Coulomb-14
    7.80897e-01    3.40427e+00    2.08474e+00    1.19525e+00   -4.06170e+01
        LJ (SR)   Coulomb (SR)   Coul. recip.      Potential Pressure (bar)
    6.02179e+03   -4.66371e+04    2.71314e+02   -4.03771e+04    1.85269e+04


Steepest Descents converged to Fmax < 1000 in 230 steps
Potential Energy  = -4.0377141e+04
Maximum force     =  8.5107117e+02 on atom 11
Norm of force     =  5.8073442e+01

    D O M A I N   D E C O M P O S I T I O N   S T A T I S T I C S

 av. #atoms communicated per step for force:  2 x 13294.4

Finished mdrun on rank 0 Fri May 16 14:36:39 2025

