                      :-) GROMACS - gmx mdrun, 2025.2 (-:

Copyright 1991-2025 The GROMACS Authors.
GROMACS is free software; you can redistribute it and/or modify it
under the terms of the GNU Lesser General Public License
as published by the Free Software Foundation; either version 2.1
of the License, or (at your option) any later version.

                         Current GROMACS contributors:
       Mark Abraham           Andrey Alekseenko           Brian Andrews       
      Vladimir Basov              Paul Bauer                Hugh Bird         
      Eliane Briand               Ania Brown              Mahesh Doijade      
      Giacomo Fiorin          Stefan Fleischmann          Sergey Gorelov      
   Gilles Gouaillardet            Alan Gray              M. Eric Irrgang      
   Farzaneh Jalalypour         Petter Johansson          Carsten Kutzner      
    Grzegorz Łazarski         Justin A. Lemkul          Magnus Lundborg      
       Pascal Merz             Vedran Miletić            Dmitry Morozov      
     Lukas Müllender            Julien Nabet             Szilárd Páll      
 Andrea Pasquadibisceglie     Michele Pellegrino         Nicola Piasentin     
     Daniele Rapetti         Muhammad Umair Sadiq         Hubert Santuz       
      Roland Schulz             Michael Shirts           Tatiana Shugaeva     
     Alexey Shvetsov            Philip Turner            Alessandra Villa     
 Sebastian Wingbermühle  

                         Previous GROMACS contributors:
        Emile Apol             Rossen Apostolov           James Barnett       
  Herman J.C. Berendsen         Cathrine Bergh             Par Bjelkmar       
      Christian Blau          Viacheslav Bolnykh            Kevin Boyd        
    Aldert van Buuren          Carlo Camilloni           Rudi van Drunen      
      Anton Feenstra           Oliver Fleetwood            Vytas Gapsys       
       Gaurav Garg             Gerrit Groenhof            Bert de Groot       
      Anca Hamuraru           Vincent Hindriksen          Victor Holanda      
     Aleksei Iupinov              Joe Jordan            Christoph Junghans    
    Prashanth Kanduri        Dimitrios Karkoulis           Peter Kasson       
      Sebastian Kehl           Sebastian Keller             Jiri Kraus        
       Per Larsson              Viveca Lindahl            Erik Marklund       
    Pieter Meulenhoff           Teemu Murtola              Sander Pronk       
      Alfons Sijbers            Balint Soproni         David van der Spoel    
      Peter Tieleman            Carsten Uphoff             Jon Vincent        
     Teemu Virolainen         Christian Wennberg           Maarten Wolf       
      Artem Zhmurov       

                  Coordinated by the GROMACS project leaders:
                           Berk Hess and Erik Lindahl

GROMACS:      gmx mdrun, version 2025.2
Executable:   /usr/local/gromacs/bin/gmx
Data prefix:  /usr/local/gromacs
Working dir:  /home/yongsang/Research/PSID_server_room/GROMACS/02
Process ID:   3182095
Command line:
  gmx mdrun -deffnm npt -ntmpi 1

GROMACS version:     2025.2
Precision:           mixed
Memory model:        64 bit
MPI library:         thread_mpi
OpenMP support:      enabled (GMX_OPENMP_MAX_THREADS = 128)
GPU support:         disabled
SIMD instructions:   AVX_512
CPU FFT library:     fftw-3.3.10-sse2-avx-avx2-avx2_128-avx512
GPU FFT library:     none
Multi-GPU FFT:       none
RDTSCP usage:        enabled
TNG support:         enabled
Hwloc support:       disabled
Tracing support:     disabled
C compiler:          /opt/rh/devtoolset-11/root/usr/bin/gcc GNU 11.2.1
C compiler flags:    -fexcess-precision=fast -funroll-all-loops -march=skylake-avx512 -Wno-missing-field-initializers -O3 -DNDEBUG
C++ compiler:        /opt/rh/devtoolset-11/root/usr/bin/g++ GNU 11.2.1
C++ compiler flags:  -fexcess-precision=fast -funroll-all-loops -march=skylake-avx512 -Wno-missing-field-initializers -Wno-cast-function-type-strict SHELL:-fopenmp -O3 -DNDEBUG
BLAS library:        External - detected on the system
LAPACK library:      External - detected on the system


Running on 1 node with total 36 cores, 36 processing units
Hardware detected on host ga00:
  CPU info:
    Vendor: Intel
    Brand:  Intel(R) Xeon(R) Gold 6354 CPU @ 3.00GHz
    Family: 6   Model: 106   Stepping: 6
    Features: aes apic avx avx2 avx512f avx512cd avx512bw avx512vl avx512secondFMA clfsh cmov cx8 cx16 f16c fma htt intel lahf mmx msr nonstop_tsc pcid pclmuldq pdcm pdpe1gb popcnt pse rdrnd rdtscp sha sse2 sse3 sse4.1 sse4.2 ssse3 tdt x2apic
    Number of AVX-512 FMA units: 2
  Hardware topology: Basic
    Packages, cores, and logical processors:
    [indices refer to OS logical processors]
      Package  0: [   0] [   2] [   4] [   6] [   8] [  10] [  12] [  14] [  16] [  18] [  20] [  22] [  24] [  26] [  28] [  30] [  32] [  34]
      Package  1: [   1] [   3] [   5] [   7] [   9] [  11] [  13] [  15] [  17] [  19] [  21] [  23] [  25] [  27] [  29] [  31] [  33] [  35]
    CPU limit set by OS: -1   Recommended max number of threads: 36


++++ PLEASE READ AND CITE THE FOLLOWING REFERENCE ++++
M. J. Abraham, T. Murtola, R. Schulz, S. Páll, J. C. Smith, B. Hess, E.
Lindahl
GROMACS: High performance molecular simulations through multi-level
parallelism from laptops to supercomputers
SoftwareX (2015)
DOI: 10.1016/j.softx.2015.06.001
-------- -------- --- Thank You --- -------- --------


++++ PLEASE READ AND CITE THE FOLLOWING REFERENCE ++++
S. Páll, M. J. Abraham, C. Kutzner, B. Hess, E. Lindahl
Tackling Exascale Software Challenges in Molecular Dynamics Simulations with
GROMACS
In S. Markidis & E. Laure (Eds.), Solving Software Challenges for Exascale (2015)
DOI: 10.1007/978-3-319-15976-8_1
-------- -------- --- Thank You --- -------- --------


++++ PLEASE READ AND CITE THE FOLLOWING REFERENCE ++++
S. Pronk, S. Páll, R. Schulz, P. Larsson, P. Bjelkmar, R. Apostolov, M. R.
Shirts, J. C. Smith, P. M. Kasson, D. van der Spoel, B. Hess, E. Lindahl
GROMACS 4.5: a high-throughput and highly parallel open source molecular
simulation toolkit
Bioinformatics (2013)
DOI: 10.1093/bioinformatics/btt055
-------- -------- --- Thank You --- -------- --------


++++ PLEASE READ AND CITE THE FOLLOWING REFERENCE ++++
B. Hess, C. Kutzner, D. van der Spoel, E. Lindahl
GROMACS 4: Algorithms for highly efficient, load-balanced, and scalable
molecular simulation
J. Chem. Theory Comput. (2008)
DOI: 10.1021/ct700301q
-------- -------- --- Thank You --- -------- --------


++++ PLEASE READ AND CITE THE FOLLOWING REFERENCE ++++
D. van der Spoel, E. Lindahl, B. Hess, G. Groenhof, A. E. Mark, H. J. C.
Berendsen
GROMACS: Fast, Flexible and Free
J. Comp. Chem. (2005)
DOI: 10.1002/jcc.20291
-------- -------- --- Thank You --- -------- --------


++++ PLEASE READ AND CITE THE FOLLOWING REFERENCE ++++
E. Lindahl, B. Hess, D. van der Spoel
GROMACS 3.0: A package for molecular simulation and trajectory analysis
J. Mol. Mod. (2001)
DOI: 10.1007/s008940100045
-------- -------- --- Thank You --- -------- --------


++++ PLEASE READ AND CITE THE FOLLOWING REFERENCE ++++
H. J. C. Berendsen, D. van der Spoel and R. van Drunen
GROMACS: A message-passing parallel molecular dynamics implementation
Comp. Phys. Comm. (1995)
DOI: 10.1016/0010-4655(95)00042-E
-------- -------- --- Thank You --- -------- --------


++++ PLEASE CITE THE DOI FOR THIS VERSION OF GROMACS ++++
https://doi.org/10.5281/zenodo.15387018
-------- -------- --- Thank You --- -------- --------

Input Parameters:
   integrator                     = md
   tinit                          = 0
   dt                             = 0.002
   nsteps                         = 50000
   init-step                      = 0
   simulation-part                = 1
   mts                            = false
   mass-repartition-factor        = 1
   comm-mode                      = Linear
   nstcomm                        = 100
   bd-fric                        = 0
   ld-seed                        = -336727121
   emtol                          = 10
   emstep                         = 0.01
   niter                          = 20
   fcstep                         = 0
   nstcgsteep                     = 1000
   nbfgscorr                      = 10
   rtpi                           = 0.05
   nstxout                        = 1000
   nstvout                        = 1000
   nstfout                        = 0
   nstlog                         = 1000
   nstcalcenergy                  = 100
   nstenergy                      = 1000
   nstxout-compressed             = 0
   compressed-x-precision         = 1000
   cutoff-scheme                  = Verlet
   nstlist                        = 10
   pbc                            = xyz
   periodic-molecules             = false
   verlet-buffer-tolerance        = 0.005
   verlet-buffer-pressure-tolerance = 0.5
   rlist                          = 1
   coulombtype                    = PME
   coulomb-modifier               = Potential-shift
   rcoulomb-switch                = 0
   rcoulomb                       = 1
   epsilon-r                      = 1
   epsilon-rf                     = inf
   vdw-type                       = Cut-off
   vdw-modifier                   = Potential-shift
   rvdw-switch                    = 0
   rvdw                           = 1
   DispCorr                       = No
   table-extension                = 1
   fourierspacing                 = 0.12
   fourier-nx                     = 28
   fourier-ny                     = 28
   fourier-nz                     = 28
   pme-order                      = 4
   ewald-rtol                     = 1e-05
   ewald-rtol-lj                  = 0.001
   lj-pme-comb-rule               = Geometric
   ewald-geometry                 = 3d
   epsilon-surface                = 0
   ensemble-temperature-setting   = constant
   ensemble-temperature           = 300
   tcoupl                         = V-rescale
   nsttcouple                     = 10
   nh-chain-length                = 0
   print-nose-hoover-chain-variables = false
   pcoupl                         = Parrinello-Rahman
   pcoupltype                     = Isotropic
   nstpcouple                     = 50
   tau-p                          = 2
   compressibility (3x3):
      compressibility[    0]={ 4.50000e-05,  0.00000e+00,  0.00000e+00}
      compressibility[    1]={ 0.00000e+00,  4.50000e-05,  0.00000e+00}
      compressibility[    2]={ 0.00000e+00,  0.00000e+00,  4.50000e-05}
   ref-p (3x3):
      ref-p[    0]={ 1.00000e+00,  0.00000e+00,  0.00000e+00}
      ref-p[    1]={ 0.00000e+00,  1.00000e+00,  0.00000e+00}
      ref-p[    2]={ 0.00000e+00,  0.00000e+00,  1.00000e+00}
   refcoord-scaling               = COM
   posres-com (1x3):
      posres-com[    0]={ 4.92406e-01,  5.08045e-01,  5.37074e-01}
   posres-comB (1x3):
      posres-comB[    0]={ 4.92406e-01,  5.08045e-01,  5.37074e-01}
   QMMM                           = false
qm-opts:
   ngQM                           = 0
   constraint-algorithm           = Lincs
   continuation                   = true
   Shake-SOR                      = false
   shake-tol                      = 0.0001
   lincs-order                    = 4
   lincs-iter                     = 1
   lincs-warnangle                = 30
   nwall                          = 0
   wall-type                      = 9-3
   wall-r-linpot                  = -1
   wall-atomtype[0]               = -1
   wall-atomtype[1]               = -1
   wall-density[0]                = 0
   wall-density[1]                = 0
   wall-ewald-zfac                = 3
   pull                           = false
   awh                            = false
   rotation                       = false
   interactiveMD                  = false
   disre                          = No
   disre-weighting                = Conservative
   disre-mixed                    = false
   dr-fc                          = 1000
   dr-tau                         = 0
   nstdisreout                    = 100
   orire-fc                       = 0
   orire-tau                      = 0
   nstorireout                    = 100
   free-energy                    = no
   cos-acceleration               = 0
   deform (3x3):
      deform[    0]={ 0.00000e+00,  0.00000e+00,  0.00000e+00}
      deform[    1]={ 0.00000e+00,  0.00000e+00,  0.00000e+00}
      deform[    2]={ 0.00000e+00,  0.00000e+00,  0.00000e+00}
   simulated-tempering            = false
   swapcoords                     = no
   userint1                       = 0
   userint2                       = 0
   userint3                       = 0
   userint4                       = 0
   userreal1                      = 0
   userreal2                      = 0
   userreal3                      = 0
   userreal4                      = 0
   applied-forces:
     electric-field:
       x:
         E0                       = 0
         omega                    = 0
         t0                       = 0
         sigma                    = 0
       y:
         E0                       = 0
         omega                    = 0
         t0                       = 0
         sigma                    = 0
       z:
         E0                       = 0
         omega                    = 0
         t0                       = 0
         sigma                    = 0
     density-guided-simulation:
       active                     = false
       group                      = protein
       similarity-measure         = inner-product
       atom-spreading-weight      = unity
       force-constant             = 1e+09
       gaussian-transform-spreading-width = 0.2
       gaussian-transform-spreading-range-in-multiples-of-width = 4
       reference-density-filename = reference.mrc
       nst                        = 1
       normalize-densities        = true
       adaptive-force-scaling     = false
       adaptive-force-scaling-time-constant = 4
       shift-vector               = 
       transformation-matrix      = 
     qmmm-cp2k:
       active                     = false
       qmgroup                    = System
       qmmethod                   = PBE
       qmfilenames                = 
       qmcharge                   = 0
       qmmultiplicity             = 1
     colvars:
       active                     = false
       configfile                 = 
       seed                       = -1
     nnpot:
       active                     = false
       modelfile                  = model.pt
       input-group                = System
       model-input1               = 
       model-input2               = 
       model-input3               = 
       model-input4               = 
grpopts:
   nrdf:        5596
   ref-t:         300
   tau-t:         0.1
annealing:          No
annealing-npoints:           0
   acc:	           0           0           0
   nfreeze:           N           N           N
   energygrp-flags[  0]: 0

Changing nstlist from 10 to 50, rlist from 1 to 1.112

Update groups can not be used for this system because atoms that are (in)directly constrained together are interdispersed with other atoms

Initializing Domain Decomposition on 1 ranks
Dynamic load balancing: auto
Minimum cell size due to atom displacement: 0.872 nm
Initial maximum distances in bonded interactions:
    two-body bonded interactions: 0.376 nm, LJ-14, atoms 1 11
  multi-body bonded interactions: 0.376 nm, Ryckaert-Bell., atoms 1 11
Minimum cell size due to bonded interactions: 0.414 nm
Maximum distance for 5 constraints, at 120 deg. angles, all-trans: 0.678 nm
Estimated maximum distance required for P-LINCS: 0.678 nm
Using 0 separate PME ranks because: there are too few total ranks for efficient splitting
Optimizing the DD grid for 1 cells with a minimum initial size of 0.872 nm
The maximum allowed number of cells is: X 3 Y 3 Z 3
Domain decomposition grid 1 x 1 x 1, separate PME ranks 0
PME domain decomposition: 1 x 1 x 1

The initial number of communication pulses is:
The initial domain decomposition cell size is:

The maximum allowed distance for atoms involved in interactions is:
                 non-bonded interactions           1.112 nm
(the following are initial values, they could change due to box deformation)
            two-body bonded interactions  (-rdd)   1.112 nm
          multi-body bonded interactions  (-rdd)   1.112 nm
  atoms separated by up to 5 constraints  (-rcon)  3.054 nm

When dynamic load balancing gets turned on, these settings will change to:
The maximum number of communication pulses is:
The minimum size for domain decomposition cells is 1.112 nm
The requested allowed shrink of DD cells (option -dds) is: 0.80
The allowed shrink of domain decomposition cells is:
The maximum allowed distance for atoms involved in interactions is:
                 non-bonded interactions           1.112 nm
            two-body bonded interactions  (-rdd)   1.112 nm
          multi-body bonded interactions  (-rdd)   1.112 nm
  atoms separated by up to 5 constraints  (-rcon)  1.112 nm

Local state does not use filler particles

Using 1 MPI thread
Using 36 OpenMP threads 

System total charge: 0.100
Will do PME sum in reciprocal space for electrostatic interactions.

++++ PLEASE READ AND CITE THE FOLLOWING REFERENCE ++++
U. Essmann, L. Perera, M. L. Berkowitz, T. Darden, H. Lee, L. G. Pedersen 
A smooth particle mesh Ewald method
J. Chem. Phys. (1995)
DOI: 10.1063/1.470117
-------- -------- --- Thank You --- -------- --------

Using a Gaussian width (1/beta) of 0.320163 nm for Ewald
Potential shift: LJ r^-12: -1.000e+00 r^-6: -1.000e+00, Ewald -1.000e-05
Initialized non-bonded Coulomb Ewald tables, spacing: 9.33e-04 size: 1073

Generated table with 1056 data points for 1-4 COUL.
Tabscale = 500 points/nm
Generated table with 1056 data points for 1-4 LJ6.
Tabscale = 500 points/nm
Generated table with 1056 data points for 1-4 LJ12.
Tabscale = 500 points/nm


Using SIMD2xMM 4x8 nonbonded short-range kernels

Using a dual 4x8 pair-list setup updated with dynamic pruning:
  outer list: updated every 50 steps, buffer 0.112 nm, rlist 1.112 nm
  inner list: updated every 10 steps, buffer 0.000 nm, rlist 1.000 nm
At tolerance 0.005 kJ/mol/ps per atom, equivalent classical 1x1 list would be:
  outer list: updated every 50 steps, buffer 0.237 nm, rlist 1.237 nm
  inner list: updated every 10 steps, buffer 0.036 nm, rlist 1.036 nm

The average pressure is off by at most 0.35 bar due to missing LJ interactions

Using Geometric Lennard-Jones combination rule

Linking all bonded interactions to atoms


Pinning threads with an auto-selected logical cpu stride of 1

Initializing Parallel LINear Constraint Solver

++++ PLEASE READ AND CITE THE FOLLOWING REFERENCE ++++
B. Hess
P-LINCS: A Parallel Linear Constraint Solver for molecular simulation
J. Chem. Theory Comput. (2008)
DOI: 10.1021/ct700200b
-------- -------- --- Thank You --- -------- --------

The number of constraints is 8
There are constraints between atoms in different decomposition domains,
will communicate selected coordinates each lincs iteration

++++ PLEASE READ AND CITE THE FOLLOWING REFERENCE ++++
S. Miyamoto, P. A. Kollman
SETTLE: An Analytical Version of the SHAKE and RATTLE Algorithms for Rigid
Water Models
J. Comp. Chem. (1992)
DOI: 10.1002/jcc.540130805
-------- -------- --- Thank You --- -------- --------


++++ PLEASE READ AND CITE THE FOLLOWING REFERENCE ++++
G. Bussi, D. Donadio, M. Parrinello
Canonical sampling through velocity rescaling
J. Chem. Phys. (2007)
DOI: 10.1063/1.2408420
-------- -------- --- Thank You --- -------- --------

There are: 2797 Atoms
Atom distribution over 1 domains: av 2797 stddev 0 min 2797 max 2797
Center of mass motion removal mode is Linear
We have the following groups for center of mass motion removal:
  0:  rest

Started mdrun on rank 0 Fri May 16 14:39:10 2025

           Step           Time
              0        0.00000

   Energies (kJ/mol)
          Angle Ryckaert-Bell.          LJ-14     Coulomb-14        LJ (SR)
    2.29655e+01    3.57549e+00    7.55241e-01   -4.19958e+01    6.07166e+03
   Coulomb (SR)   Coul. recip. Position Rest.      Potential    Kinetic En.
   -4.31891e+04    2.39100e+02    9.06568e-04   -3.68930e+04    6.90145e+03
   Total Energy  Conserved En.    Temperature Pressure (bar)   Constr. rmsd
   -2.99916e+04   -2.99899e+04    2.96660e+02    7.06700e+02    4.47849e-06

           Step           Time
           1000        2.00000

   Energies (kJ/mol)
          Angle Ryckaert-Bell.          LJ-14     Coulomb-14        LJ (SR)
    4.18239e+01    3.57896e+00    1.99725e+00   -4.16032e+01    5.65684e+03
   Coulomb (SR)   Coul. recip. Position Rest.      Potential    Kinetic En.
   -4.29508e+04    2.21755e+02    9.15790e+00   -3.70573e+04    7.07533e+03
   Total Energy  Conserved En.    Temperature Pressure (bar)   Constr. rmsd
   -2.99820e+04   -2.99552e+04    3.04134e+02   -1.38948e+02    1.40229e-06

           Step           Time
           2000        4.00000

   Energies (kJ/mol)
          Angle Ryckaert-Bell.          LJ-14     Coulomb-14        LJ (SR)
    1.91403e+01    4.11349e+00    7.44867e-02   -4.14083e+01    5.75665e+03
   Coulomb (SR)   Coul. recip. Position Rest.      Potential    Kinetic En.
   -4.31854e+04    2.15722e+02    1.27626e+01   -3.72183e+04    7.05963e+03
   Total Energy  Conserved En.    Temperature Pressure (bar)   Constr. rmsd
   -3.01587e+04   -2.99416e+04    3.03459e+02   -3.34776e+02    3.73029e-06

           Step           Time
           3000        6.00000

   Energies (kJ/mol)
          Angle Ryckaert-Bell.          LJ-14     Coulomb-14        LJ (SR)
    7.29346e+00   -1.54657e+00    7.16983e+00   -4.18775e+01    5.76538e+03
   Coulomb (SR)   Coul. recip. Position Rest.      Potential    Kinetic En.
   -4.27932e+04    2.58916e+02    1.49757e+01   -3.67829e+04    6.96143e+03
   Total Energy  Conserved En.    Temperature Pressure (bar)   Constr. rmsd
   -2.98215e+04   -2.99078e+04    2.99238e+02    1.14094e+02    2.54614e-06

           Step           Time
           4000        8.00000

   Energies (kJ/mol)
          Angle Ryckaert-Bell.          LJ-14     Coulomb-14        LJ (SR)
    1.15197e+01    6.71885e-01    2.51990e+00   -4.14442e+01    5.80205e+03
   Coulomb (SR)   Coul. recip. Position Rest.      Potential    Kinetic En.
   -4.31386e+04    2.22035e+02    9.06339e+00   -3.71322e+04    6.96054e+03
   Total Energy  Conserved En.    Temperature Pressure (bar)   Constr. rmsd
   -3.01717e+04   -2.99013e+04    2.99200e+02   -3.59007e+02    5.11772e-06

           Step           Time
           5000       10.00000

   Energies (kJ/mol)
          Angle Ryckaert-Bell.          LJ-14     Coulomb-14        LJ (SR)
    2.56532e+01    1.65623e+00    7.57303e-01   -4.29815e+01    5.87829e+03
   Coulomb (SR)   Coul. recip. Position Rest.      Potential    Kinetic En.
   -4.30434e+04    2.52974e+02    7.17648e+00   -3.69198e+04    7.09181e+03
   Total Energy  Conserved En.    Temperature Pressure (bar)   Constr. rmsd
   -2.98280e+04   -2.98658e+04    3.04842e+02    3.08565e+02    5.48719e-07

           Step           Time
           6000       12.00000

   Energies (kJ/mol)
          Angle Ryckaert-Bell.          LJ-14     Coulomb-14        LJ (SR)
    1.56666e+01    2.59716e+00    1.37445e-01   -4.05880e+01    6.15446e+03
   Coulomb (SR)   Coul. recip. Position Rest.      Potential    Kinetic En.
   -4.38146e+04    2.17034e+02    1.71867e+01   -3.74481e+04    6.85020e+03
   Total Energy  Conserved En.    Temperature Pressure (bar)   Constr. rmsd
   -3.05979e+04   -2.98560e+04    2.94457e+02    4.05969e+02    4.81402e-06

           Step           Time
           7000       14.00000

   Energies (kJ/mol)
          Angle Ryckaert-Bell.          LJ-14     Coulomb-14        LJ (SR)
    1.52520e+01    3.97926e+00    1.28224e+00   -4.22673e+01    6.28852e+03
   Coulomb (SR)   Coul. recip. Position Rest.      Potential    Kinetic En.
   -4.36102e+04    2.57219e+02    2.13451e+00   -3.70841e+04    7.00680e+03
   Total Energy  Conserved En.    Temperature Pressure (bar)   Constr. rmsd
   -3.00773e+04   -2.98184e+04    3.01188e+02    1.08126e+03    3.11894e-06

           Step           Time
           8000       16.00000

   Energies (kJ/mol)
          Angle Ryckaert-Bell.          LJ-14     Coulomb-14        LJ (SR)
    9.46789e+00    1.30135e+00    5.27298e+00   -4.23308e+01    5.97296e+03
   Coulomb (SR)   Coul. recip. Position Rest.      Potential    Kinetic En.
   -4.34069e+04    2.26355e+02    7.82089e+00   -3.72260e+04    7.08106e+03
   Total Energy  Conserved En.    Temperature Pressure (bar)   Constr. rmsd
   -3.01450e+04   -2.98145e+04    3.04380e+02    1.60646e+02    1.60421e-06

           Step           Time
           9000       18.00000

   Energies (kJ/mol)
          Angle Ryckaert-Bell.          LJ-14     Coulomb-14        LJ (SR)
    7.37210e+00    1.57327e+00    2.81313e+00   -4.17603e+01    5.87813e+03
   Coulomb (SR)   Coul. recip. Position Rest.      Potential    Kinetic En.
   -4.27283e+04    2.60748e+02    1.12037e+01   -3.66083e+04    6.96553e+03
   Total Energy  Conserved En.    Temperature Pressure (bar)   Constr. rmsd
   -2.96427e+04   -2.98194e+04    2.99414e+02   -1.40667e+01    2.71708e-06

           Step           Time
          10000       20.00000

   Energies (kJ/mol)
          Angle Ryckaert-Bell.          LJ-14     Coulomb-14        LJ (SR)
    1.99146e+01    3.09837e+00   -1.22472e-01   -4.12592e+01    5.81639e+03
   Coulomb (SR)   Coul. recip. Position Rest.      Potential    Kinetic En.
   -4.28797e+04    2.46536e+02    7.38481e+00   -3.68278e+04    7.01372e+03
   Total Energy  Conserved En.    Temperature Pressure (bar)   Constr. rmsd
   -2.98141e+04   -2.98154e+04    3.01485e+02   -1.65057e+02    2.78823e-06

           Step           Time
          11000       22.00000

   Energies (kJ/mol)
          Angle Ryckaert-Bell.          LJ-14     Coulomb-14        LJ (SR)
    1.26935e+01    3.04660e+00    2.55036e+00   -4.14344e+01    5.67692e+03
   Coulomb (SR)   Coul. recip. Position Rest.      Potential    Kinetic En.
   -4.25696e+04    2.34821e+02    1.67670e+01   -3.66643e+04    7.05180e+03
   Total Energy  Conserved En.    Temperature Pressure (bar)   Constr. rmsd
   -2.96125e+04   -2.98042e+04    3.03122e+02   -4.37624e+02    2.46802e-06

           Step           Time
          12000       24.00000

   Energies (kJ/mol)
          Angle Ryckaert-Bell.          LJ-14     Coulomb-14        LJ (SR)
    1.15676e+01   -3.47828e-02    5.76118e+00   -4.12323e+01    6.04454e+03
   Coulomb (SR)   Coul. recip. Position Rest.      Potential    Kinetic En.
   -4.32773e+04    2.23252e+02    1.74648e+01   -3.70160e+04    6.84941e+03
   Total Energy  Conserved En.    Temperature Pressure (bar)   Constr. rmsd
   -3.01665e+04   -2.97414e+04    2.94423e+02    3.27231e+02    3.55336e-06

           Step           Time
          13000       26.00000

   Energies (kJ/mol)
          Angle Ryckaert-Bell.          LJ-14     Coulomb-14        LJ (SR)
    6.30069e+00    5.98326e+00    5.12945e-01   -4.20812e+01    5.77055e+03
   Coulomb (SR)   Coul. recip. Position Rest.      Potential    Kinetic En.
   -4.28965e+04    2.48270e+02    8.54404e+00   -3.68984e+04    6.94097e+03
   Total Energy  Conserved En.    Temperature Pressure (bar)   Constr. rmsd
   -2.99574e+04   -2.97352e+04    2.98358e+02   -1.68515e+02    5.94502e-06

           Step           Time
          14000       28.00000

   Energies (kJ/mol)
          Angle Ryckaert-Bell.          LJ-14     Coulomb-14        LJ (SR)
    1.00011e+01    4.07113e+00   -9.97027e-02   -4.13031e+01    5.62499e+03
   Coulomb (SR)   Coul. recip. Position Rest.      Potential    Kinetic En.
   -4.27611e+04    2.35151e+02    1.98850e+01   -3.69084e+04    7.05104e+03
   Total Energy  Conserved En.    Temperature Pressure (bar)   Constr. rmsd
   -2.98573e+04   -2.97351e+04    3.03090e+02   -3.95796e+02    7.05960e-06

           Step           Time
          15000       30.00000

   Energies (kJ/mol)
          Angle Ryckaert-Bell.          LJ-14     Coulomb-14        LJ (SR)
    1.41016e+01    2.74105e-01    2.98225e+00   -4.13988e+01    5.89601e+03
   Coulomb (SR)   Coul. recip. Position Rest.      Potential    Kinetic En.
   -4.30413e+04    2.62019e+02    1.65280e+01   -3.68908e+04    6.76743e+03
   Total Energy  Conserved En.    Temperature Pressure (bar)   Constr. rmsd
   -3.01234e+04   -2.97225e+04    2.90899e+02    3.40535e+02    1.64548e-06

           Step           Time
          16000       32.00000

   Energies (kJ/mol)
          Angle Ryckaert-Bell.          LJ-14     Coulomb-14        LJ (SR)
    9.23699e+00    3.88954e+00   -1.64204e-01   -4.13334e+01    5.90667e+03
   Coulomb (SR)   Coul. recip. Position Rest.      Potential    Kinetic En.
   -4.30566e+04    2.69354e+02    4.67886e+00   -3.69042e+04    6.86315e+03
   Total Energy  Conserved En.    Temperature Pressure (bar)   Constr. rmsd
   -3.00411e+04   -2.97083e+04    2.95013e+02   -4.12739e+01    2.25869e-06

           Step           Time
          17000       34.00000

   Energies (kJ/mol)
          Angle Ryckaert-Bell.          LJ-14     Coulomb-14        LJ (SR)
    1.49708e+01   -1.96828e+00    4.94009e+00   -4.18060e+01    5.79113e+03
   Coulomb (SR)   Coul. recip. Position Rest.      Potential    Kinetic En.
   -4.29515e+04    2.34849e+02    1.23672e+01   -3.69370e+04    6.63662e+03
   Total Energy  Conserved En.    Temperature Pressure (bar)   Constr. rmsd
   -3.03004e+04   -2.96959e+04    2.85276e+02   -5.85276e+01    2.58543e-06

           Step           Time
          18000       36.00000

   Energies (kJ/mol)
          Angle Ryckaert-Bell.          LJ-14     Coulomb-14        LJ (SR)
    5.12185e+00    1.66988e+00    7.28801e-01   -4.10920e+01    5.77654e+03
   Coulomb (SR)   Coul. recip. Position Rest.      Potential    Kinetic En.
   -4.31712e+04    2.27421e+02    4.06530e+00   -3.71968e+04    7.01396e+03
   Total Energy  Conserved En.    Temperature Pressure (bar)   Constr. rmsd
   -3.01828e+04   -2.96936e+04    3.01496e+02   -2.94170e+02    8.46208e-06

           Step           Time
          19000       38.00000

   Energies (kJ/mol)
          Angle Ryckaert-Bell.          LJ-14     Coulomb-14        LJ (SR)
    1.34978e+01    2.36280e+00    2.93554e+00   -4.16899e+01    5.75573e+03
   Coulomb (SR)   Coul. recip. Position Rest.      Potential    Kinetic En.
   -4.29484e+04    2.37132e+02    9.80838e+00   -3.69686e+04    7.12539e+03
   Total Energy  Conserved En.    Temperature Pressure (bar)   Constr. rmsd
   -2.98433e+04   -2.96912e+04    3.06286e+02   -5.03889e+02    2.73508e-06

           Step           Time
          20000       40.00000

   Energies (kJ/mol)
          Angle Ryckaert-Bell.          LJ-14     Coulomb-14        LJ (SR)
    2.61533e+01    2.79246e+00   -4.67668e-01   -4.09063e+01    5.46341e+03
   Coulomb (SR)   Coul. recip. Position Rest.      Potential    Kinetic En.
   -4.26677e+04    2.56681e+02    3.99582e+00   -3.69560e+04    7.04171e+03
   Total Energy  Conserved En.    Temperature Pressure (bar)   Constr. rmsd
   -2.99143e+04   -2.96822e+04    3.02689e+02   -7.72688e+02    2.83490e-06

           Step           Time
          21000       42.00000

   Energies (kJ/mol)
          Angle Ryckaert-Bell.          LJ-14     Coulomb-14        LJ (SR)
    3.27636e+01    5.07013e+00    1.29422e+00   -4.42967e+01    5.78578e+03
   Coulomb (SR)   Coul. recip. Position Rest.      Potential    Kinetic En.
   -4.31092e+04    2.15660e+02    1.38323e+01   -3.70990e+04    6.98101e+03
   Total Energy  Conserved En.    Temperature Pressure (bar)   Constr. rmsd
   -3.01180e+04   -2.96841e+04    3.00080e+02   -1.97256e+02    2.00950e-06

           Step           Time
          22000       44.00000

   Energies (kJ/mol)
          Angle Ryckaert-Bell.          LJ-14     Coulomb-14        LJ (SR)
    1.35351e+01    1.30810e+00    1.89930e+00   -4.12909e+01    5.88372e+03
   Coulomb (SR)   Coul. recip. Position Rest.      Potential    Kinetic En.
   -4.32315e+04    2.19846e+02    1.13357e+01   -3.71411e+04    6.86196e+03
   Total Energy  Conserved En.    Temperature Pressure (bar)   Constr. rmsd
   -3.02792e+04   -2.96820e+04    2.94962e+02   -3.69070e+02    3.15173e-06

           Step           Time
          23000       46.00000

   Energies (kJ/mol)
          Angle Ryckaert-Bell.          LJ-14     Coulomb-14        LJ (SR)
    1.14819e+01    4.08880e+00   -5.73496e-01   -4.17467e+01    5.62559e+03
   Coulomb (SR)   Coul. recip. Position Rest.      Potential    Kinetic En.
   -4.27310e+04    2.49143e+02    6.14729e+00   -3.68768e+04    6.81053e+03
   Total Energy  Conserved En.    Temperature Pressure (bar)   Constr. rmsd
   -3.00663e+04   -2.96654e+04    2.92752e+02   -4.79338e+02    3.24093e-06

           Step           Time
          24000       48.00000

   Energies (kJ/mol)
          Angle Ryckaert-Bell.          LJ-14     Coulomb-14        LJ (SR)
    2.11775e+01    5.51361e+00   -3.26576e-01   -4.17609e+01    6.04770e+03
   Coulomb (SR)   Coul. recip. Position Rest.      Potential    Kinetic En.
   -4.34068e+04    2.50528e+02    8.72193e+00   -3.71153e+04    7.14461e+03
   Total Energy  Conserved En.    Temperature Pressure (bar)   Constr. rmsd
   -2.99707e+04   -2.96522e+04    3.07112e+02    5.40284e+02    4.04895e-06

           Step           Time
          25000       50.00000

   Energies (kJ/mol)
          Angle Ryckaert-Bell.          LJ-14     Coulomb-14        LJ (SR)
    1.10258e+01   -6.80453e-01    1.55808e+00   -4.11499e+01    5.88200e+03
   Coulomb (SR)   Coul. recip. Position Rest.      Potential    Kinetic En.
   -4.32573e+04    2.41566e+02    7.42447e+00   -3.71556e+04    6.94640e+03
   Total Energy  Conserved En.    Temperature Pressure (bar)   Constr. rmsd
   -3.02092e+04   -2.96402e+04    2.98592e+02    2.56799e+02    2.07421e-06

           Step           Time
          26000       52.00000

   Energies (kJ/mol)
          Angle Ryckaert-Bell.          LJ-14     Coulomb-14        LJ (SR)
    1.15967e+01    7.69982e+00   -3.02788e-01   -4.15245e+01    5.63002e+03
   Coulomb (SR)   Coul. recip. Position Rest.      Potential    Kinetic En.
   -4.27340e+04    2.38830e+02    3.43181e+00   -3.68843e+04    7.09173e+03
   Total Energy  Conserved En.    Temperature Pressure (bar)   Constr. rmsd
   -2.97925e+04   -2.96239e+04    3.04839e+02   -1.44546e+02    1.65033e-06

           Step           Time
          27000       54.00000

   Energies (kJ/mol)
          Angle Ryckaert-Bell.          LJ-14     Coulomb-14        LJ (SR)
    8.00959e+00    2.88442e+00   -1.38990e-01   -4.08542e+01    5.86772e+03
   Coulomb (SR)   Coul. recip. Position Rest.      Potential    Kinetic En.
   -4.28479e+04    2.58139e+02    3.83816e+00   -3.67483e+04    6.93307e+03
   Total Energy  Conserved En.    Temperature Pressure (bar)   Constr. rmsd
   -2.98152e+04   -2.96053e+04    2.98019e+02   -7.01566e+01    5.08988e-06

           Step           Time
          28000       56.00000

   Energies (kJ/mol)
          Angle Ryckaert-Bell.          LJ-14     Coulomb-14        LJ (SR)
    1.29749e+01   -5.26142e-01    1.20242e+00   -4.13050e+01    6.01268e+03
   Coulomb (SR)   Coul. recip. Position Rest.      Potential    Kinetic En.
   -4.31189e+04    2.42006e+02    1.28622e+01   -3.68790e+04    6.98213e+03
   Total Energy  Conserved En.    Temperature Pressure (bar)   Constr. rmsd
   -2.98968e+04   -2.96040e+04    3.00128e+02    2.72958e+02    5.53128e-06

           Step           Time
          29000       58.00000

   Energies (kJ/mol)
          Angle Ryckaert-Bell.          LJ-14     Coulomb-14        LJ (SR)
    2.76538e+01    6.42827e+00    3.06902e+00   -4.06688e+01    5.56831e+03
   Coulomb (SR)   Coul. recip. Position Rest.      Potential    Kinetic En.
   -4.25199e+04    2.57501e+02    6.32142e+00   -3.66913e+04    6.96808e+03
   Total Energy  Conserved En.    Temperature Pressure (bar)   Constr. rmsd
   -2.97232e+04   -2.96099e+04    2.99524e+02   -3.22255e+02    5.46143e-06

           Step           Time
          30000       60.00000

   Energies (kJ/mol)
          Angle Ryckaert-Bell.          LJ-14     Coulomb-14        LJ (SR)
    5.30544e+00    3.15509e+00    1.48114e-01   -4.11580e+01    5.80718e+03
   Coulomb (SR)   Coul. recip. Position Rest.      Potential    Kinetic En.
   -4.28187e+04    2.53980e+02    7.59498e+00   -3.67825e+04    6.96657e+03
   Total Energy  Conserved En.    Temperature Pressure (bar)   Constr. rmsd
   -2.98160e+04   -2.95764e+04    2.99459e+02   -2.84155e+02    1.71681e-06

           Step           Time
          31000       62.00000

   Energies (kJ/mol)
          Angle Ryckaert-Bell.          LJ-14     Coulomb-14        LJ (SR)
    1.99836e+01    6.22054e-01   -1.40464e-01   -4.15906e+01    5.97240e+03
   Coulomb (SR)   Coul. recip. Position Rest.      Potential    Kinetic En.
   -4.30690e+04    2.63676e+02    8.10100e+00   -3.68459e+04    7.12503e+03
   Total Energy  Conserved En.    Temperature Pressure (bar)   Constr. rmsd
   -2.97209e+04   -2.95096e+04    3.06270e+02    1.38137e+02    1.97821e-06

           Step           Time
          32000       64.00000

   Energies (kJ/mol)
          Angle Ryckaert-Bell.          LJ-14     Coulomb-14        LJ (SR)
    5.13641e+00    5.90528e+00    5.53592e-01   -4.18924e+01    6.17876e+03
   Coulomb (SR)   Coul. recip. Position Rest.      Potential    Kinetic En.
   -4.32712e+04    2.45030e+02    7.95308e+00   -3.68697e+04    7.12857e+03
   Total Energy  Conserved En.    Temperature Pressure (bar)   Constr. rmsd
   -2.97412e+04   -2.95139e+04    3.06422e+02    6.48113e+02    4.29717e-06

           Step           Time
          33000       66.00000

   Energies (kJ/mol)
          Angle Ryckaert-Bell.          LJ-14     Coulomb-14        LJ (SR)
    1.32416e+01    3.39104e+00    1.97642e-01   -4.21838e+01    5.78815e+03
   Coulomb (SR)   Coul. recip. Position Rest.      Potential    Kinetic En.
   -4.25988e+04    2.29048e+02    1.35585e+01   -3.65934e+04    6.95834e+03
   Total Energy  Conserved En.    Temperature Pressure (bar)   Constr. rmsd
   -2.96351e+04   -2.95033e+04    2.99105e+02   -1.76335e+01    1.32411e-06

           Step           Time
          34000       68.00000

   Energies (kJ/mol)
          Angle Ryckaert-Bell.          LJ-14     Coulomb-14        LJ (SR)
    2.41023e+01   -5.08129e-01    6.35598e-01   -4.06113e+01    5.70061e+03
   Coulomb (SR)   Coul. recip. Position Rest.      Potential    Kinetic En.
   -4.30100e+04    2.26696e+02    1.69589e+01   -3.70822e+04    7.00795e+03
   Total Energy  Conserved En.    Temperature Pressure (bar)   Constr. rmsd
   -3.00742e+04   -2.94976e+04    3.01237e+02   -3.74315e+02    3.81313e-06

           Step           Time
          35000       70.00000

   Energies (kJ/mol)
          Angle Ryckaert-Bell.          LJ-14     Coulomb-14        LJ (SR)
    1.82387e+01    3.86355e+00    2.40068e-01   -4.14973e+01    5.77703e+03
   Coulomb (SR)   Coul. recip. Position Rest.      Potential    Kinetic En.
   -4.29540e+04    2.19871e+02    7.19200e+00   -3.69690e+04    7.32882e+03
   Total Energy  Conserved En.    Temperature Pressure (bar)   Constr. rmsd
   -2.96402e+04   -2.95013e+04    3.15030e+02   -1.59245e+01    5.29849e-06

           Step           Time
          36000       72.00000

   Energies (kJ/mol)
          Angle Ryckaert-Bell.          LJ-14     Coulomb-14        LJ (SR)
    1.89442e+01    3.08672e+00    1.33777e+00   -4.16333e+01    6.17528e+03
   Coulomb (SR)   Coul. recip. Position Rest.      Potential    Kinetic En.
   -4.35266e+04    2.37199e+02    1.21136e+01   -3.71203e+04    7.04796e+03
   Total Energy  Conserved En.    Temperature Pressure (bar)   Constr. rmsd
   -3.00723e+04   -2.94802e+04    3.02957e+02    9.43109e+02    1.96740e-06

           Step           Time
          37000       74.00000

   Energies (kJ/mol)
          Angle Ryckaert-Bell.          LJ-14     Coulomb-14        LJ (SR)
    1.65930e+01    2.48727e+00    1.26356e+00   -4.18633e+01    6.14346e+03
   Coulomb (SR)   Coul. recip. Position Rest.      Potential    Kinetic En.
   -4.33649e+04    2.24686e+02    9.46855e+00   -3.70088e+04    6.75529e+03
   Total Energy  Conserved En.    Temperature Pressure (bar)   Constr. rmsd
   -3.02535e+04   -2.94541e+04    2.90377e+02    8.05271e+02    2.95269e-06

           Step           Time
          38000       76.00000

   Energies (kJ/mol)
          Angle Ryckaert-Bell.          LJ-14     Coulomb-14        LJ (SR)
    1.07002e+01    9.95858e-01    5.09583e-01   -4.09701e+01    5.87571e+03
   Coulomb (SR)   Coul. recip. Position Rest.      Potential    Kinetic En.
   -4.30006e+04    2.39642e+02    1.42171e+01   -3.68998e+04    6.89287e+03
   Total Energy  Conserved En.    Temperature Pressure (bar)   Constr. rmsd
   -3.00070e+04   -2.94449e+04    2.96291e+02   -6.33773e+00    5.97070e-06

           Step           Time
          39000       78.00000

   Energies (kJ/mol)
          Angle Ryckaert-Bell.          LJ-14     Coulomb-14        LJ (SR)
    1.82070e+01    4.98571e+00   -8.80437e-02   -4.12389e+01    5.95283e+03
   Coulomb (SR)   Coul. recip. Position Rest.      Potential    Kinetic En.
   -4.31780e+04    2.36073e+02    4.45227e+00   -3.70027e+04    6.80242e+03
   Total Energy  Conserved En.    Temperature Pressure (bar)   Constr. rmsd
   -3.02003e+04   -2.94464e+04    2.92403e+02    1.19572e+01    6.58881e-06

           Step           Time
          40000       80.00000

   Energies (kJ/mol)
          Angle Ryckaert-Bell.          LJ-14     Coulomb-14        LJ (SR)
    1.25513e+01    5.41104e+00   -2.62704e-01   -4.12222e+01    6.37244e+03
   Coulomb (SR)   Coul. recip. Position Rest.      Potential    Kinetic En.
   -4.36637e+04    2.46463e+02    1.05987e+01   -3.70577e+04    7.14979e+03
   Total Energy  Conserved En.    Temperature Pressure (bar)   Constr. rmsd
   -2.99079e+04   -2.94487e+04    3.07334e+02    9.93049e+02    5.22179e-06

           Step           Time
          41000       82.00000

   Energies (kJ/mol)
          Angle Ryckaert-Bell.          LJ-14     Coulomb-14        LJ (SR)
    1.87546e+01   -3.13643e+00    1.37227e+00   -4.14251e+01    5.63396e+03
   Coulomb (SR)   Coul. recip. Position Rest.      Potential    Kinetic En.
   -4.28445e+04    2.46923e+02    1.47348e+01   -3.69733e+04    6.56129e+03
   Total Energy  Conserved En.    Temperature Pressure (bar)   Constr. rmsd
   -3.04120e+04   -2.94143e+04    2.82038e+02   -7.70695e+02    4.24246e-06

           Step           Time
          42000       84.00000

   Energies (kJ/mol)
          Angle Ryckaert-Bell.          LJ-14     Coulomb-14        LJ (SR)
    1.09529e+01    6.75720e+00    7.18603e-01   -4.11854e+01    5.78562e+03
   Coulomb (SR)   Coul. recip. Position Rest.      Potential    Kinetic En.
   -4.30212e+04    2.58409e+02    7.71453e+00   -3.69922e+04    7.00780e+03
   Total Energy  Conserved En.    Temperature Pressure (bar)   Constr. rmsd
   -2.99844e+04   -2.93970e+04    3.01231e+02   -4.83033e+02    3.94050e-06

           Step           Time
          43000       86.00000

   Energies (kJ/mol)
          Angle Ryckaert-Bell.          LJ-14     Coulomb-14        LJ (SR)
    7.52259e+00   -1.87777e+00    2.40415e+00   -4.14126e+01    5.45997e+03
   Coulomb (SR)   Coul. recip. Position Rest.      Potential    Kinetic En.
   -4.24684e+04    2.52245e+02    1.07527e+01   -3.67788e+04    7.07420e+03
   Total Energy  Conserved En.    Temperature Pressure (bar)   Constr. rmsd
   -2.97046e+04   -2.93727e+04    3.04085e+02   -5.95648e+02    3.97059e-06

           Step           Time
          44000       88.00000

   Energies (kJ/mol)
          Angle Ryckaert-Bell.          LJ-14     Coulomb-14        LJ (SR)
    1.06965e+01   -2.12641e+00    6.01685e+00   -4.16208e+01    5.84178e+03
   Coulomb (SR)   Coul. recip. Position Rest.      Potential    Kinetic En.
   -4.33299e+04    2.30046e+02    1.24510e+01   -3.72727e+04    7.04749e+03
   Total Energy  Conserved En.    Temperature Pressure (bar)   Constr. rmsd
   -3.02252e+04   -2.93697e+04    3.02937e+02   -6.59281e+01    1.70434e-06

           Step           Time
          45000       90.00000

   Energies (kJ/mol)
          Angle Ryckaert-Bell.          LJ-14     Coulomb-14        LJ (SR)
    1.12935e+01   -2.63612e+00    1.02551e+00   -4.04205e+01    5.63397e+03
   Coulomb (SR)   Coul. recip. Position Rest.      Potential    Kinetic En.
   -4.26604e+04    2.59155e+02    1.52643e+01   -3.67827e+04    7.11171e+03
   Total Energy  Conserved En.    Temperature Pressure (bar)   Constr. rmsd
   -2.96710e+04   -2.93580e+04    3.05698e+02   -5.45373e+02    4.24414e-06

           Step           Time
          46000       92.00000

   Energies (kJ/mol)
          Angle Ryckaert-Bell.          LJ-14     Coulomb-14        LJ (SR)
    1.04785e+01    6.67489e+00   -3.89500e-01   -4.09566e+01    5.88498e+03
   Coulomb (SR)   Coul. recip. Position Rest.      Potential    Kinetic En.
   -4.28638e+04    2.50422e+02    8.18424e+00   -3.67444e+04    6.96974e+03
   Total Energy  Conserved En.    Temperature Pressure (bar)   Constr. rmsd
   -2.97747e+04   -2.93516e+04    2.99595e+02    3.14324e+02    5.69107e-06

           Step           Time
          47000       94.00000

   Energies (kJ/mol)
          Angle Ryckaert-Bell.          LJ-14     Coulomb-14        LJ (SR)
    1.86571e+01    2.91647e+00    5.31278e-02   -4.23236e+01    6.12017e+03
   Coulomb (SR)   Coul. recip. Position Rest.      Potential    Kinetic En.
   -4.31335e+04    2.54260e+02    1.65760e+01   -3.67632e+04    6.92905e+03
   Total Energy  Conserved En.    Temperature Pressure (bar)   Constr. rmsd
   -2.98342e+04   -2.93517e+04    2.97846e+02    6.27016e+02    7.05566e-07

           Step           Time
          48000       96.00000

   Energies (kJ/mol)
          Angle Ryckaert-Bell.          LJ-14     Coulomb-14        LJ (SR)
    2.02261e+01    6.66928e-01    5.08939e-01   -4.01869e+01    5.97655e+03
   Coulomb (SR)   Coul. recip. Position Rest.      Potential    Kinetic En.
   -4.31121e+04    2.47028e+02    2.13226e+01   -3.68860e+04    7.14305e+03
   Total Energy  Conserved En.    Temperature Pressure (bar)   Constr. rmsd
   -2.97429e+04   -2.93094e+04    3.07045e+02    6.65270e+02    9.36668e-06

           Step           Time
          49000       98.00000

   Energies (kJ/mol)
          Angle Ryckaert-Bell.          LJ-14     Coulomb-14        LJ (SR)
    2.29859e+01    1.26081e+00   -2.08814e-01   -4.20073e+01    6.15153e+03
   Coulomb (SR)   Coul. recip. Position Rest.      Potential    Kinetic En.
   -4.31680e+04    2.28357e+02    1.09813e+01   -3.67951e+04    6.88799e+03
   Total Energy  Conserved En.    Temperature Pressure (bar)   Constr. rmsd
   -2.99071e+04   -2.92581e+04    2.96081e+02    5.13305e+02    6.62313e-06

           Step           Time
          50000      100.00000

Writing checkpoint, step 50000 at Fri May 16 14:39:20 2025


   Energies (kJ/mol)
          Angle Ryckaert-Bell.          LJ-14     Coulomb-14        LJ (SR)
    4.51074e+00    3.10580e+00   -9.32639e-02   -4.13334e+01    5.89585e+03
   Coulomb (SR)   Coul. recip. Position Rest.      Potential    Kinetic En.
   -4.33165e+04    2.56370e+02    4.27768e+00   -3.71938e+04    7.11600e+03
   Total Energy  Conserved En.    Temperature Pressure (bar)   Constr. rmsd
   -3.00778e+04   -2.92268e+04    3.05882e+02    6.99243e+01    3.19601e-06


Energy conservation over simulation part #1 of length 100 ps, time 0 to 100 ps
  Conserved energy drift: 2.73e-03 kJ/mol/ps per atom


	<======  ###############  ==>
	<====  A V E R A G E S  ====>
	<==  ###############  ======>

	Statistics over 50001 steps using 501 frames

   Energies (kJ/mol)
          Angle Ryckaert-Bell.          LJ-14     Coulomb-14        LJ (SR)
    1.42488e+01    2.30093e+00    1.28017e+00   -4.15164e+01    5.84366e+03
   Coulomb (SR)   Coul. recip. Position Rest.      Potential    Kinetic En.
   -4.30229e+04    2.40108e+02    1.04106e+01   -3.69524e+04    6.98477e+03
   Total Energy  Conserved En.    Temperature Pressure (bar)   Constr. rmsd
   -2.99676e+04   -2.96165e+04    3.00241e+02    1.03745e+01    0.00000e+00

          Box-X          Box-Y          Box-Z
    3.06265e+00    3.06265e+00    3.06265e+00

   Total Virial (kJ/mol)
    2.31773e+03   -8.90216e+00    2.44272e+01
   -8.89917e+00    2.32009e+03   -1.28065e+01
    2.44349e+01   -1.28222e+01    2.32955e+03

   Pressure (bar)
    1.61627e+01    1.67742e+01   -3.21495e+01
    1.67708e+01    1.61338e+01    1.79336e+01
   -3.21584e+01    1.79516e+01   -1.17299e+00


	M E G A - F L O P S   A C C O U N T I N G

 NB=Group-cutoff nonbonded kernels    NxN=N-by-N cluster Verlet kernels
 RF=Reaction-Field  VdW=Van der Waals  QSTab=quadratic-spline table
 W3=SPC/TIP3p  W4=TIP4p (single or pairs)
 V&F=Potential and force  V=Potential only  F=Force only

 Computing:                               M-Number         M-Flops  % Flops
-----------------------------------------------------------------------------
 Pair Search distance check            1161.024850       10449.224     0.2
 NxN Ewald Elec. + LJ [F]             41509.098624     2739600.509    48.1
 NxN Ewald Elec. + LJ [V&F]             420.115152       44952.321     0.8
 NxN LJ [F]                               5.602272         184.875     0.0
 NxN LJ [V&F]                             0.047328           2.035     0.0
 NxN Ewald Elec. [F]                  40404.471872     2464672.784    43.3
 NxN Ewald Elec. [V&F]                  408.929136       34350.047     0.6
 1,4 nonbonded interactions               0.300006          27.001     0.0
 Calc Weights                           419.558391       15104.102     0.3
 Spread Q Bspline                      8950.579008       17901.158     0.3
 Gather F Bspline                      8950.579008       53703.474     0.9
 3D-FFT                               31659.933186      253279.465     4.5
 Solve PME                              588.011760       37632.753     0.7
 Reset In Box                             2.797000           8.391     0.0
 CG-CoM                                   2.799797           8.399     0.0
 Angles                                   0.550011          92.402     0.0
 RB-Dihedrals                             0.300006          74.101     0.0
 Pos. Restr.                              0.300006          15.000     0.0
 Virial                                   2.844842          51.207     0.0
 Stop-CM                                  1.401297          14.013     0.0
 Calc-Ekin                               27.975594         755.341     0.0
 Lincs                                    0.400008          24.000     0.0
 Lincs-Mat                                6.600132          26.401     0.0
 Constraint-V                           140.002800        1260.025     0.0
 Constraint-Vir                           2.794792          67.075     0.0
 Settle                                  46.400928       17168.343     0.3
-----------------------------------------------------------------------------
 Total                                                 5691424.448   100.0
-----------------------------------------------------------------------------


    D O M A I N   D E C O M P O S I T I O N   S T A T I S T I C S

 av. #atoms communicated per step for force:  2 x 0.0
 av. #atoms communicated per step for LINCS:  2 x 0.0


      R E A L   C Y C L E   A N D   T I M E   A C C O U N T I N G

On 1 MPI rank, each using 36 OpenMP threads

 Activity:              Num   Num      Call    Wall time         Giga-Cycles
                        Ranks Threads  Count      (s)         total sum    %
--------------------------------------------------------------------------------
 Domain decomp.            1   36       1000       0.277         29.872   2.7
 Neighbor search           1   36       1001       0.195         21.063   1.9
 Force                     1   36      50001       2.765        297.929  27.2
 PME mesh                  1   36      50001       3.761        405.244  36.9
 NB X/F buffer ops.        1   36     100002       0.800         86.223   7.9
 Write traj.               1   36         51       0.033          3.526   0.3
 Update                    1   36      50001       0.344         37.094   3.4
 Constraints               1   36      50001       1.818        195.921  17.9
 Kinetic energy            1   36      10001       0.047          5.023   0.5
 Rest                                              0.143         15.444   1.4
--------------------------------------------------------------------------------
 Total                                            10.185       1097.340 100.0
--------------------------------------------------------------------------------
 Breakdown of PME mesh activities
--------------------------------------------------------------------------------
 PME spread                1   36      50001       1.425        153.524  14.0
 PME gather                1   36      50001       1.021        110.049  10.0
 PME 3D-FFT                1   36     100002       1.196        128.872  11.7
 PME solve Elec            1   36      50001       0.043          4.650   0.4
--------------------------------------------------------------------------------

               Core t (s)   Wall t (s)        (%)
       Time:      366.633       10.185     3599.9
                 (ns/day)    (hour/ns)
Performance:      848.362        0.028
Finished mdrun on rank 0 Fri May 16 14:39:20 2025

